
  .   ____          _            __ _ _
 /\\ / ___'_ __ _ _(_)_ __  __ _ \ \ \ \
( ( )\___ | '_ | '_| | '_ \/ _` | \ \ \ \
 \\/  ___)| |_)| | | | | || (_| |  ) ) ) )
  '  |____| .__|_| |_|_| |_\__, | / / / /
 =========|_|==============|___/=/_/_/_/
 :: Spring Boot ::                (v2.7.2)

2022-09-06 00:08:42.892  INFO 83518 --- [           main] c.e.f.FlJavaGatewayApplication           : Starting FlJavaGatewayApplication using Java 18.0.2 on hmaid with PID 83518 (/home/hamid/Documents/fl-java-gateway/build/libs/fl-java-gateway-0.0.1-SNAPSHOT.jar started by hamid in /home/hamid/Documents/fl-java-gateway)
2022-09-06 00:08:42.927 DEBUG 83518 --- [           main] c.e.f.FlJavaGatewayApplication           : Running with Spring Boot v2.7.2, Spring v5.3.22
2022-09-06 00:08:42.928  INFO 83518 --- [           main] c.e.f.FlJavaGatewayApplication           : No active profile set, falling back to 1 default profile: "default"
2022-09-06 00:08:49.293  INFO 83518 --- [           main] o.s.b.w.embedded.tomcat.TomcatWebServer  : Tomcat initialized with port(s): 8083 (http)
2022-09-06 00:08:49.340  INFO 83518 --- [           main] o.apache.catalina.core.StandardService   : Starting service [Tomcat]
2022-09-06 00:08:49.343  INFO 83518 --- [           main] org.apache.catalina.core.StandardEngine  : Starting Servlet engine: [Apache Tomcat/9.0.65]
2022-09-06 00:08:49.685  INFO 83518 --- [           main] o.a.c.c.C.[Tomcat].[localhost].[/]       : Initializing Spring embedded WebApplicationContext
2022-09-06 00:08:49.686  INFO 83518 --- [           main] w.s.c.ServletWebServerApplicationContext : Root WebApplicationContext: initialization completed in 6397 ms
2022-09-06 00:08:53.107  INFO 83518 --- [           main] com.example.fljavagateway.BlockchainBl   : Using org2Contract for defaultContract
2022-09-06 00:08:53.108  INFO 83518 --- [           main] com.example.fljavagateway.BlockchainBl   : --fl.aggregator.organization=org1
2022-09-06 00:08:53.108  INFO 83518 --- [           main] com.example.fljavagateway.BlockchainBl   : Using org1Contract for aggregatorContract
2022-09-06 00:08:53.224 DEBUG 83518 --- [           main] com.example.fljavagateway.SocketHandler  : Hi!
2022-09-06 00:08:53.362  INFO 83518 --- [           main] com.example.fljavagateway.EventListener  : Start listening for events...
2022-09-06 00:08:56.152  INFO 83518 --- [           main] o.s.b.w.embedded.tomcat.TomcatWebServer  : Tomcat started on port(s): 8083 (http) with context path ''
2022-09-06 00:08:56.173  INFO 83518 --- [           main] c.e.f.FlJavaGatewayApplication           : Started FlJavaGatewayApplication in 15.212 seconds (JVM running for 17.698)
2022-09-06 00:09:22.765  INFO 83518 --- [nio-8083-exec-1] o.a.c.c.C.[Tomcat].[localhost].[/]       : Initializing Spring DispatcherServlet 'dispatcherServlet'
2022-09-06 00:09:22.765  INFO 83518 --- [nio-8083-exec-1] o.s.web.servlet.DispatcherServlet        : Initializing Servlet 'dispatcherServlet'
2022-09-06 00:09:22.766  INFO 83518 --- [nio-8083-exec-1] o.s.web.servlet.DispatcherServlet        : Completed initialization in 1 ms
2022-09-06 00:09:23.085  INFO 83518 --- [nio-8083-exec-3] com.example.fljavagateway.SocketHandler  : New socket connected successfully.
2022-09-06 00:09:25.245  INFO 83518 --- [onPool-worker-2] com.example.fljavagateway.EventListener  : 
<-- Chaincode event received: CREATE_MODEL_METADATA_EVENT - {
  "modelId": "99354",
  "name": "model1",
  "clientsPerRound": 2,
  "secretsPerClient": 2,
  "status": "initiated",
  "trainingRounds": 10,
  "currentRound": 0
}
2022-09-06 00:09:27.329  INFO 83518 --- [onPool-worker-2] com.example.fljavagateway.EventListener  : 
<-- Chaincode event received: START_TRAINING_EVENT - {
  "modelId": "99354",
  "name": "model1",
  "clientsPerRound": 2,
  "secretsPerClient": 2,
  "status": "started",
  "trainingRounds": 10,
  "currentRound": 0
}
2022-09-06 00:10:00.014  INFO 83518 --- [onPool-worker-2] com.example.fljavagateway.EventListener  : 
<-- Chaincode event received: MODEL_SECRET_ADDED_EVENT - {
  "modelId": "99354",
  "round": 0,
  "datasetSize": 30000
}
2022-09-06 00:10:00.295  INFO 83518 --- [onPool-worker-2] com.example.fljavagateway.EventListener  : 
<-- Chaincode event received: MODEL_SECRET_ADDED_EVENT - {
  "modelId": "99354",
  "round": 0,
  "datasetSize": 30000
}
2022-09-06 00:10:01.385  INFO 83518 --- [onPool-worker-2] com.example.fljavagateway.EventListener  : 
<-- Chaincode event received: MODEL_SECRET_ADDED_EVENT - {
  "modelId": "99354",
  "round": 0,
  "datasetSize": 30000
}
2022-09-06 00:10:02.665  INFO 83518 --- [onPool-worker-2] com.example.fljavagateway.EventListener  : 
<-- Chaincode event received: MODEL_SECRET_ADDED_EVENT - {
  "modelId": "99354",
  "round": 0,
  "datasetSize": 30000
}
2022-09-06 00:10:12.837  INFO 83518 --- [onPool-worker-2] com.example.fljavagateway.EventListener  : 
<-- Chaincode event received: AGGREGATED_SECRET_ADDED_EVENT - {
  "modelId": "99354",
  "round": 0
}
2022-09-06 00:10:13.305  INFO 83518 --- [onPool-worker-2] com.example.fljavagateway.EventListener  : 
<-- Chaincode event received: AGGREGATED_SECRET_ADDED_EVENT - {
  "modelId": "99354",
  "round": 0
}
2022-09-06 00:17:49.604  INFO 83518 --- [nio-8083-exec-9] com.example.fljavagateway.SocketHandler  : New socket connected successfully.
2022-09-06 00:17:51.643  INFO 83518 --- [onPool-worker-2] com.example.fljavagateway.EventListener  : 
<-- Chaincode event received: CREATE_MODEL_METADATA_EVENT - {
  "modelId": "32077",
  "name": "model1",
  "clientsPerRound": 2,
  "secretsPerClient": 2,
  "status": "initiated",
  "trainingRounds": 10,
  "currentRound": 0
}
2022-09-06 00:17:53.724  INFO 83518 --- [onPool-worker-2] com.example.fljavagateway.EventListener  : 
<-- Chaincode event received: START_TRAINING_EVENT - {
  "modelId": "32077",
  "name": "model1",
  "clientsPerRound": 2,
  "secretsPerClient": 2,
  "status": "started",
  "trainingRounds": 10,
  "currentRound": 0
}
2022-09-06 00:18:28.391  INFO 83518 --- [onPool-worker-2] com.example.fljavagateway.EventListener  : 
<-- Chaincode event received: MODEL_SECRET_ADDED_EVENT - {
  "modelId": "32077",
  "round": 0,
  "datasetSize": 30000
}
2022-09-06 00:18:28.671  INFO 83518 --- [onPool-worker-2] com.example.fljavagateway.EventListener  : 
<-- Chaincode event received: MODEL_SECRET_ADDED_EVENT - {
  "modelId": "32077",
  "round": 0,
  "datasetSize": 30000
}
2022-09-06 00:18:29.456  INFO 83518 --- [onPool-worker-2] com.example.fljavagateway.EventListener  : 
<-- Chaincode event received: MODEL_SECRET_ADDED_EVENT - {
  "modelId": "32077",
  "round": 0,
  "datasetSize": 30000
}
2022-09-06 00:18:29.513  INFO 83518 --- [onPool-worker-2] com.example.fljavagateway.EventListener  : 
<-- Chaincode event received: MODEL_SECRET_ADDED_EVENT - {
  "modelId": "32077",
  "round": 0,
  "datasetSize": 30000
}
2022-09-06 00:18:40.143  INFO 83518 --- [onPool-worker-2] com.example.fljavagateway.EventListener  : 
<-- Chaincode event received: AGGREGATED_SECRET_ADDED_EVENT - {
  "modelId": "32077",
  "round": 0
}
2022-09-06 00:18:40.362  INFO 83518 --- [onPool-worker-2] com.example.fljavagateway.EventListener  : 
<-- Chaincode event received: AGGREGATED_SECRET_ADDED_EVENT - {
  "modelId": "32077",
  "round": 0
}
2022-09-06 00:32:20.726  INFO 83518 --- [nio-8083-exec-4] com.example.fljavagateway.SocketHandler  : New socket connected successfully.
2022-09-06 00:32:22.772  INFO 83518 --- [onPool-worker-2] com.example.fljavagateway.EventListener  : 
<-- Chaincode event received: CREATE_MODEL_METADATA_EVENT - {
  "modelId": "95492",
  "name": "model1",
  "clientsPerRound": 2,
  "secretsPerClient": 2,
  "status": "initiated",
  "trainingRounds": 10,
  "currentRound": 0
}
2022-09-06 00:32:24.920  INFO 83518 --- [onPool-worker-2] com.example.fljavagateway.EventListener  : 
<-- Chaincode event received: START_TRAINING_EVENT - {
  "modelId": "95492",
  "name": "model1",
  "clientsPerRound": 2,
  "secretsPerClient": 2,
  "status": "started",
  "trainingRounds": 10,
  "currentRound": 0
}
2022-09-06 00:33:02.199  INFO 83518 --- [onPool-worker-2] com.example.fljavagateway.EventListener  : 
<-- Chaincode event received: MODEL_SECRET_ADDED_EVENT - {
  "modelId": "95492",
  "round": 0,
  "datasetSize": 30000
}
2022-09-06 00:33:03.893  INFO 83518 --- [onPool-worker-2] com.example.fljavagateway.EventListener  : 
<-- Chaincode event received: MODEL_SECRET_ADDED_EVENT - {
  "modelId": "95492",
  "round": 0,
  "datasetSize": 30000
}
2022-09-06 00:33:08.449  INFO 83518 --- [onPool-worker-2] com.example.fljavagateway.EventListener  : 
<-- Chaincode event received: MODEL_SECRET_ADDED_EVENT - {
  "modelId": "95492",
  "round": 0,
  "datasetSize": 30000
}
2022-09-06 00:33:09.822  INFO 83518 --- [onPool-worker-2] com.example.fljavagateway.EventListener  : 
<-- Chaincode event received: MODEL_SECRET_ADDED_EVENT - {
  "modelId": "95492",
  "round": 0,
  "datasetSize": 30000
}
2022-09-06 00:33:19.582  INFO 83518 --- [onPool-worker-2] com.example.fljavagateway.EventListener  : 
<-- Chaincode event received: AGGREGATED_SECRET_ADDED_EVENT - {
  "modelId": "95492",
  "round": 0
}
2022-09-06 00:33:19.854  INFO 83518 --- [onPool-worker-2] com.example.fljavagateway.EventListener  : 
<-- Chaincode event received: AGGREGATED_SECRET_ADDED_EVENT - {
  "modelId": "95492",
  "round": 0
}
2022-09-06 00:33:36.846  INFO 83518 --- [onPool-worker-2] com.example.fljavagateway.EventListener  : 
<-- Chaincode event received: ROUND_FINISHED_EVENT - {
  "modelId": "95492",
  "name": "model1",
  "clientsPerRound": 2,
  "secretsPerClient": 2,
  "status": "started",
  "trainingRounds": 10,
  "currentRound": 0
}
2022-09-06 00:34:37.812  INFO 83518 --- [onPool-worker-2] com.example.fljavagateway.EventListener  : 
<-- Chaincode event received: MODEL_SECRET_ADDED_EVENT - {
  "modelId": "95492",
  "round": 1,
  "datasetSize": 30000
}
2022-09-06 00:34:38.526  INFO 83518 --- [onPool-worker-2] com.example.fljavagateway.EventListener  : 
<-- Chaincode event received: MODEL_SECRET_ADDED_EVENT - {
  "modelId": "95492",
  "round": 1,
  "datasetSize": 30000
}
2022-09-06 00:34:38.699  INFO 83518 --- [onPool-worker-2] com.example.fljavagateway.EventListener  : 
<-- Chaincode event received: MODEL_SECRET_ADDED_EVENT - {
  "modelId": "95492",
  "round": 1,
  "datasetSize": 30000
}
2022-09-06 00:34:39.611  INFO 83518 --- [onPool-worker-2] com.example.fljavagateway.EventListener  : 
<-- Chaincode event received: MODEL_SECRET_ADDED_EVENT - {
  "modelId": "95492",
  "round": 1,
  "datasetSize": 30000
}
2022-09-06 00:34:49.254  INFO 83518 --- [onPool-worker-2] com.example.fljavagateway.EventListener  : 
<-- Chaincode event received: AGGREGATED_SECRET_ADDED_EVENT - {
  "modelId": "95492",
  "round": 1
}
2022-09-06 00:34:49.370  INFO 83518 --- [onPool-worker-2] com.example.fljavagateway.EventListener  : 
<-- Chaincode event received: AGGREGATED_SECRET_ADDED_EVENT - {
  "modelId": "95492",
  "round": 1
}
2022-09-06 00:35:05.641  INFO 83518 --- [onPool-worker-2] com.example.fljavagateway.EventListener  : 
<-- Chaincode event received: ROUND_FINISHED_EVENT - {
  "modelId": "95492",
  "name": "model1",
  "clientsPerRound": 2,
  "secretsPerClient": 2,
  "status": "started",
  "trainingRounds": 10,
  "currentRound": 1
}
2022-09-06 00:35:57.953  INFO 83518 --- [onPool-worker-2] com.example.fljavagateway.EventListener  : 
<-- Chaincode event received: MODEL_SECRET_ADDED_EVENT - {
  "modelId": "95492",
  "round": 2,
  "datasetSize": 30000
}
2022-09-06 00:35:59.166  INFO 83518 --- [onPool-worker-2] com.example.fljavagateway.EventListener  : 
<-- Chaincode event received: MODEL_SECRET_ADDED_EVENT - {
  "modelId": "95492",
  "round": 2,
  "datasetSize": 30000
}
2022-09-06 00:36:00.128  INFO 83518 --- [onPool-worker-2] com.example.fljavagateway.EventListener  : 
<-- Chaincode event received: MODEL_SECRET_ADDED_EVENT - {
  "modelId": "95492",
  "round": 2,
  "datasetSize": 30000
}
2022-09-06 00:36:00.629  INFO 83518 --- [onPool-worker-2] com.example.fljavagateway.EventListener  : 
<-- Chaincode event received: MODEL_SECRET_ADDED_EVENT - {
  "modelId": "95492",
  "round": 2,
  "datasetSize": 30000
}
2022-09-06 00:36:09.488  INFO 83518 --- [onPool-worker-2] com.example.fljavagateway.EventListener  : 
<-- Chaincode event received: AGGREGATED_SECRET_ADDED_EVENT - {
  "modelId": "95492",
  "round": 2
}
2022-09-06 00:36:09.636  INFO 83518 --- [onPool-worker-2] com.example.fljavagateway.EventListener  : 
<-- Chaincode event received: AGGREGATED_SECRET_ADDED_EVENT - {
  "modelId": "95492",
  "round": 2
}
2022-09-06 00:36:26.084  INFO 83518 --- [onPool-worker-2] com.example.fljavagateway.EventListener  : 
<-- Chaincode event received: ROUND_FINISHED_EVENT - {
  "modelId": "95492",
  "name": "model1",
  "clientsPerRound": 2,
  "secretsPerClient": 2,
  "status": "started",
  "trainingRounds": 10,
  "currentRound": 2
}
2022-09-06 00:37:26.318  INFO 83518 --- [onPool-worker-2] com.example.fljavagateway.EventListener  : 
<-- Chaincode event received: MODEL_SECRET_ADDED_EVENT - {
  "modelId": "95492",
  "round": 3,
  "datasetSize": 30000
}
2022-09-06 00:37:27.418  INFO 83518 --- [onPool-worker-2] com.example.fljavagateway.EventListener  : 
<-- Chaincode event received: MODEL_SECRET_ADDED_EVENT - {
  "modelId": "95492",
  "round": 3,
  "datasetSize": 30000
}
2022-09-06 00:37:57.473  INFO 83518 --- [onPool-worker-2] com.example.fljavagateway.EventListener  : 
<-- Chaincode event received: MODEL_SECRET_ADDED_EVENT - {
  "modelId": "95492",
  "round": 3,
  "datasetSize": 30000
}
2022-09-06 00:37:57.871  INFO 83518 --- [onPool-worker-2] com.example.fljavagateway.EventListener  : 
<-- Chaincode event received: MODEL_SECRET_ADDED_EVENT - {
  "modelId": "95492",
  "round": 3,
  "datasetSize": 30000
}
2022-09-06 00:38:08.981  INFO 83518 --- [onPool-worker-2] com.example.fljavagateway.EventListener  : 
<-- Chaincode event received: AGGREGATED_SECRET_ADDED_EVENT - {
  "modelId": "95492",
  "round": 3
}
2022-09-06 00:38:09.198  INFO 83518 --- [onPool-worker-2] com.example.fljavagateway.EventListener  : 
<-- Chaincode event received: AGGREGATED_SECRET_ADDED_EVENT - {
  "modelId": "95492",
  "round": 3
}
2022-09-06 00:38:25.324  INFO 83518 --- [onPool-worker-2] com.example.fljavagateway.EventListener  : 
<-- Chaincode event received: ROUND_FINISHED_EVENT - {
  "modelId": "95492",
  "name": "model1",
  "clientsPerRound": 2,
  "secretsPerClient": 2,
  "status": "started",
  "trainingRounds": 10,
  "currentRound": 3
}
2022-09-06 00:39:36.094  INFO 83518 --- [onPool-worker-2] com.example.fljavagateway.EventListener  : 
<-- Chaincode event received: MODEL_SECRET_ADDED_EVENT - {
  "modelId": "95492",
  "round": 4,
  "datasetSize": 30000
}
2022-09-06 00:39:37.321  INFO 83518 --- [onPool-worker-2] com.example.fljavagateway.EventListener  : 
<-- Chaincode event received: MODEL_SECRET_ADDED_EVENT - {
  "modelId": "95492",
  "round": 4,
  "datasetSize": 30000
}
2022-09-06 00:39:42.805  INFO 83518 --- [onPool-worker-2] com.example.fljavagateway.EventListener  : 
<-- Chaincode event received: MODEL_SECRET_ADDED_EVENT - {
  "modelId": "95492",
  "round": 4,
  "datasetSize": 30000
}
2022-09-06 00:39:43.633  INFO 83518 --- [onPool-worker-2] com.example.fljavagateway.EventListener  : 
<-- Chaincode event received: MODEL_SECRET_ADDED_EVENT - {
  "modelId": "95492",
  "round": 4,
  "datasetSize": 30000
}
2022-09-06 00:39:52.560  INFO 83518 --- [onPool-worker-2] com.example.fljavagateway.EventListener  : 
<-- Chaincode event received: AGGREGATED_SECRET_ADDED_EVENT - {
  "modelId": "95492",
  "round": 4
}
2022-09-06 00:39:52.780  INFO 83518 --- [onPool-worker-2] com.example.fljavagateway.EventListener  : 
<-- Chaincode event received: AGGREGATED_SECRET_ADDED_EVENT - {
  "modelId": "95492",
  "round": 4
}
2022-09-06 00:54:01.917  INFO 83518 --- [nio-8083-exec-4] com.example.fljavagateway.SocketHandler  : New socket connected successfully.
2022-09-06 00:54:03.324  INFO 83518 --- [onPool-worker-2] com.example.fljavagateway.EventListener  : 
<-- Chaincode event received: CREATE_MODEL_METADATA_EVENT - {
  "modelId": "93336",
  "name": "model1",
  "clientsPerRound": 2,
  "secretsPerClient": 2,
  "status": "initiated",
  "trainingRounds": 10,
  "currentRound": 0
}
2022-09-06 00:54:05.425  INFO 83518 --- [onPool-worker-2] com.example.fljavagateway.EventListener  : 
<-- Chaincode event received: START_TRAINING_EVENT - {
  "modelId": "93336",
  "name": "model1",
  "clientsPerRound": 2,
  "secretsPerClient": 2,
  "status": "started",
  "trainingRounds": 10,
  "currentRound": 0
}
2022-09-06 00:54:40.288  INFO 83518 --- [onPool-worker-2] com.example.fljavagateway.EventListener  : 
<-- Chaincode event received: MODEL_SECRET_ADDED_EVENT - {
  "modelId": "93336",
  "round": 0,
  "datasetSize": 30000
}
2022-09-06 00:54:41.911  INFO 83518 --- [onPool-worker-2] com.example.fljavagateway.EventListener  : 
<-- Chaincode event received: MODEL_SECRET_ADDED_EVENT - {
  "modelId": "93336",
  "round": 0,
  "datasetSize": 30000
}
2022-09-06 00:54:42.680  INFO 83518 --- [onPool-worker-2] com.example.fljavagateway.EventListener  : 
<-- Chaincode event received: MODEL_SECRET_ADDED_EVENT - {
  "modelId": "93336",
  "round": 0,
  "datasetSize": 30000
}
2022-09-06 00:54:43.960  INFO 83518 --- [onPool-worker-2] com.example.fljavagateway.EventListener  : 
<-- Chaincode event received: MODEL_SECRET_ADDED_EVENT - {
  "modelId": "93336",
  "round": 0,
  "datasetSize": 30000
}
2022-09-06 00:54:52.407  INFO 83518 --- [onPool-worker-2] com.example.fljavagateway.EventListener  : 
<-- Chaincode event received: AGGREGATED_SECRET_ADDED_EVENT - {
  "modelId": "93336",
  "round": 0
}
2022-09-06 00:54:52.800  INFO 83518 --- [onPool-worker-2] com.example.fljavagateway.EventListener  : 
<-- Chaincode event received: AGGREGATED_SECRET_ADDED_EVENT - {
  "modelId": "93336",
  "round": 0
}
2022-09-06 00:55:09.589  INFO 83518 --- [onPool-worker-2] com.example.fljavagateway.EventListener  : 
<-- Chaincode event received: ROUND_FINISHED_EVENT - {
  "modelId": "93336",
  "name": "model1",
  "clientsPerRound": 2,
  "secretsPerClient": 2,
  "status": "started",
  "trainingRounds": 10,
  "currentRound": 0
}
2022-09-06 00:55:52.527  INFO 83518 --- [onPool-worker-2] com.example.fljavagateway.EventListener  : 
<-- Chaincode event received: MODEL_SECRET_ADDED_EVENT - {
  "modelId": "93336",
  "round": 1,
  "datasetSize": 30000
}
2022-09-06 00:55:53.417  INFO 83518 --- [onPool-worker-2] com.example.fljavagateway.EventListener  : 
<-- Chaincode event received: MODEL_SECRET_ADDED_EVENT - {
  "modelId": "93336",
  "round": 1,
  "datasetSize": 30000
}
2022-09-06 00:55:53.542  INFO 83518 --- [onPool-worker-2] com.example.fljavagateway.EventListener  : 
<-- Chaincode event received: MODEL_SECRET_ADDED_EVENT - {
  "modelId": "93336",
  "round": 1,
  "datasetSize": 30000
}
2022-09-06 00:55:54.516  INFO 83518 --- [onPool-worker-2] com.example.fljavagateway.EventListener  : 
<-- Chaincode event received: MODEL_SECRET_ADDED_EVENT - {
  "modelId": "93336",
  "round": 1,
  "datasetSize": 30000
}
2022-09-06 00:56:03.951  INFO 83518 --- [onPool-worker-2] com.example.fljavagateway.EventListener  : 
<-- Chaincode event received: AGGREGATED_SECRET_ADDED_EVENT - {
  "modelId": "93336",
  "round": 1
}
2022-09-06 00:56:04.086  INFO 83518 --- [onPool-worker-2] com.example.fljavagateway.EventListener  : 
<-- Chaincode event received: AGGREGATED_SECRET_ADDED_EVENT - {
  "modelId": "93336",
  "round": 1
}
2022-09-06 00:56:20.882  INFO 83518 --- [onPool-worker-2] com.example.fljavagateway.EventListener  : 
<-- Chaincode event received: ROUND_FINISHED_EVENT - {
  "modelId": "93336",
  "name": "model1",
  "clientsPerRound": 2,
  "secretsPerClient": 2,
  "status": "started",
  "trainingRounds": 10,
  "currentRound": 1
}
2022-09-06 00:56:59.253  INFO 83518 --- [onPool-worker-2] com.example.fljavagateway.EventListener  : 
<-- Chaincode event received: MODEL_SECRET_ADDED_EVENT - {
  "modelId": "93336",
  "round": 2,
  "datasetSize": 30000
}
2022-09-06 00:56:59.434  INFO 83518 --- [onPool-worker-2] com.example.fljavagateway.EventListener  : 
<-- Chaincode event received: MODEL_SECRET_ADDED_EVENT - {
  "modelId": "93336",
  "round": 2,
  "datasetSize": 30000
}
2022-09-06 00:56:59.946  INFO 83518 --- [onPool-worker-2] com.example.fljavagateway.EventListener  : 
<-- Chaincode event received: MODEL_SECRET_ADDED_EVENT - {
  "modelId": "93336",
  "round": 2,
  "datasetSize": 30000
}
2022-09-06 00:57:00.186  INFO 83518 --- [onPool-worker-2] com.example.fljavagateway.EventListener  : 
<-- Chaincode event received: MODEL_SECRET_ADDED_EVENT - {
  "modelId": "93336",
  "round": 2,
  "datasetSize": 30000
}
2022-09-06 00:57:10.498  INFO 83518 --- [onPool-worker-2] com.example.fljavagateway.EventListener  : 
<-- Chaincode event received: AGGREGATED_SECRET_ADDED_EVENT - {
  "modelId": "93336",
  "round": 2
}
2022-09-06 00:57:10.646  INFO 83518 --- [onPool-worker-2] com.example.fljavagateway.EventListener  : 
<-- Chaincode event received: AGGREGATED_SECRET_ADDED_EVENT - {
  "modelId": "93336",
  "round": 2
}
2022-09-06 00:57:27.395  INFO 83518 --- [onPool-worker-2] com.example.fljavagateway.EventListener  : 
<-- Chaincode event received: ROUND_FINISHED_EVENT - {
  "modelId": "93336",
  "name": "model1",
  "clientsPerRound": 2,
  "secretsPerClient": 2,
  "status": "started",
  "trainingRounds": 10,
  "currentRound": 2
}
2022-09-06 00:58:06.545  INFO 83518 --- [onPool-worker-2] com.example.fljavagateway.EventListener  : 
<-- Chaincode event received: MODEL_SECRET_ADDED_EVENT - {
  "modelId": "93336",
  "round": 3,
  "datasetSize": 30000
}
2022-09-06 00:58:07.180  INFO 83518 --- [onPool-worker-2] com.example.fljavagateway.EventListener  : 
<-- Chaincode event received: MODEL_SECRET_ADDED_EVENT - {
  "modelId": "93336",
  "round": 3,
  "datasetSize": 30000
}
2022-09-06 00:58:07.379  INFO 83518 --- [onPool-worker-2] com.example.fljavagateway.EventListener  : 
<-- Chaincode event received: MODEL_SECRET_ADDED_EVENT - {
  "modelId": "93336",
  "round": 3,
  "datasetSize": 30000
}
2022-09-06 00:58:08.014  INFO 83518 --- [onPool-worker-2] com.example.fljavagateway.EventListener  : 
<-- Chaincode event received: MODEL_SECRET_ADDED_EVENT - {
  "modelId": "93336",
  "round": 3,
  "datasetSize": 30000
}
2022-09-06 00:58:17.723  INFO 83518 --- [onPool-worker-2] com.example.fljavagateway.EventListener  : 
<-- Chaincode event received: AGGREGATED_SECRET_ADDED_EVENT - {
  "modelId": "93336",
  "round": 3
}
2022-09-06 00:58:18.259  INFO 83518 --- [onPool-worker-2] com.example.fljavagateway.EventListener  : 
<-- Chaincode event received: AGGREGATED_SECRET_ADDED_EVENT - {
  "modelId": "93336",
  "round": 3
}
2022-09-06 00:58:33.991  INFO 83518 --- [onPool-worker-2] com.example.fljavagateway.EventListener  : 
<-- Chaincode event received: ROUND_FINISHED_EVENT - {
  "modelId": "93336",
  "name": "model1",
  "clientsPerRound": 2,
  "secretsPerClient": 2,
  "status": "started",
  "trainingRounds": 10,
  "currentRound": 3
}
2022-09-06 00:59:09.881  INFO 83518 --- [onPool-worker-2] com.example.fljavagateway.EventListener  : 
<-- Chaincode event received: MODEL_SECRET_ADDED_EVENT - {
  "modelId": "93336",
  "round": 4,
  "datasetSize": 30000
}
2022-09-06 00:59:11.026  INFO 83518 --- [onPool-worker-2] com.example.fljavagateway.EventListener  : 
<-- Chaincode event received: MODEL_SECRET_ADDED_EVENT - {
  "modelId": "93336",
  "round": 4,
  "datasetSize": 30000
}
2022-09-06 00:59:12.089  INFO 83518 --- [onPool-worker-2] com.example.fljavagateway.EventListener  : 
<-- Chaincode event received: MODEL_SECRET_ADDED_EVENT - {
  "modelId": "93336",
  "round": 4,
  "datasetSize": 30000
}
2022-09-06 00:59:12.487  INFO 83518 --- [onPool-worker-2] com.example.fljavagateway.EventListener  : 
<-- Chaincode event received: MODEL_SECRET_ADDED_EVENT - {
  "modelId": "93336",
  "round": 4,
  "datasetSize": 30000
}
2022-09-06 00:59:21.203  INFO 83518 --- [onPool-worker-2] com.example.fljavagateway.EventListener  : 
<-- Chaincode event received: AGGREGATED_SECRET_ADDED_EVENT - {
  "modelId": "93336",
  "round": 4
}
2022-09-06 00:59:22.049  INFO 83518 --- [onPool-worker-2] com.example.fljavagateway.EventListener  : 
<-- Chaincode event received: AGGREGATED_SECRET_ADDED_EVENT - {
  "modelId": "93336",
  "round": 4
}
2022-09-06 00:59:37.624  INFO 83518 --- [onPool-worker-2] com.example.fljavagateway.EventListener  : 
<-- Chaincode event received: ROUND_FINISHED_EVENT - {
  "modelId": "93336",
  "name": "model1",
  "clientsPerRound": 2,
  "secretsPerClient": 2,
  "status": "started",
  "trainingRounds": 10,
  "currentRound": 4
}
2022-09-06 01:01:06.547  INFO 83518 --- [onPool-worker-2] com.example.fljavagateway.EventListener  : 
<-- Chaincode event received: MODEL_SECRET_ADDED_EVENT - {
  "modelId": "93336",
  "round": 5,
  "datasetSize": 30000
}
2022-09-06 01:01:07.288  INFO 83518 --- [onPool-worker-2] com.example.fljavagateway.EventListener  : 
<-- Chaincode event received: MODEL_SECRET_ADDED_EVENT - {
  "modelId": "93336",
  "round": 5,
  "datasetSize": 30000
}
2022-09-06 01:01:07.422  INFO 83518 --- [onPool-worker-2] com.example.fljavagateway.EventListener  : 
<-- Chaincode event received: MODEL_SECRET_ADDED_EVENT - {
  "modelId": "93336",
  "round": 5,
  "datasetSize": 30000
}
2022-09-06 01:01:07.916  INFO 83518 --- [onPool-worker-2] com.example.fljavagateway.EventListener  : 
<-- Chaincode event received: MODEL_SECRET_ADDED_EVENT - {
  "modelId": "93336",
  "round": 5,
  "datasetSize": 30000
}
2022-09-06 01:01:17.883  INFO 83518 --- [onPool-worker-2] com.example.fljavagateway.EventListener  : 
<-- Chaincode event received: AGGREGATED_SECRET_ADDED_EVENT - {
  "modelId": "93336",
  "round": 5
}
2022-09-06 01:01:18.020  INFO 83518 --- [onPool-worker-2] com.example.fljavagateway.EventListener  : 
<-- Chaincode event received: AGGREGATED_SECRET_ADDED_EVENT - {
  "modelId": "93336",
  "round": 5
}
2022-09-06 01:01:34.076  INFO 83518 --- [onPool-worker-2] com.example.fljavagateway.EventListener  : 
<-- Chaincode event received: ROUND_FINISHED_EVENT - {
  "modelId": "93336",
  "name": "model1",
  "clientsPerRound": 2,
  "secretsPerClient": 2,
  "status": "started",
  "trainingRounds": 10,
  "currentRound": 5
}
2022-09-06 01:02:06.619  INFO 83518 --- [onPool-worker-2] com.example.fljavagateway.EventListener  : 
<-- Chaincode event received: MODEL_SECRET_ADDED_EVENT - {
  "modelId": "93336",
  "round": 6,
  "datasetSize": 30000
}
2022-09-06 01:02:06.789  INFO 83518 --- [onPool-worker-2] com.example.fljavagateway.EventListener  : 
<-- Chaincode event received: MODEL_SECRET_ADDED_EVENT - {
  "modelId": "93336",
  "round": 6,
  "datasetSize": 30000
}
2022-09-06 01:02:07.409  INFO 83518 --- [onPool-worker-2] com.example.fljavagateway.EventListener  : 
<-- Chaincode event received: MODEL_SECRET_ADDED_EVENT - {
  "modelId": "93336",
  "round": 6,
  "datasetSize": 30000
}
2022-09-06 01:02:07.534  INFO 83518 --- [onPool-worker-2] com.example.fljavagateway.EventListener  : 
<-- Chaincode event received: MODEL_SECRET_ADDED_EVENT - {
  "modelId": "93336",
  "round": 6,
  "datasetSize": 30000
}
2022-09-06 01:02:17.888  INFO 83518 --- [onPool-worker-2] com.example.fljavagateway.EventListener  : 
<-- Chaincode event received: AGGREGATED_SECRET_ADDED_EVENT - {
  "modelId": "93336",
  "round": 6
}
2022-09-06 01:02:18.006  INFO 83518 --- [onPool-worker-2] com.example.fljavagateway.EventListener  : 
<-- Chaincode event received: AGGREGATED_SECRET_ADDED_EVENT - {
  "modelId": "93336",
  "round": 6
}
2022-09-06 01:02:34.127  INFO 83518 --- [onPool-worker-2] com.example.fljavagateway.EventListener  : 
<-- Chaincode event received: ROUND_FINISHED_EVENT - {
  "modelId": "93336",
  "name": "model1",
  "clientsPerRound": 2,
  "secretsPerClient": 2,
  "status": "started",
  "trainingRounds": 10,
  "currentRound": 6
}
2022-09-06 01:03:09.900  INFO 83518 --- [onPool-worker-2] com.example.fljavagateway.EventListener  : 
<-- Chaincode event received: MODEL_SECRET_ADDED_EVENT - {
  "modelId": "93336",
  "round": 7,
  "datasetSize": 30000
}
2022-09-06 01:03:10.015  INFO 83518 --- [onPool-worker-2] com.example.fljavagateway.EventListener  : 
<-- Chaincode event received: MODEL_SECRET_ADDED_EVENT - {
  "modelId": "93336",
  "round": 7,
  "datasetSize": 30000
}
2022-09-06 01:03:10.441  INFO 83518 --- [onPool-worker-2] com.example.fljavagateway.EventListener  : 
<-- Chaincode event received: MODEL_SECRET_ADDED_EVENT - {
  "modelId": "93336",
  "round": 7,
  "datasetSize": 30000
}
2022-09-06 01:03:10.535  INFO 83518 --- [onPool-worker-2] com.example.fljavagateway.EventListener  : 
<-- Chaincode event received: MODEL_SECRET_ADDED_EVENT - {
  "modelId": "93336",
  "round": 7,
  "datasetSize": 30000
}
2022-09-06 01:03:21.265  INFO 83518 --- [onPool-worker-2] com.example.fljavagateway.EventListener  : 
<-- Chaincode event received: AGGREGATED_SECRET_ADDED_EVENT - {
  "modelId": "93336",
  "round": 7
}
2022-09-06 01:03:21.386  INFO 83518 --- [onPool-worker-2] com.example.fljavagateway.EventListener  : 
<-- Chaincode event received: AGGREGATED_SECRET_ADDED_EVENT - {
  "modelId": "93336",
  "round": 7
}
2022-09-06 01:03:37.450  INFO 83518 --- [onPool-worker-2] com.example.fljavagateway.EventListener  : 
<-- Chaincode event received: ROUND_FINISHED_EVENT - {
  "modelId": "93336",
  "name": "model1",
  "clientsPerRound": 2,
  "secretsPerClient": 2,
  "status": "started",
  "trainingRounds": 10,
  "currentRound": 7
}
2022-09-06 01:04:15.045  INFO 83518 --- [onPool-worker-2] com.example.fljavagateway.EventListener  : 
<-- Chaincode event received: MODEL_SECRET_ADDED_EVENT - {
  "modelId": "93336",
  "round": 8,
  "datasetSize": 30000
}
2022-09-06 01:04:15.212  INFO 83518 --- [onPool-worker-2] com.example.fljavagateway.EventListener  : 
<-- Chaincode event received: MODEL_SECRET_ADDED_EVENT - {
  "modelId": "93336",
  "round": 8,
  "datasetSize": 30000
}
2022-09-06 01:04:15.599  INFO 83518 --- [onPool-worker-2] com.example.fljavagateway.EventListener  : 
<-- Chaincode event received: MODEL_SECRET_ADDED_EVENT - {
  "modelId": "93336",
  "round": 8,
  "datasetSize": 30000
}
2022-09-06 01:04:15.789  INFO 83518 --- [onPool-worker-2] com.example.fljavagateway.EventListener  : 
<-- Chaincode event received: MODEL_SECRET_ADDED_EVENT - {
  "modelId": "93336",
  "round": 8,
  "datasetSize": 30000
}
2022-09-06 01:04:26.260  INFO 83518 --- [onPool-worker-2] com.example.fljavagateway.EventListener  : 
<-- Chaincode event received: AGGREGATED_SECRET_ADDED_EVENT - {
  "modelId": "93336",
  "round": 8
}
2022-09-06 01:04:26.417  INFO 83518 --- [onPool-worker-2] com.example.fljavagateway.EventListener  : 
<-- Chaincode event received: AGGREGATED_SECRET_ADDED_EVENT - {
  "modelId": "93336",
  "round": 8
}
2022-09-06 01:04:42.310  INFO 83518 --- [onPool-worker-2] com.example.fljavagateway.EventListener  : 
<-- Chaincode event received: ROUND_FINISHED_EVENT - {
  "modelId": "93336",
  "name": "model1",
  "clientsPerRound": 2,
  "secretsPerClient": 2,
  "status": "started",
  "trainingRounds": 10,
  "currentRound": 8
}
2022-09-06 01:05:18.658  INFO 83518 --- [onPool-worker-2] com.example.fljavagateway.EventListener  : 
<-- Chaincode event received: MODEL_SECRET_ADDED_EVENT - {
  "modelId": "93336",
  "round": 9,
  "datasetSize": 30000
}
2022-09-06 01:05:18.972  INFO 83518 --- [onPool-worker-2] com.example.fljavagateway.EventListener  : 
<-- Chaincode event received: MODEL_SECRET_ADDED_EVENT - {
  "modelId": "93336",
  "round": 9,
  "datasetSize": 30000
}
2022-09-06 01:05:19.197  INFO 83518 --- [onPool-worker-2] com.example.fljavagateway.EventListener  : 
<-- Chaincode event received: MODEL_SECRET_ADDED_EVENT - {
  "modelId": "93336",
  "round": 9,
  "datasetSize": 30000
}
2022-09-06 01:05:19.733  INFO 83518 --- [onPool-worker-2] com.example.fljavagateway.EventListener  : 
<-- Chaincode event received: MODEL_SECRET_ADDED_EVENT - {
  "modelId": "93336",
  "round": 9,
  "datasetSize": 30000
}
2022-09-06 01:05:29.731  INFO 83518 --- [onPool-worker-2] com.example.fljavagateway.EventListener  : 
<-- Chaincode event received: AGGREGATED_SECRET_ADDED_EVENT - {
  "modelId": "93336",
  "round": 9
}
2022-09-06 01:05:29.859  INFO 83518 --- [onPool-worker-2] com.example.fljavagateway.EventListener  : 
<-- Chaincode event received: AGGREGATED_SECRET_ADDED_EVENT - {
  "modelId": "93336",
  "round": 9
}
2022-09-06 01:05:45.849  INFO 83518 --- [onPool-worker-2] com.example.fljavagateway.EventListener  : 
<-- Chaincode event received: ROUND_FINISHED_EVENT - {
  "modelId": "93336",
  "name": "model1",
  "clientsPerRound": 2,
  "secretsPerClient": 2,
  "status": "started",
  "trainingRounds": 10,
  "currentRound": 9
}
2022-09-06 01:06:21.180  INFO 83518 --- [onPool-worker-2] com.example.fljavagateway.EventListener  : 
<-- Chaincode event received: MODEL_SECRET_ADDED_EVENT - {
  "modelId": "93336",
  "round": 10,
  "datasetSize": 30000
}
2022-09-06 01:06:21.369  INFO 83518 --- [onPool-worker-2] com.example.fljavagateway.EventListener  : 
<-- Chaincode event received: MODEL_SECRET_ADDED_EVENT - {
  "modelId": "93336",
  "round": 10,
  "datasetSize": 30000
}
2022-09-06 01:06:21.826  INFO 83518 --- [onPool-worker-2] com.example.fljavagateway.EventListener  : 
<-- Chaincode event received: MODEL_SECRET_ADDED_EVENT - {
  "modelId": "93336",
  "round": 10,
  "datasetSize": 30000
}
2022-09-06 01:06:22.031  INFO 83518 --- [onPool-worker-2] com.example.fljavagateway.EventListener  : 
<-- Chaincode event received: MODEL_SECRET_ADDED_EVENT - {
  "modelId": "93336",
  "round": 10,
  "datasetSize": 30000
}
2022-09-06 01:06:32.267  INFO 83518 --- [onPool-worker-2] com.example.fljavagateway.EventListener  : 
<-- Chaincode event received: AGGREGATED_SECRET_ADDED_EVENT - {
  "modelId": "93336",
  "round": 10
}
2022-09-06 01:06:32.436  INFO 83518 --- [onPool-worker-2] com.example.fljavagateway.EventListener  : 
<-- Chaincode event received: AGGREGATED_SECRET_ADDED_EVENT - {
  "modelId": "93336",
  "round": 10
}
2022-09-06 01:06:48.822  INFO 83518 --- [onPool-worker-2] com.example.fljavagateway.EventListener  : 
<-- Chaincode event received: TRAINING_FINISHED_EVENT - {
  "modelId": "93336",
  "name": "model1",
  "clientsPerRound": 2,
  "secretsPerClient": 2,
  "status": "started",
  "trainingRounds": 10,
  "currentRound": 10
}
