
  .   ____          _            __ _ _
 /\\ / ___'_ __ _ _(_)_ __  __ _ \ \ \ \
( ( )\___ | '_ | '_| | '_ \/ _` | \ \ \ \
 \\/  ___)| |_)| | | | | || (_| |  ) ) ) )
  '  |____| .__|_| |_|_| |_\__, | / / / /
 =========|_|==============|___/=/_/_/_/
 :: Spring Boot ::                (v2.7.2)

2022-09-06 00:08:42.290  INFO 83517 --- [           main] c.e.f.FlJavaGatewayApplication           : Starting FlJavaGatewayApplication using Java 18.0.2 on hmaid with PID 83517 (/home/hamid/Documents/fl-java-gateway/build/libs/fl-java-gateway-0.0.1-SNAPSHOT.jar started by hamid in /home/hamid/Documents/fl-java-gateway)
2022-09-06 00:08:42.300 DEBUG 83517 --- [           main] c.e.f.FlJavaGatewayApplication           : Running with Spring Boot v2.7.2, Spring v5.3.22
2022-09-06 00:08:42.301  INFO 83517 --- [           main] c.e.f.FlJavaGatewayApplication           : No active profile set, falling back to 1 default profile: "default"
2022-09-06 00:08:47.529  INFO 83517 --- [           main] o.s.b.w.embedded.tomcat.TomcatWebServer  : Tomcat initialized with port(s): 8082 (http)
2022-09-06 00:08:47.590  INFO 83517 --- [           main] o.apache.catalina.core.StandardService   : Starting service [Tomcat]
2022-09-06 00:08:47.591  INFO 83517 --- [           main] org.apache.catalina.core.StandardEngine  : Starting Servlet engine: [Apache Tomcat/9.0.65]
2022-09-06 00:08:47.893  INFO 83517 --- [           main] o.a.c.c.C.[Tomcat].[localhost].[/]       : Initializing Spring embedded WebApplicationContext
2022-09-06 00:08:47.895  INFO 83517 --- [           main] w.s.c.ServletWebServerApplicationContext : Root WebApplicationContext: initialization completed in 5223 ms
2022-09-06 00:08:51.126  INFO 83517 --- [           main] com.example.fljavagateway.BlockchainBl   : Using org2Contract for defaultContract
2022-09-06 00:08:51.127  INFO 83517 --- [           main] com.example.fljavagateway.BlockchainBl   : --fl.aggregator.organization=org1
2022-09-06 00:08:51.127  INFO 83517 --- [           main] com.example.fljavagateway.BlockchainBl   : Using org1Contract for aggregatorContract
2022-09-06 00:08:51.148 DEBUG 83517 --- [           main] com.example.fljavagateway.SocketHandler  : Hi!
2022-09-06 00:08:51.189  INFO 83517 --- [           main] com.example.fljavagateway.EventListener  : Start listening for events...
2022-09-06 00:08:54.513  INFO 83517 --- [           main] o.s.b.w.embedded.tomcat.TomcatWebServer  : Tomcat started on port(s): 8082 (http) with context path ''
2022-09-06 00:08:54.599  INFO 83517 --- [           main] c.e.f.FlJavaGatewayApplication           : Started FlJavaGatewayApplication in 14.216 seconds (JVM running for 16.124)
2022-09-06 00:09:16.420  INFO 83517 --- [nio-8082-exec-1] o.a.c.c.C.[Tomcat].[localhost].[/]       : Initializing Spring DispatcherServlet 'dispatcherServlet'
2022-09-06 00:09:16.420  INFO 83517 --- [nio-8082-exec-1] o.s.web.servlet.DispatcherServlet        : Initializing Servlet 'dispatcherServlet'
2022-09-06 00:09:16.421  INFO 83517 --- [nio-8082-exec-1] o.s.web.servlet.DispatcherServlet        : Completed initialization in 1 ms
2022-09-06 00:09:16.766  INFO 83517 --- [nio-8082-exec-6] com.example.fljavagateway.SocketHandler  : New socket connected successfully.
2022-09-06 00:09:25.242  INFO 83517 --- [onPool-worker-2] com.example.fljavagateway.EventListener  : 
<-- Chaincode event received: CREATE_MODEL_METADATA_EVENT - {
  "modelId": "99354",
  "name": "model1",
  "clientsPerRound": 2,
  "secretsPerClient": 2,
  "status": "initiated",
  "trainingRounds": 10,
  "currentRound": 0
}
2022-09-06 00:09:27.328  INFO 83517 --- [onPool-worker-2] com.example.fljavagateway.EventListener  : 
<-- Chaincode event received: START_TRAINING_EVENT - {
  "modelId": "99354",
  "name": "model1",
  "clientsPerRound": 2,
  "secretsPerClient": 2,
  "status": "started",
  "trainingRounds": 10,
  "currentRound": 0
}
2022-09-06 00:10:00.004  INFO 83517 --- [onPool-worker-2] com.example.fljavagateway.EventListener  : 
<-- Chaincode event received: MODEL_SECRET_ADDED_EVENT - {
  "modelId": "99354",
  "round": 0,
  "datasetSize": 30000
}
2022-09-06 00:10:00.291  INFO 83517 --- [onPool-worker-2] com.example.fljavagateway.EventListener  : 
<-- Chaincode event received: MODEL_SECRET_ADDED_EVENT - {
  "modelId": "99354",
  "round": 0,
  "datasetSize": 30000
}
2022-09-06 00:10:01.383  INFO 83517 --- [onPool-worker-2] com.example.fljavagateway.EventListener  : 
<-- Chaincode event received: MODEL_SECRET_ADDED_EVENT - {
  "modelId": "99354",
  "round": 0,
  "datasetSize": 30000
}
2022-09-06 00:10:02.663  INFO 83517 --- [onPool-worker-2] com.example.fljavagateway.EventListener  : 
<-- Chaincode event received: MODEL_SECRET_ADDED_EVENT - {
  "modelId": "99354",
  "round": 0,
  "datasetSize": 30000
}
2022-09-06 00:10:12.846  INFO 83517 --- [onPool-worker-2] com.example.fljavagateway.EventListener  : 
<-- Chaincode event received: AGGREGATED_SECRET_ADDED_EVENT - {
  "modelId": "99354",
  "round": 0
}
2022-09-06 00:10:13.309  INFO 83517 --- [onPool-worker-2] com.example.fljavagateway.EventListener  : 
<-- Chaincode event received: AGGREGATED_SECRET_ADDED_EVENT - {
  "modelId": "99354",
  "round": 0
}
2022-09-06 00:17:46.371  INFO 83517 --- [nio-8082-exec-6] com.example.fljavagateway.SocketHandler  : New socket connected successfully.
2022-09-06 00:17:51.636  INFO 83517 --- [onPool-worker-2] com.example.fljavagateway.EventListener  : 
<-- Chaincode event received: CREATE_MODEL_METADATA_EVENT - {
  "modelId": "32077",
  "name": "model1",
  "clientsPerRound": 2,
  "secretsPerClient": 2,
  "status": "initiated",
  "trainingRounds": 10,
  "currentRound": 0
}
2022-09-06 00:17:53.731  INFO 83517 --- [onPool-worker-2] com.example.fljavagateway.EventListener  : 
<-- Chaincode event received: START_TRAINING_EVENT - {
  "modelId": "32077",
  "name": "model1",
  "clientsPerRound": 2,
  "secretsPerClient": 2,
  "status": "started",
  "trainingRounds": 10,
  "currentRound": 0
}
2022-09-06 00:18:28.391  INFO 83517 --- [onPool-worker-2] com.example.fljavagateway.EventListener  : 
<-- Chaincode event received: MODEL_SECRET_ADDED_EVENT - {
  "modelId": "32077",
  "round": 0,
  "datasetSize": 30000
}
2022-09-06 00:18:28.674  INFO 83517 --- [onPool-worker-2] com.example.fljavagateway.EventListener  : 
<-- Chaincode event received: MODEL_SECRET_ADDED_EVENT - {
  "modelId": "32077",
  "round": 0,
  "datasetSize": 30000
}
2022-09-06 00:18:29.459  INFO 83517 --- [onPool-worker-2] com.example.fljavagateway.EventListener  : 
<-- Chaincode event received: MODEL_SECRET_ADDED_EVENT - {
  "modelId": "32077",
  "round": 0,
  "datasetSize": 30000
}
2022-09-06 00:18:29.509  INFO 83517 --- [onPool-worker-2] com.example.fljavagateway.EventListener  : 
<-- Chaincode event received: MODEL_SECRET_ADDED_EVENT - {
  "modelId": "32077",
  "round": 0,
  "datasetSize": 30000
}
2022-09-06 00:18:40.108  INFO 83517 --- [onPool-worker-2] com.example.fljavagateway.EventListener  : 
<-- Chaincode event received: AGGREGATED_SECRET_ADDED_EVENT - {
  "modelId": "32077",
  "round": 0
}
2022-09-06 00:18:40.361  INFO 83517 --- [onPool-worker-2] com.example.fljavagateway.EventListener  : 
<-- Chaincode event received: AGGREGATED_SECRET_ADDED_EVENT - {
  "modelId": "32077",
  "round": 0
}
2022-09-06 00:32:18.014  INFO 83517 --- [io-8082-exec-10] com.example.fljavagateway.SocketHandler  : New socket connected successfully.
2022-09-06 00:32:22.768  INFO 83517 --- [onPool-worker-2] com.example.fljavagateway.EventListener  : 
<-- Chaincode event received: CREATE_MODEL_METADATA_EVENT - {
  "modelId": "95492",
  "name": "model1",
  "clientsPerRound": 2,
  "secretsPerClient": 2,
  "status": "initiated",
  "trainingRounds": 10,
  "currentRound": 0
}
2022-09-06 00:32:24.920  INFO 83517 --- [onPool-worker-2] com.example.fljavagateway.EventListener  : 
<-- Chaincode event received: START_TRAINING_EVENT - {
  "modelId": "95492",
  "name": "model1",
  "clientsPerRound": 2,
  "secretsPerClient": 2,
  "status": "started",
  "trainingRounds": 10,
  "currentRound": 0
}
2022-09-06 00:33:02.140  INFO 83517 --- [onPool-worker-2] com.example.fljavagateway.EventListener  : 
<-- Chaincode event received: MODEL_SECRET_ADDED_EVENT - {
  "modelId": "95492",
  "round": 0,
  "datasetSize": 30000
}
2022-09-06 00:33:03.898  INFO 83517 --- [onPool-worker-2] com.example.fljavagateway.EventListener  : 
<-- Chaincode event received: MODEL_SECRET_ADDED_EVENT - {
  "modelId": "95492",
  "round": 0,
  "datasetSize": 30000
}
2022-09-06 00:33:08.490  INFO 83517 --- [onPool-worker-2] com.example.fljavagateway.EventListener  : 
<-- Chaincode event received: MODEL_SECRET_ADDED_EVENT - {
  "modelId": "95492",
  "round": 0,
  "datasetSize": 30000
}
2022-09-06 00:33:09.824  INFO 83517 --- [onPool-worker-2] com.example.fljavagateway.EventListener  : 
<-- Chaincode event received: MODEL_SECRET_ADDED_EVENT - {
  "modelId": "95492",
  "round": 0,
  "datasetSize": 30000
}
2022-09-06 00:33:19.535  INFO 83517 --- [onPool-worker-2] com.example.fljavagateway.EventListener  : 
<-- Chaincode event received: AGGREGATED_SECRET_ADDED_EVENT - {
  "modelId": "95492",
  "round": 0
}
2022-09-06 00:33:19.835  INFO 83517 --- [onPool-worker-2] com.example.fljavagateway.EventListener  : 
<-- Chaincode event received: AGGREGATED_SECRET_ADDED_EVENT - {
  "modelId": "95492",
  "round": 0
}
2022-09-06 00:33:36.833  INFO 83517 --- [onPool-worker-2] com.example.fljavagateway.EventListener  : 
<-- Chaincode event received: ROUND_FINISHED_EVENT - {
  "modelId": "95492",
  "name": "model1",
  "clientsPerRound": 2,
  "secretsPerClient": 2,
  "status": "started",
  "trainingRounds": 10,
  "currentRound": 0
}
2022-09-06 00:34:37.810  INFO 83517 --- [onPool-worker-2] com.example.fljavagateway.EventListener  : 
<-- Chaincode event received: MODEL_SECRET_ADDED_EVENT - {
  "modelId": "95492",
  "round": 1,
  "datasetSize": 30000
}
2022-09-06 00:34:38.526  INFO 83517 --- [onPool-worker-2] com.example.fljavagateway.EventListener  : 
<-- Chaincode event received: MODEL_SECRET_ADDED_EVENT - {
  "modelId": "95492",
  "round": 1,
  "datasetSize": 30000
}
2022-09-06 00:34:38.704  INFO 83517 --- [onPool-worker-2] com.example.fljavagateway.EventListener  : 
<-- Chaincode event received: MODEL_SECRET_ADDED_EVENT - {
  "modelId": "95492",
  "round": 1,
  "datasetSize": 30000
}
2022-09-06 00:34:39.607  INFO 83517 --- [onPool-worker-2] com.example.fljavagateway.EventListener  : 
<-- Chaincode event received: MODEL_SECRET_ADDED_EVENT - {
  "modelId": "95492",
  "round": 1,
  "datasetSize": 30000
}
2022-09-06 00:34:49.254  INFO 83517 --- [onPool-worker-2] com.example.fljavagateway.EventListener  : 
<-- Chaincode event received: AGGREGATED_SECRET_ADDED_EVENT - {
  "modelId": "95492",
  "round": 1
}
2022-09-06 00:34:49.370  INFO 83517 --- [onPool-worker-2] com.example.fljavagateway.EventListener  : 
<-- Chaincode event received: AGGREGATED_SECRET_ADDED_EVENT - {
  "modelId": "95492",
  "round": 1
}
2022-09-06 00:35:05.639  INFO 83517 --- [onPool-worker-2] com.example.fljavagateway.EventListener  : 
<-- Chaincode event received: ROUND_FINISHED_EVENT - {
  "modelId": "95492",
  "name": "model1",
  "clientsPerRound": 2,
  "secretsPerClient": 2,
  "status": "started",
  "trainingRounds": 10,
  "currentRound": 1
}
2022-09-06 00:35:57.949  INFO 83517 --- [onPool-worker-2] com.example.fljavagateway.EventListener  : 
<-- Chaincode event received: MODEL_SECRET_ADDED_EVENT - {
  "modelId": "95492",
  "round": 2,
  "datasetSize": 30000
}
2022-09-06 00:35:59.165  INFO 83517 --- [onPool-worker-2] com.example.fljavagateway.EventListener  : 
<-- Chaincode event received: MODEL_SECRET_ADDED_EVENT - {
  "modelId": "95492",
  "round": 2,
  "datasetSize": 30000
}
2022-09-06 00:36:00.129  INFO 83517 --- [onPool-worker-2] com.example.fljavagateway.EventListener  : 
<-- Chaincode event received: MODEL_SECRET_ADDED_EVENT - {
  "modelId": "95492",
  "round": 2,
  "datasetSize": 30000
}
2022-09-06 00:36:00.635  INFO 83517 --- [onPool-worker-2] com.example.fljavagateway.EventListener  : 
<-- Chaincode event received: MODEL_SECRET_ADDED_EVENT - {
  "modelId": "95492",
  "round": 2,
  "datasetSize": 30000
}
2022-09-06 00:36:09.486  INFO 83517 --- [onPool-worker-2] com.example.fljavagateway.EventListener  : 
<-- Chaincode event received: AGGREGATED_SECRET_ADDED_EVENT - {
  "modelId": "95492",
  "round": 2
}
2022-09-06 00:36:09.633  INFO 83517 --- [onPool-worker-2] com.example.fljavagateway.EventListener  : 
<-- Chaincode event received: AGGREGATED_SECRET_ADDED_EVENT - {
  "modelId": "95492",
  "round": 2
}
2022-09-06 00:36:26.087  INFO 83517 --- [onPool-worker-2] com.example.fljavagateway.EventListener  : 
<-- Chaincode event received: ROUND_FINISHED_EVENT - {
  "modelId": "95492",
  "name": "model1",
  "clientsPerRound": 2,
  "secretsPerClient": 2,
  "status": "started",
  "trainingRounds": 10,
  "currentRound": 2
}
2022-09-06 00:37:26.341  INFO 83517 --- [onPool-worker-2] com.example.fljavagateway.EventListener  : 
<-- Chaincode event received: MODEL_SECRET_ADDED_EVENT - {
  "modelId": "95492",
  "round": 3,
  "datasetSize": 30000
}
2022-09-06 00:37:27.423  INFO 83517 --- [onPool-worker-2] com.example.fljavagateway.EventListener  : 
<-- Chaincode event received: MODEL_SECRET_ADDED_EVENT - {
  "modelId": "95492",
  "round": 3,
  "datasetSize": 30000
}
2022-09-06 00:37:57.473  INFO 83517 --- [onPool-worker-2] com.example.fljavagateway.EventListener  : 
<-- Chaincode event received: MODEL_SECRET_ADDED_EVENT - {
  "modelId": "95492",
  "round": 3,
  "datasetSize": 30000
}
2022-09-06 00:37:57.875  INFO 83517 --- [onPool-worker-2] com.example.fljavagateway.EventListener  : 
<-- Chaincode event received: MODEL_SECRET_ADDED_EVENT - {
  "modelId": "95492",
  "round": 3,
  "datasetSize": 30000
}
2022-09-06 00:38:09.022  INFO 83517 --- [onPool-worker-2] com.example.fljavagateway.EventListener  : 
<-- Chaincode event received: AGGREGATED_SECRET_ADDED_EVENT - {
  "modelId": "95492",
  "round": 3
}
2022-09-06 00:38:09.194  INFO 83517 --- [onPool-worker-2] com.example.fljavagateway.EventListener  : 
<-- Chaincode event received: AGGREGATED_SECRET_ADDED_EVENT - {
  "modelId": "95492",
  "round": 3
}
2022-09-06 00:38:25.327  INFO 83517 --- [onPool-worker-2] com.example.fljavagateway.EventListener  : 
<-- Chaincode event received: ROUND_FINISHED_EVENT - {
  "modelId": "95492",
  "name": "model1",
  "clientsPerRound": 2,
  "secretsPerClient": 2,
  "status": "started",
  "trainingRounds": 10,
  "currentRound": 3
}
2022-09-06 00:39:36.066  INFO 83517 --- [onPool-worker-2] com.example.fljavagateway.EventListener  : 
<-- Chaincode event received: MODEL_SECRET_ADDED_EVENT - {
  "modelId": "95492",
  "round": 4,
  "datasetSize": 30000
}
2022-09-06 00:39:37.315  INFO 83517 --- [onPool-worker-2] com.example.fljavagateway.EventListener  : 
<-- Chaincode event received: MODEL_SECRET_ADDED_EVENT - {
  "modelId": "95492",
  "round": 4,
  "datasetSize": 30000
}
2022-09-06 00:39:42.813  INFO 83517 --- [onPool-worker-2] com.example.fljavagateway.EventListener  : 
<-- Chaincode event received: MODEL_SECRET_ADDED_EVENT - {
  "modelId": "95492",
  "round": 4,
  "datasetSize": 30000
}
2022-09-06 00:39:43.635  INFO 83517 --- [onPool-worker-2] com.example.fljavagateway.EventListener  : 
<-- Chaincode event received: MODEL_SECRET_ADDED_EVENT - {
  "modelId": "95492",
  "round": 4,
  "datasetSize": 30000
}
2022-09-06 00:39:52.569  INFO 83517 --- [onPool-worker-2] com.example.fljavagateway.EventListener  : 
<-- Chaincode event received: AGGREGATED_SECRET_ADDED_EVENT - {
  "modelId": "95492",
  "round": 4
}
2022-09-06 00:39:52.776  INFO 83517 --- [onPool-worker-2] com.example.fljavagateway.EventListener  : 
<-- Chaincode event received: AGGREGATED_SECRET_ADDED_EVENT - {
  "modelId": "95492",
  "round": 4
}
2022-09-06 00:40:08.892 ERROR 83517 --- [nio-8082-exec-1] o.a.c.c.C.[.[.[/].[dispatcherServlet]    : Servlet.service() for servlet [dispatcherServlet] in context with path [] threw exception [Request processing failed; nested exception is java.lang.RuntimeException: org.hyperledger.fabric.client.CommitException: Commit of transaction b36633949dc87810d5410a3e331a122ed59aa324e100817944df49920728343c failed with status code 12 (PHANTOM_READ_CONFLICT)] with root cause

org.hyperledger.fabric.client.CommitException: Commit of transaction b36633949dc87810d5410a3e331a122ed59aa324e100817944df49920728343c failed with status code 12 (PHANTOM_READ_CONFLICT)
	at org.hyperledger.fabric.client.TransactionImpl.submit(TransactionImpl.java:61) ~[fabric-gateway-1.1.0.jar!/:na]
	at org.hyperledger.fabric.client.Transaction.submit(Transaction.java:41) ~[fabric-gateway-1.1.0.jar!/:na]
	at org.hyperledger.fabric.client.ContractImpl.submitTransaction(ContractImpl.java:48) ~[fabric-gateway-1.1.0.jar!/:na]
	at com.example.fljavagateway.BlockchainBl.addEndRoundModel(BlockchainBl.java:111) ~[classes!/:na]
	at com.example.fljavagateway.BlockchainRest.addEndRoundModel(BlockchainRest.java:49) ~[classes!/:na]
	at java.base/jdk.internal.reflect.DirectMethodHandleAccessor.invoke(DirectMethodHandleAccessor.java:104) ~[na:na]
	at java.base/java.lang.reflect.Method.invoke(Method.java:577) ~[na:na]
	at org.springframework.web.method.support.InvocableHandlerMethod.doInvoke(InvocableHandlerMethod.java:205) ~[spring-web-5.3.22.jar!/:5.3.22]
	at org.springframework.web.method.support.InvocableHandlerMethod.invokeForRequest(InvocableHandlerMethod.java:150) ~[spring-web-5.3.22.jar!/:5.3.22]
	at org.springframework.web.servlet.mvc.method.annotation.ServletInvocableHandlerMethod.invokeAndHandle(ServletInvocableHandlerMethod.java:117) ~[spring-webmvc-5.3.22.jar!/:5.3.22]
	at org.springframework.web.servlet.mvc.method.annotation.RequestMappingHandlerAdapter.invokeHandlerMethod(RequestMappingHandlerAdapter.java:895) ~[spring-webmvc-5.3.22.jar!/:5.3.22]
	at org.springframework.web.servlet.mvc.method.annotation.RequestMappingHandlerAdapter.handleInternal(RequestMappingHandlerAdapter.java:808) ~[spring-webmvc-5.3.22.jar!/:5.3.22]
	at org.springframework.web.servlet.mvc.method.AbstractHandlerMethodAdapter.handle(AbstractHandlerMethodAdapter.java:87) ~[spring-webmvc-5.3.22.jar!/:5.3.22]
	at org.springframework.web.servlet.DispatcherServlet.doDispatch(DispatcherServlet.java:1070) ~[spring-webmvc-5.3.22.jar!/:5.3.22]
	at org.springframework.web.servlet.DispatcherServlet.doService(DispatcherServlet.java:963) ~[spring-webmvc-5.3.22.jar!/:5.3.22]
	at org.springframework.web.servlet.FrameworkServlet.processRequest(FrameworkServlet.java:1006) ~[spring-webmvc-5.3.22.jar!/:5.3.22]
	at org.springframework.web.servlet.FrameworkServlet.doPost(FrameworkServlet.java:909) ~[spring-webmvc-5.3.22.jar!/:5.3.22]
	at javax.servlet.http.HttpServlet.service(HttpServlet.java:681) ~[tomcat-embed-core-9.0.65.jar!/:na]
	at org.springframework.web.servlet.FrameworkServlet.service(FrameworkServlet.java:883) ~[spring-webmvc-5.3.22.jar!/:5.3.22]
	at javax.servlet.http.HttpServlet.service(HttpServlet.java:764) ~[tomcat-embed-core-9.0.65.jar!/:na]
	at org.apache.catalina.core.ApplicationFilterChain.internalDoFilter(ApplicationFilterChain.java:227) ~[tomcat-embed-core-9.0.65.jar!/:na]
	at org.apache.catalina.core.ApplicationFilterChain.doFilter(ApplicationFilterChain.java:162) ~[tomcat-embed-core-9.0.65.jar!/:na]
	at org.apache.tomcat.websocket.server.WsFilter.doFilter(WsFilter.java:53) ~[tomcat-embed-websocket-9.0.65.jar!/:na]
	at org.apache.catalina.core.ApplicationFilterChain.internalDoFilter(ApplicationFilterChain.java:189) ~[tomcat-embed-core-9.0.65.jar!/:na]
	at org.apache.catalina.core.ApplicationFilterChain.doFilter(ApplicationFilterChain.java:162) ~[tomcat-embed-core-9.0.65.jar!/:na]
	at org.springframework.web.filter.RequestContextFilter.doFilterInternal(RequestContextFilter.java:100) ~[spring-web-5.3.22.jar!/:5.3.22]
	at org.springframework.web.filter.OncePerRequestFilter.doFilter(OncePerRequestFilter.java:117) ~[spring-web-5.3.22.jar!/:5.3.22]
	at org.apache.catalina.core.ApplicationFilterChain.internalDoFilter(ApplicationFilterChain.java:189) ~[tomcat-embed-core-9.0.65.jar!/:na]
	at org.apache.catalina.core.ApplicationFilterChain.doFilter(ApplicationFilterChain.java:162) ~[tomcat-embed-core-9.0.65.jar!/:na]
	at org.springframework.web.filter.FormContentFilter.doFilterInternal(FormContentFilter.java:93) ~[spring-web-5.3.22.jar!/:5.3.22]
	at org.springframework.web.filter.OncePerRequestFilter.doFilter(OncePerRequestFilter.java:117) ~[spring-web-5.3.22.jar!/:5.3.22]
	at org.apache.catalina.core.ApplicationFilterChain.internalDoFilter(ApplicationFilterChain.java:189) ~[tomcat-embed-core-9.0.65.jar!/:na]
	at org.apache.catalina.core.ApplicationFilterChain.doFilter(ApplicationFilterChain.java:162) ~[tomcat-embed-core-9.0.65.jar!/:na]
	at org.springframework.web.filter.CharacterEncodingFilter.doFilterInternal(CharacterEncodingFilter.java:201) ~[spring-web-5.3.22.jar!/:5.3.22]
	at org.springframework.web.filter.OncePerRequestFilter.doFilter(OncePerRequestFilter.java:117) ~[spring-web-5.3.22.jar!/:5.3.22]
	at org.apache.catalina.core.ApplicationFilterChain.internalDoFilter(ApplicationFilterChain.java:189) ~[tomcat-embed-core-9.0.65.jar!/:na]
	at org.apache.catalina.core.ApplicationFilterChain.doFilter(ApplicationFilterChain.java:162) ~[tomcat-embed-core-9.0.65.jar!/:na]
	at org.apache.catalina.core.StandardWrapperValve.invoke(StandardWrapperValve.java:197) ~[tomcat-embed-core-9.0.65.jar!/:na]
	at org.apache.catalina.core.StandardContextValve.invoke(StandardContextValve.java:97) ~[tomcat-embed-core-9.0.65.jar!/:na]
	at org.apache.catalina.authenticator.AuthenticatorBase.invoke(AuthenticatorBase.java:541) ~[tomcat-embed-core-9.0.65.jar!/:na]
	at org.apache.catalina.core.StandardHostValve.invoke(StandardHostValve.java:135) ~[tomcat-embed-core-9.0.65.jar!/:na]
	at org.apache.catalina.valves.ErrorReportValve.invoke(ErrorReportValve.java:92) ~[tomcat-embed-core-9.0.65.jar!/:na]
	at org.apache.catalina.core.StandardEngineValve.invoke(StandardEngineValve.java:78) ~[tomcat-embed-core-9.0.65.jar!/:na]
	at org.apache.catalina.connector.CoyoteAdapter.service(CoyoteAdapter.java:360) ~[tomcat-embed-core-9.0.65.jar!/:na]
	at org.apache.coyote.http11.Http11Processor.service(Http11Processor.java:399) ~[tomcat-embed-core-9.0.65.jar!/:na]
	at org.apache.coyote.AbstractProcessorLight.process(AbstractProcessorLight.java:65) ~[tomcat-embed-core-9.0.65.jar!/:na]
	at org.apache.coyote.AbstractProtocol$ConnectionHandler.process(AbstractProtocol.java:890) ~[tomcat-embed-core-9.0.65.jar!/:na]
	at org.apache.tomcat.util.net.NioEndpoint$SocketProcessor.doRun(NioEndpoint.java:1789) ~[tomcat-embed-core-9.0.65.jar!/:na]
	at org.apache.tomcat.util.net.SocketProcessorBase.run(SocketProcessorBase.java:49) ~[tomcat-embed-core-9.0.65.jar!/:na]
	at org.apache.tomcat.util.threads.ThreadPoolExecutor.runWorker(ThreadPoolExecutor.java:1191) ~[tomcat-embed-core-9.0.65.jar!/:na]
	at org.apache.tomcat.util.threads.ThreadPoolExecutor$Worker.run(ThreadPoolExecutor.java:659) ~[tomcat-embed-core-9.0.65.jar!/:na]
	at org.apache.tomcat.util.threads.TaskThread$WrappingRunnable.run(TaskThread.java:61) ~[tomcat-embed-core-9.0.65.jar!/:na]
	at java.base/java.lang.Thread.run(Thread.java:833) ~[na:na]

2022-09-06 00:53:54.405  INFO 83517 --- [nio-8082-exec-9] com.example.fljavagateway.SocketHandler  : New socket connected successfully.
2022-09-06 00:54:03.322  INFO 83517 --- [onPool-worker-2] com.example.fljavagateway.EventListener  : 
<-- Chaincode event received: CREATE_MODEL_METADATA_EVENT - {
  "modelId": "93336",
  "name": "model1",
  "clientsPerRound": 2,
  "secretsPerClient": 2,
  "status": "initiated",
  "trainingRounds": 10,
  "currentRound": 0
}
2022-09-06 00:54:05.424  INFO 83517 --- [onPool-worker-2] com.example.fljavagateway.EventListener  : 
<-- Chaincode event received: START_TRAINING_EVENT - {
  "modelId": "93336",
  "name": "model1",
  "clientsPerRound": 2,
  "secretsPerClient": 2,
  "status": "started",
  "trainingRounds": 10,
  "currentRound": 0
}
2022-09-06 00:54:40.506  INFO 83517 --- [onPool-worker-2] com.example.fljavagateway.EventListener  : 
<-- Chaincode event received: MODEL_SECRET_ADDED_EVENT - {
  "modelId": "93336",
  "round": 0,
  "datasetSize": 30000
}
2022-09-06 00:54:41.910  INFO 83517 --- [onPool-worker-2] com.example.fljavagateway.EventListener  : 
<-- Chaincode event received: MODEL_SECRET_ADDED_EVENT - {
  "modelId": "93336",
  "round": 0,
  "datasetSize": 30000
}
2022-09-06 00:54:42.679  INFO 83517 --- [onPool-worker-2] com.example.fljavagateway.EventListener  : 
<-- Chaincode event received: MODEL_SECRET_ADDED_EVENT - {
  "modelId": "93336",
  "round": 0,
  "datasetSize": 30000
}
2022-09-06 00:54:43.959  INFO 83517 --- [onPool-worker-2] com.example.fljavagateway.EventListener  : 
<-- Chaincode event received: MODEL_SECRET_ADDED_EVENT - {
  "modelId": "93336",
  "round": 0,
  "datasetSize": 30000
}
2022-09-06 00:54:52.399  INFO 83517 --- [onPool-worker-2] com.example.fljavagateway.EventListener  : 
<-- Chaincode event received: AGGREGATED_SECRET_ADDED_EVENT - {
  "modelId": "93336",
  "round": 0
}
2022-09-06 00:54:52.802  INFO 83517 --- [onPool-worker-2] com.example.fljavagateway.EventListener  : 
<-- Chaincode event received: AGGREGATED_SECRET_ADDED_EVENT - {
  "modelId": "93336",
  "round": 0
}
2022-09-06 00:55:09.567  INFO 83517 --- [onPool-worker-2] com.example.fljavagateway.EventListener  : 
<-- Chaincode event received: ROUND_FINISHED_EVENT - {
  "modelId": "93336",
  "name": "model1",
  "clientsPerRound": 2,
  "secretsPerClient": 2,
  "status": "started",
  "trainingRounds": 10,
  "currentRound": 0
}
2022-09-06 00:55:52.537  INFO 83517 --- [onPool-worker-2] com.example.fljavagateway.EventListener  : 
<-- Chaincode event received: MODEL_SECRET_ADDED_EVENT - {
  "modelId": "93336",
  "round": 1,
  "datasetSize": 30000
}
2022-09-06 00:55:53.403  INFO 83517 --- [onPool-worker-2] com.example.fljavagateway.EventListener  : 
<-- Chaincode event received: MODEL_SECRET_ADDED_EVENT - {
  "modelId": "93336",
  "round": 1,
  "datasetSize": 30000
}
2022-09-06 00:55:53.539  INFO 83517 --- [onPool-worker-2] com.example.fljavagateway.EventListener  : 
<-- Chaincode event received: MODEL_SECRET_ADDED_EVENT - {
  "modelId": "93336",
  "round": 1,
  "datasetSize": 30000
}
2022-09-06 00:55:54.513  INFO 83517 --- [onPool-worker-2] com.example.fljavagateway.EventListener  : 
<-- Chaincode event received: MODEL_SECRET_ADDED_EVENT - {
  "modelId": "93336",
  "round": 1,
  "datasetSize": 30000
}
2022-09-06 00:56:03.948  INFO 83517 --- [onPool-worker-2] com.example.fljavagateway.EventListener  : 
<-- Chaincode event received: AGGREGATED_SECRET_ADDED_EVENT - {
  "modelId": "93336",
  "round": 1
}
2022-09-06 00:56:04.087  INFO 83517 --- [onPool-worker-2] com.example.fljavagateway.EventListener  : 
<-- Chaincode event received: AGGREGATED_SECRET_ADDED_EVENT - {
  "modelId": "93336",
  "round": 1
}
2022-09-06 00:56:20.881  INFO 83517 --- [onPool-worker-2] com.example.fljavagateway.EventListener  : 
<-- Chaincode event received: ROUND_FINISHED_EVENT - {
  "modelId": "93336",
  "name": "model1",
  "clientsPerRound": 2,
  "secretsPerClient": 2,
  "status": "started",
  "trainingRounds": 10,
  "currentRound": 1
}
2022-09-06 00:56:59.252  INFO 83517 --- [onPool-worker-2] com.example.fljavagateway.EventListener  : 
<-- Chaincode event received: MODEL_SECRET_ADDED_EVENT - {
  "modelId": "93336",
  "round": 2,
  "datasetSize": 30000
}
2022-09-06 00:56:59.426  INFO 83517 --- [onPool-worker-2] com.example.fljavagateway.EventListener  : 
<-- Chaincode event received: MODEL_SECRET_ADDED_EVENT - {
  "modelId": "93336",
  "round": 2,
  "datasetSize": 30000
}
2022-09-06 00:56:59.947  INFO 83517 --- [onPool-worker-2] com.example.fljavagateway.EventListener  : 
<-- Chaincode event received: MODEL_SECRET_ADDED_EVENT - {
  "modelId": "93336",
  "round": 2,
  "datasetSize": 30000
}
2022-09-06 00:57:00.188  INFO 83517 --- [onPool-worker-2] com.example.fljavagateway.EventListener  : 
<-- Chaincode event received: MODEL_SECRET_ADDED_EVENT - {
  "modelId": "93336",
  "round": 2,
  "datasetSize": 30000
}
2022-09-06 00:57:10.514  INFO 83517 --- [onPool-worker-2] com.example.fljavagateway.EventListener  : 
<-- Chaincode event received: AGGREGATED_SECRET_ADDED_EVENT - {
  "modelId": "93336",
  "round": 2
}
2022-09-06 00:57:10.646  INFO 83517 --- [onPool-worker-2] com.example.fljavagateway.EventListener  : 
<-- Chaincode event received: AGGREGATED_SECRET_ADDED_EVENT - {
  "modelId": "93336",
  "round": 2
}
2022-09-06 00:57:27.392  INFO 83517 --- [onPool-worker-2] com.example.fljavagateway.EventListener  : 
<-- Chaincode event received: ROUND_FINISHED_EVENT - {
  "modelId": "93336",
  "name": "model1",
  "clientsPerRound": 2,
  "secretsPerClient": 2,
  "status": "started",
  "trainingRounds": 10,
  "currentRound": 2
}
2022-09-06 00:58:06.551  INFO 83517 --- [onPool-worker-2] com.example.fljavagateway.EventListener  : 
<-- Chaincode event received: MODEL_SECRET_ADDED_EVENT - {
  "modelId": "93336",
  "round": 3,
  "datasetSize": 30000
}
2022-09-06 00:58:07.169  INFO 83517 --- [onPool-worker-2] com.example.fljavagateway.EventListener  : 
<-- Chaincode event received: MODEL_SECRET_ADDED_EVENT - {
  "modelId": "93336",
  "round": 3,
  "datasetSize": 30000
}
2022-09-06 00:58:07.377  INFO 83517 --- [onPool-worker-2] com.example.fljavagateway.EventListener  : 
<-- Chaincode event received: MODEL_SECRET_ADDED_EVENT - {
  "modelId": "93336",
  "round": 3,
  "datasetSize": 30000
}
2022-09-06 00:58:08.015  INFO 83517 --- [onPool-worker-2] com.example.fljavagateway.EventListener  : 
<-- Chaincode event received: MODEL_SECRET_ADDED_EVENT - {
  "modelId": "93336",
  "round": 3,
  "datasetSize": 30000
}
2022-09-06 00:58:17.726  INFO 83517 --- [onPool-worker-2] com.example.fljavagateway.EventListener  : 
<-- Chaincode event received: AGGREGATED_SECRET_ADDED_EVENT - {
  "modelId": "93336",
  "round": 3
}
2022-09-06 00:58:18.271  INFO 83517 --- [onPool-worker-2] com.example.fljavagateway.EventListener  : 
<-- Chaincode event received: AGGREGATED_SECRET_ADDED_EVENT - {
  "modelId": "93336",
  "round": 3
}
2022-09-06 00:58:33.995  INFO 83517 --- [onPool-worker-2] com.example.fljavagateway.EventListener  : 
<-- Chaincode event received: ROUND_FINISHED_EVENT - {
  "modelId": "93336",
  "name": "model1",
  "clientsPerRound": 2,
  "secretsPerClient": 2,
  "status": "started",
  "trainingRounds": 10,
  "currentRound": 3
}
2022-09-06 00:59:09.883  INFO 83517 --- [onPool-worker-2] com.example.fljavagateway.EventListener  : 
<-- Chaincode event received: MODEL_SECRET_ADDED_EVENT - {
  "modelId": "93336",
  "round": 4,
  "datasetSize": 30000
}
2022-09-06 00:59:11.016  INFO 83517 --- [onPool-worker-2] com.example.fljavagateway.EventListener  : 
<-- Chaincode event received: MODEL_SECRET_ADDED_EVENT - {
  "modelId": "93336",
  "round": 4,
  "datasetSize": 30000
}
2022-09-06 00:59:12.088  INFO 83517 --- [onPool-worker-2] com.example.fljavagateway.EventListener  : 
<-- Chaincode event received: MODEL_SECRET_ADDED_EVENT - {
  "modelId": "93336",
  "round": 4,
  "datasetSize": 30000
}
2022-09-06 00:59:12.488  INFO 83517 --- [onPool-worker-2] com.example.fljavagateway.EventListener  : 
<-- Chaincode event received: MODEL_SECRET_ADDED_EVENT - {
  "modelId": "93336",
  "round": 4,
  "datasetSize": 30000
}
2022-09-06 00:59:21.203  INFO 83517 --- [onPool-worker-2] com.example.fljavagateway.EventListener  : 
<-- Chaincode event received: AGGREGATED_SECRET_ADDED_EVENT - {
  "modelId": "93336",
  "round": 4
}
2022-09-06 00:59:22.050  INFO 83517 --- [onPool-worker-2] com.example.fljavagateway.EventListener  : 
<-- Chaincode event received: AGGREGATED_SECRET_ADDED_EVENT - {
  "modelId": "93336",
  "round": 4
}
2022-09-06 00:59:37.627  INFO 83517 --- [onPool-worker-2] com.example.fljavagateway.EventListener  : 
<-- Chaincode event received: ROUND_FINISHED_EVENT - {
  "modelId": "93336",
  "name": "model1",
  "clientsPerRound": 2,
  "secretsPerClient": 2,
  "status": "started",
  "trainingRounds": 10,
  "currentRound": 4
}
2022-09-06 01:01:06.533  INFO 83517 --- [onPool-worker-2] com.example.fljavagateway.EventListener  : 
<-- Chaincode event received: MODEL_SECRET_ADDED_EVENT - {
  "modelId": "93336",
  "round": 5,
  "datasetSize": 30000
}
2022-09-06 01:01:07.286  INFO 83517 --- [onPool-worker-2] com.example.fljavagateway.EventListener  : 
<-- Chaincode event received: MODEL_SECRET_ADDED_EVENT - {
  "modelId": "93336",
  "round": 5,
  "datasetSize": 30000
}
2022-09-06 01:01:07.406  INFO 83517 --- [onPool-worker-2] com.example.fljavagateway.EventListener  : 
<-- Chaincode event received: MODEL_SECRET_ADDED_EVENT - {
  "modelId": "93336",
  "round": 5,
  "datasetSize": 30000
}
2022-09-06 01:01:07.916  INFO 83517 --- [onPool-worker-2] com.example.fljavagateway.EventListener  : 
<-- Chaincode event received: MODEL_SECRET_ADDED_EVENT - {
  "modelId": "93336",
  "round": 5,
  "datasetSize": 30000
}
2022-09-06 01:01:17.878  INFO 83517 --- [onPool-worker-2] com.example.fljavagateway.EventListener  : 
<-- Chaincode event received: AGGREGATED_SECRET_ADDED_EVENT - {
  "modelId": "93336",
  "round": 5
}
2022-09-06 01:01:18.018  INFO 83517 --- [onPool-worker-2] com.example.fljavagateway.EventListener  : 
<-- Chaincode event received: AGGREGATED_SECRET_ADDED_EVENT - {
  "modelId": "93336",
  "round": 5
}
2022-09-06 01:01:34.069  INFO 83517 --- [onPool-worker-2] com.example.fljavagateway.EventListener  : 
<-- Chaincode event received: ROUND_FINISHED_EVENT - {
  "modelId": "93336",
  "name": "model1",
  "clientsPerRound": 2,
  "secretsPerClient": 2,
  "status": "started",
  "trainingRounds": 10,
  "currentRound": 5
}
2022-09-06 01:02:06.607  INFO 83517 --- [onPool-worker-2] com.example.fljavagateway.EventListener  : 
<-- Chaincode event received: MODEL_SECRET_ADDED_EVENT - {
  "modelId": "93336",
  "round": 6,
  "datasetSize": 30000
}
2022-09-06 01:02:06.797  INFO 83517 --- [onPool-worker-2] com.example.fljavagateway.EventListener  : 
<-- Chaincode event received: MODEL_SECRET_ADDED_EVENT - {
  "modelId": "93336",
  "round": 6,
  "datasetSize": 30000
}
2022-09-06 01:02:07.400  INFO 83517 --- [onPool-worker-2] com.example.fljavagateway.EventListener  : 
<-- Chaincode event received: MODEL_SECRET_ADDED_EVENT - {
  "modelId": "93336",
  "round": 6,
  "datasetSize": 30000
}
2022-09-06 01:02:07.524  INFO 83517 --- [onPool-worker-2] com.example.fljavagateway.EventListener  : 
<-- Chaincode event received: MODEL_SECRET_ADDED_EVENT - {
  "modelId": "93336",
  "round": 6,
  "datasetSize": 30000
}
2022-09-06 01:02:17.888  INFO 83517 --- [onPool-worker-2] com.example.fljavagateway.EventListener  : 
<-- Chaincode event received: AGGREGATED_SECRET_ADDED_EVENT - {
  "modelId": "93336",
  "round": 6
}
2022-09-06 01:02:18.006  INFO 83517 --- [onPool-worker-2] com.example.fljavagateway.EventListener  : 
<-- Chaincode event received: AGGREGATED_SECRET_ADDED_EVENT - {
  "modelId": "93336",
  "round": 6
}
2022-09-06 01:02:34.130  INFO 83517 --- [onPool-worker-2] com.example.fljavagateway.EventListener  : 
<-- Chaincode event received: ROUND_FINISHED_EVENT - {
  "modelId": "93336",
  "name": "model1",
  "clientsPerRound": 2,
  "secretsPerClient": 2,
  "status": "started",
  "trainingRounds": 10,
  "currentRound": 6
}
2022-09-06 01:03:09.895  INFO 83517 --- [onPool-worker-2] com.example.fljavagateway.EventListener  : 
<-- Chaincode event received: MODEL_SECRET_ADDED_EVENT - {
  "modelId": "93336",
  "round": 7,
  "datasetSize": 30000
}
2022-09-06 01:03:10.022  INFO 83517 --- [onPool-worker-2] com.example.fljavagateway.EventListener  : 
<-- Chaincode event received: MODEL_SECRET_ADDED_EVENT - {
  "modelId": "93336",
  "round": 7,
  "datasetSize": 30000
}
2022-09-06 01:03:10.441  INFO 83517 --- [onPool-worker-2] com.example.fljavagateway.EventListener  : 
<-- Chaincode event received: MODEL_SECRET_ADDED_EVENT - {
  "modelId": "93336",
  "round": 7,
  "datasetSize": 30000
}
2022-09-06 01:03:10.539  INFO 83517 --- [onPool-worker-2] com.example.fljavagateway.EventListener  : 
<-- Chaincode event received: MODEL_SECRET_ADDED_EVENT - {
  "modelId": "93336",
  "round": 7,
  "datasetSize": 30000
}
2022-09-06 01:03:21.258  INFO 83517 --- [onPool-worker-2] com.example.fljavagateway.EventListener  : 
<-- Chaincode event received: AGGREGATED_SECRET_ADDED_EVENT - {
  "modelId": "93336",
  "round": 7
}
2022-09-06 01:03:21.387  INFO 83517 --- [onPool-worker-2] com.example.fljavagateway.EventListener  : 
<-- Chaincode event received: AGGREGATED_SECRET_ADDED_EVENT - {
  "modelId": "93336",
  "round": 7
}
2022-09-06 01:03:37.448  INFO 83517 --- [onPool-worker-2] com.example.fljavagateway.EventListener  : 
<-- Chaincode event received: ROUND_FINISHED_EVENT - {
  "modelId": "93336",
  "name": "model1",
  "clientsPerRound": 2,
  "secretsPerClient": 2,
  "status": "started",
  "trainingRounds": 10,
  "currentRound": 7
}
2022-09-06 01:04:15.045  INFO 83517 --- [onPool-worker-2] com.example.fljavagateway.EventListener  : 
<-- Chaincode event received: MODEL_SECRET_ADDED_EVENT - {
  "modelId": "93336",
  "round": 8,
  "datasetSize": 30000
}
2022-09-06 01:04:15.219  INFO 83517 --- [onPool-worker-2] com.example.fljavagateway.EventListener  : 
<-- Chaincode event received: MODEL_SECRET_ADDED_EVENT - {
  "modelId": "93336",
  "round": 8,
  "datasetSize": 30000
}
2022-09-06 01:04:15.607  INFO 83517 --- [onPool-worker-2] com.example.fljavagateway.EventListener  : 
<-- Chaincode event received: MODEL_SECRET_ADDED_EVENT - {
  "modelId": "93336",
  "round": 8,
  "datasetSize": 30000
}
2022-09-06 01:04:15.784  INFO 83517 --- [onPool-worker-2] com.example.fljavagateway.EventListener  : 
<-- Chaincode event received: MODEL_SECRET_ADDED_EVENT - {
  "modelId": "93336",
  "round": 8,
  "datasetSize": 30000
}
2022-09-06 01:04:26.261  INFO 83517 --- [onPool-worker-2] com.example.fljavagateway.EventListener  : 
<-- Chaincode event received: AGGREGATED_SECRET_ADDED_EVENT - {
  "modelId": "93336",
  "round": 8
}
2022-09-06 01:04:26.421  INFO 83517 --- [onPool-worker-2] com.example.fljavagateway.EventListener  : 
<-- Chaincode event received: AGGREGATED_SECRET_ADDED_EVENT - {
  "modelId": "93336",
  "round": 8
}
2022-09-06 01:04:42.311  INFO 83517 --- [onPool-worker-2] com.example.fljavagateway.EventListener  : 
<-- Chaincode event received: ROUND_FINISHED_EVENT - {
  "modelId": "93336",
  "name": "model1",
  "clientsPerRound": 2,
  "secretsPerClient": 2,
  "status": "started",
  "trainingRounds": 10,
  "currentRound": 8
}
2022-09-06 01:05:18.643  INFO 83517 --- [onPool-worker-2] com.example.fljavagateway.EventListener  : 
<-- Chaincode event received: MODEL_SECRET_ADDED_EVENT - {
  "modelId": "93336",
  "round": 9,
  "datasetSize": 30000
}
2022-09-06 01:05:18.972  INFO 83517 --- [onPool-worker-2] com.example.fljavagateway.EventListener  : 
<-- Chaincode event received: MODEL_SECRET_ADDED_EVENT - {
  "modelId": "93336",
  "round": 9,
  "datasetSize": 30000
}
2022-09-06 01:05:19.193  INFO 83517 --- [onPool-worker-2] com.example.fljavagateway.EventListener  : 
<-- Chaincode event received: MODEL_SECRET_ADDED_EVENT - {
  "modelId": "93336",
  "round": 9,
  "datasetSize": 30000
}
2022-09-06 01:05:19.733  INFO 83517 --- [onPool-worker-2] com.example.fljavagateway.EventListener  : 
<-- Chaincode event received: MODEL_SECRET_ADDED_EVENT - {
  "modelId": "93336",
  "round": 9,
  "datasetSize": 30000
}
2022-09-06 01:05:29.727  INFO 83517 --- [onPool-worker-2] com.example.fljavagateway.EventListener  : 
<-- Chaincode event received: AGGREGATED_SECRET_ADDED_EVENT - {
  "modelId": "93336",
  "round": 9
}
2022-09-06 01:05:29.854  INFO 83517 --- [onPool-worker-2] com.example.fljavagateway.EventListener  : 
<-- Chaincode event received: AGGREGATED_SECRET_ADDED_EVENT - {
  "modelId": "93336",
  "round": 9
}
2022-09-06 01:05:45.857  INFO 83517 --- [onPool-worker-2] com.example.fljavagateway.EventListener  : 
<-- Chaincode event received: ROUND_FINISHED_EVENT - {
  "modelId": "93336",
  "name": "model1",
  "clientsPerRound": 2,
  "secretsPerClient": 2,
  "status": "started",
  "trainingRounds": 10,
  "currentRound": 9
}
2022-09-06 01:06:21.168  INFO 83517 --- [onPool-worker-2] com.example.fljavagateway.EventListener  : 
<-- Chaincode event received: MODEL_SECRET_ADDED_EVENT - {
  "modelId": "93336",
  "round": 10,
  "datasetSize": 30000
}
2022-09-06 01:06:21.367  INFO 83517 --- [onPool-worker-2] com.example.fljavagateway.EventListener  : 
<-- Chaincode event received: MODEL_SECRET_ADDED_EVENT - {
  "modelId": "93336",
  "round": 10,
  "datasetSize": 30000
}
2022-09-06 01:06:21.835  INFO 83517 --- [onPool-worker-2] com.example.fljavagateway.EventListener  : 
<-- Chaincode event received: MODEL_SECRET_ADDED_EVENT - {
  "modelId": "93336",
  "round": 10,
  "datasetSize": 30000
}
2022-09-06 01:06:22.019  INFO 83517 --- [onPool-worker-2] com.example.fljavagateway.EventListener  : 
<-- Chaincode event received: MODEL_SECRET_ADDED_EVENT - {
  "modelId": "93336",
  "round": 10,
  "datasetSize": 30000
}
2022-09-06 01:06:32.271  INFO 83517 --- [onPool-worker-2] com.example.fljavagateway.EventListener  : 
<-- Chaincode event received: AGGREGATED_SECRET_ADDED_EVENT - {
  "modelId": "93336",
  "round": 10
}
2022-09-06 01:06:32.435  INFO 83517 --- [onPool-worker-2] com.example.fljavagateway.EventListener  : 
<-- Chaincode event received: AGGREGATED_SECRET_ADDED_EVENT - {
  "modelId": "93336",
  "round": 10
}
2022-09-06 01:06:48.825  INFO 83517 --- [onPool-worker-2] com.example.fljavagateway.EventListener  : 
<-- Chaincode event received: TRAINING_FINISHED_EVENT - {
  "modelId": "93336",
  "name": "model1",
  "clientsPerRound": 2,
  "secretsPerClient": 2,
  "status": "started",
  "trainingRounds": 10,
  "currentRound": 10
}
