> Task :compileJava UP-TO-DATE
> Task :processResources UP-TO-DATE
> Task :classes UP-TO-DATE
> Task :bootRunMainClassName UP-TO-DATE

> Task :bootRun

  .   ____          _            __ _ _
 /\\ / ___'_ __ _ _(_)_ __  __ _ \ \ \ \
( ( )\___ | '_ | '_| | '_ \/ _` | \ \ \ \
 \\/  ___)| |_)| | | | | || (_| |  ) ) ) )
  '  |____| .__|_| |_|_| |_\__, | / / / /
 =========|_|==============|___/=/_/_/_/
 :: Spring Boot ::                (v2.7.2)

2022-08-27 23:53:27.786  INFO 28248 --- [           main] c.e.f.FlJavaGatewayApplication           : Starting FlJavaGatewayApplication using Java 18.0.2 on hmaid with PID 28248 (/home/hamid/Documents/fl-java-gateway/build/classes/java/main started by hamid in /home/hamid/Documents/fl-java-gateway)
2022-08-27 23:53:27.787 DEBUG 28248 --- [           main] c.e.f.FlJavaGatewayApplication           : Running with Spring Boot v2.7.2, Spring v5.3.22
2022-08-27 23:53:27.788  INFO 28248 --- [           main] c.e.f.FlJavaGatewayApplication           : No active profile set, falling back to 1 default profile: "default"
2022-08-27 23:53:28.557  INFO 28248 --- [           main] o.s.b.w.embedded.tomcat.TomcatWebServer  : Tomcat initialized with port(s): 8080 (http)
2022-08-27 23:53:28.564  INFO 28248 --- [           main] o.apache.catalina.core.StandardService   : Starting service [Tomcat]
2022-08-27 23:53:28.564  INFO 28248 --- [           main] org.apache.catalina.core.StandardEngine  : Starting Servlet engine: [Apache Tomcat/9.0.65]
2022-08-27 23:53:28.659  INFO 28248 --- [           main] o.a.c.c.C.[Tomcat].[localhost].[/]       : Initializing Spring embedded WebApplicationContext
2022-08-27 23:53:28.660  INFO 28248 --- [           main] w.s.c.ServletWebServerApplicationContext : Root WebApplicationContext: initialization completed in 825 ms
2022-08-27 23:53:29.239  WARN 28248 --- [           main] ConfigServletWebServerApplicationContext : Exception encountered during context initialization - cancelling refresh attempt: org.springframework.beans.factory.UnsatisfiedDependencyException: Error creating bean with name 'blockchainBl' defined in file [/home/hamid/Documents/fl-java-gateway/build/classes/java/main/com/example/fljavagateway/BlockchainBl.class]: Unsatisfied dependency expressed through constructor parameter 0; nested exception is org.springframework.beans.factory.UnsatisfiedDependencyException: Error creating bean with name 'org1Contract' defined in class path resource [com/example/fljavagateway/Org1Settings.class]: Unsatisfied dependency expressed through method 'orgContract' parameter 0; nested exception is org.springframework.beans.factory.UnsatisfiedDependencyException: Error creating bean with name 'org1Network' defined in class path resource [com/example/fljavagateway/Org1Settings.class]: Unsatisfied dependency expressed through method 'orgNetwork' parameter 0; nested exception is org.springframework.beans.factory.BeanCreationException: Error creating bean with name 'org1Gateway' defined in class path resource [com/example/fljavagateway/Org1Settings.class]: Bean instantiation via factory method failed; nested exception is org.springframework.beans.BeanInstantiationException: Failed to instantiate [org.hyperledger.fabric.client.Gateway]: Factory method 'orgGateway' threw exception; nested exception is java.nio.file.NoSuchFileException: /home/hamid/Documents/fabric-samples/test-network/organizations/peerOrganizations/org1.example.com/users/trainer1@org1.example.com/msp/signcerts/cert.pem
2022-08-27 23:53:29.241  INFO 28248 --- [           main] o.apache.catalina.core.StandardService   : Stopping service [Tomcat]
2022-08-27 23:53:29.251  INFO 28248 --- [           main] ConditionEvaluationReportLoggingListener : 

Error starting ApplicationContext. To display the conditions report re-run your application with 'debug' enabled.
2022-08-27 23:53:29.269 ERROR 28248 --- [           main] o.s.boot.SpringApplication               : Application run failed

org.springframework.beans.factory.UnsatisfiedDependencyException: Error creating bean with name 'blockchainBl' defined in file [/home/hamid/Documents/fl-java-gateway/build/classes/java/main/com/example/fljavagateway/BlockchainBl.class]: Unsatisfied dependency expressed through constructor parameter 0; nested exception is org.springframework.beans.factory.UnsatisfiedDependencyException: Error creating bean with name 'org1Contract' defined in class path resource [com/example/fljavagateway/Org1Settings.class]: Unsatisfied dependency expressed through method 'orgContract' parameter 0; nested exception is org.springframework.beans.factory.UnsatisfiedDependencyException: Error creating bean with name 'org1Network' defined in class path resource [com/example/fljavagateway/Org1Settings.class]: Unsatisfied dependency expressed through method 'orgNetwork' parameter 0; nested exception is org.springframework.beans.factory.BeanCreationException: Error creating bean with name 'org1Gateway' defined in class path resource [com/example/fljavagateway/Org1Settings.class]: Bean instantiation via factory method failed; nested exception is org.springframework.beans.BeanInstantiationException: Failed to instantiate [org.hyperledger.fabric.client.Gateway]: Factory method 'orgGateway' threw exception; nested exception is java.nio.file.NoSuchFileException: /home/hamid/Documents/fabric-samples/test-network/organizations/peerOrganizations/org1.example.com/users/trainer1@org1.example.com/msp/signcerts/cert.pem
	at org.springframework.beans.factory.support.ConstructorResolver.createArgumentArray(ConstructorResolver.java:800) ~[spring-beans-5.3.22.jar:5.3.22]
	at org.springframework.beans.factory.support.ConstructorResolver.autowireConstructor(ConstructorResolver.java:229) ~[spring-beans-5.3.22.jar:5.3.22]
	at org.springframework.beans.factory.support.AbstractAutowireCapableBeanFactory.autowireConstructor(AbstractAutowireCapableBeanFactory.java:1372) ~[spring-beans-5.3.22.jar:5.3.22]
	at org.springframework.beans.factory.support.AbstractAutowireCapableBeanFactory.createBeanInstance(AbstractAutowireCapableBeanFactory.java:1222) ~[spring-beans-5.3.22.jar:5.3.22]
	at org.springframework.beans.factory.support.AbstractAutowireCapableBeanFactory.doCreateBean(AbstractAutowireCapableBeanFactory.java:582) ~[spring-beans-5.3.22.jar:5.3.22]
	at org.springframework.beans.factory.support.AbstractAutowireCapableBeanFactory.createBean(AbstractAutowireCapableBeanFactory.java:542) ~[spring-beans-5.3.22.jar:5.3.22]
	at org.springframework.beans.factory.support.AbstractBeanFactory.lambda$doGetBean$0(AbstractBeanFactory.java:335) ~[spring-beans-5.3.22.jar:5.3.22]
	at org.springframework.beans.factory.support.DefaultSingletonBeanRegistry.getSingleton(DefaultSingletonBeanRegistry.java:234) ~[spring-beans-5.3.22.jar:5.3.22]
	at org.springframework.beans.factory.support.AbstractBeanFactory.doGetBean(AbstractBeanFactory.java:333) ~[spring-beans-5.3.22.jar:5.3.22]
	at org.springframework.beans.factory.support.AbstractBeanFactory.getBean(AbstractBeanFactory.java:208) ~[spring-beans-5.3.22.jar:5.3.22]
	at org.springframework.beans.factory.support.DefaultListableBeanFactory.preInstantiateSingletons(DefaultListableBeanFactory.java:955) ~[spring-beans-5.3.22.jar:5.3.22]
	at org.springframework.context.support.AbstractApplicationContext.finishBeanFactoryInitialization(AbstractApplicationContext.java:918) ~[spring-context-5.3.22.jar:5.3.22]
	at org.springframework.context.support.AbstractApplicationContext.refresh(AbstractApplicationContext.java:583) ~[spring-context-5.3.22.jar:5.3.22]
	at org.springframework.boot.web.servlet.context.ServletWebServerApplicationContext.refresh(ServletWebServerApplicationContext.java:147) ~[spring-boot-2.7.2.jar:2.7.2]
	at org.springframework.boot.SpringApplication.refresh(SpringApplication.java:734) ~[spring-boot-2.7.2.jar:2.7.2]
	at org.springframework.boot.SpringApplication.refreshContext(SpringApplication.java:408) ~[spring-boot-2.7.2.jar:2.7.2]
	at org.springframework.boot.SpringApplication.run(SpringApplication.java:308) ~[spring-boot-2.7.2.jar:2.7.2]
	at org.springframework.boot.SpringApplication.run(SpringApplication.java:1306) ~[spring-boot-2.7.2.jar:2.7.2]
	at org.springframework.boot.SpringApplication.run(SpringApplication.java:1295) ~[spring-boot-2.7.2.jar:2.7.2]
	at com.example.fljavagateway.FlJavaGatewayApplication.main(FlJavaGatewayApplication.java:10) ~[main/:na]
Caused by: org.springframework.beans.factory.UnsatisfiedDependencyException: Error creating bean with name 'org1Contract' defined in class path resource [com/example/fljavagateway/Org1Settings.class]: Unsatisfied dependency expressed through method 'orgContract' parameter 0; nested exception is org.springframework.beans.factory.UnsatisfiedDependencyException: Error creating bean with name 'org1Network' defined in class path resource [com/example/fljavagateway/Org1Settings.class]: Unsatisfied dependency expressed through method 'orgNetwork' parameter 0; nested exception is org.springframework.beans.factory.BeanCreationException: Error creating bean with name 'org1Gateway' defined in class path resource [com/example/fljavagateway/Org1Settings.class]: Bean instantiation via factory method failed; nested exception is org.springframework.beans.BeanInstantiationException: Failed to instantiate [org.hyperledger.fabric.client.Gateway]: Factory method 'orgGateway' threw exception; nested exception is java.nio.file.NoSuchFileException: /home/hamid/Documents/fabric-samples/test-network/organizations/peerOrganizations/org1.example.com/users/trainer1@org1.example.com/msp/signcerts/cert.pem
	at org.springframework.beans.factory.support.ConstructorResolver.createArgumentArray(ConstructorResolver.java:800) ~[spring-beans-5.3.22.jar:5.3.22]
	at org.springframework.beans.factory.support.ConstructorResolver.instantiateUsingFactoryMethod(ConstructorResolver.java:541) ~[spring-beans-5.3.22.jar:5.3.22]
	at org.springframework.beans.factory.support.AbstractAutowireCapableBeanFactory.instantiateUsingFactoryMethod(AbstractAutowireCapableBeanFactory.java:1352) ~[spring-beans-5.3.22.jar:5.3.22]
	at org.springframework.beans.factory.support.AbstractAutowireCapableBeanFactory.createBeanInstance(AbstractAutowireCapableBeanFactory.java:1195) ~[spring-beans-5.3.22.jar:5.3.22]
	at org.springframework.beans.factory.support.AbstractAutowireCapableBeanFactory.doCreateBean(AbstractAutowireCapableBeanFactory.java:582) ~[spring-beans-5.3.22.jar:5.3.22]
	at org.springframework.beans.factory.support.AbstractAutowireCapableBeanFactory.createBean(AbstractAutowireCapableBeanFactory.java:542) ~[spring-beans-5.3.22.jar:5.3.22]
	at org.springframework.beans.factory.support.AbstractBeanFactory.lambda$doGetBean$0(AbstractBeanFactory.java:335) ~[spring-beans-5.3.22.jar:5.3.22]
	at org.springframework.beans.factory.support.DefaultSingletonBeanRegistry.getSingleton(DefaultSingletonBeanRegistry.java:234) ~[spring-beans-5.3.22.jar:5.3.22]
	at org.springframework.beans.factory.support.AbstractBeanFactory.doGetBean(AbstractBeanFactory.java:333) ~[spring-beans-5.3.22.jar:5.3.22]
	at org.springframework.beans.factory.support.AbstractBeanFactory.getBean(AbstractBeanFactory.java:208) ~[spring-beans-5.3.22.jar:5.3.22]
	at org.springframework.beans.factory.config.DependencyDescriptor.resolveCandidate(DependencyDescriptor.java:276) ~[spring-beans-5.3.22.jar:5.3.22]
	at org.springframework.beans.factory.support.DefaultListableBeanFactory.doResolveDependency(DefaultListableBeanFactory.java:1391) ~[spring-beans-5.3.22.jar:5.3.22]
	at org.springframework.beans.factory.support.DefaultListableBeanFactory.resolveDependency(DefaultListableBeanFactory.java:1311) ~[spring-beans-5.3.22.jar:5.3.22]
	at org.springframework.beans.factory.support.ConstructorResolver.resolveAutowiredArgument(ConstructorResolver.java:887) ~[spring-beans-5.3.22.jar:5.3.22]
	at org.springframework.beans.factory.support.ConstructorResolver.createArgumentArray(ConstructorResolver.java:791) ~[spring-beans-5.3.22.jar:5.3.22]
	... 19 common frames omitted
Caused by: org.springframework.beans.factory.UnsatisfiedDependencyException: Error creating bean with name 'org1Network' defined in class path resource [com/example/fljavagateway/Org1Settings.class]: Unsatisfied dependency expressed through method 'orgNetwork' parameter 0; nested exception is org.springframework.beans.factory.BeanCreationException: Error creating bean with name 'org1Gateway' defined in class path resource [com/example/fljavagateway/Org1Settings.class]: Bean instantiation via factory method failed; nested exception is org.springframework.beans.BeanInstantiationException: Failed to instantiate [org.hyperledger.fabric.client.Gateway]: Factory method 'orgGateway' threw exception; nested exception is java.nio.file.NoSuchFileException: /home/hamid/Documents/fabric-samples/test-network/organizations/peerOrganizations/org1.example.com/users/trainer1@org1.example.com/msp/signcerts/cert.pem
	at org.springframework.beans.factory.support.ConstructorResolver.createArgumentArray(ConstructorResolver.java:800) ~[spring-beans-5.3.22.jar:5.3.22]
	at org.springframework.beans.factory.support.ConstructorResolver.instantiateUsingFactoryMethod(ConstructorResolver.java:541) ~[spring-beans-5.3.22.jar:5.3.22]
	at org.springframework.beans.factory.support.AbstractAutowireCapableBeanFactory.instantiateUsingFactoryMethod(AbstractAutowireCapableBeanFactory.java:1352) ~[spring-beans-5.3.22.jar:5.3.22]
	at org.springframework.beans.factory.support.AbstractAutowireCapableBeanFactory.createBeanInstance(AbstractAutowireCapableBeanFactory.java:1195) ~[spring-beans-5.3.22.jar:5.3.22]
	at org.springframework.beans.factory.support.AbstractAutowireCapableBeanFactory.doCreateBean(AbstractAutowireCapableBeanFactory.java:582) ~[spring-beans-5.3.22.jar:5.3.22]
	at org.springframework.beans.factory.support.AbstractAutowireCapableBeanFactory.createBean(AbstractAutowireCapableBeanFactory.java:542) ~[spring-beans-5.3.22.jar:5.3.22]
	at org.springframework.beans.factory.support.AbstractBeanFactory.lambda$doGetBean$0(AbstractBeanFactory.java:335) ~[spring-beans-5.3.22.jar:5.3.22]
	at org.springframework.beans.factory.support.DefaultSingletonBeanRegistry.getSingleton(DefaultSingletonBeanRegistry.java:234) ~[spring-beans-5.3.22.jar:5.3.22]
	at org.springframework.beans.factory.support.AbstractBeanFactory.doGetBean(AbstractBeanFactory.java:333) ~[spring-beans-5.3.22.jar:5.3.22]
	at org.springframework.beans.factory.support.AbstractBeanFactory.getBean(AbstractBeanFactory.java:208) ~[spring-beans-5.3.22.jar:5.3.22]
	at org.springframework.beans.factory.config.DependencyDescriptor.resolveCandidate(DependencyDescriptor.java:276) ~[spring-beans-5.3.22.jar:5.3.22]
	at org.springframework.beans.factory.support.DefaultListableBeanFactory.doResolveDependency(DefaultListableBeanFactory.java:1391) ~[spring-beans-5.3.22.jar:5.3.22]
	at org.springframework.beans.factory.support.DefaultListableBeanFactory.resolveDependency(DefaultListableBeanFactory.java:1311) ~[spring-beans-5.3.22.jar:5.3.22]
	at org.springframework.beans.factory.support.ConstructorResolver.resolveAutowiredArgument(ConstructorResolver.java:887) ~[spring-beans-5.3.22.jar:5.3.22]
	at org.springframework.beans.factory.support.ConstructorResolver.createArgumentArray(ConstructorResolver.java:791) ~[spring-beans-5.3.22.jar:5.3.22]
	... 33 common frames omitted
Caused by: org.springframework.beans.factory.BeanCreationException: Error creating bean with name 'org1Gateway' defined in class path resource [com/example/fljavagateway/Org1Settings.class]: Bean instantiation via factory method failed; nested exception is org.springframework.beans.BeanInstantiationException: Failed to instantiate [org.hyperledger.fabric.client.Gateway]: Factory method 'orgGateway' threw exception; nested exception is java.nio.file.NoSuchFileException: /home/hamid/Documents/fabric-samples/test-network/organizations/peerOrganizations/org1.example.com/users/trainer1@org1.example.com/msp/signcerts/cert.pem
	at org.springframework.beans.factory.support.ConstructorResolver.instantiate(ConstructorResolver.java:658) ~[spring-beans-5.3.22.jar:5.3.22]
	at org.springframework.beans.factory.support.ConstructorResolver.instantiateUsingFactoryMethod(ConstructorResolver.java:486) ~[spring-beans-5.3.22.jar:5.3.22]
	at org.springframework.beans.factory.support.AbstractAutowireCapableBeanFactory.instantiateUsingFactoryMethod(AbstractAutowireCapableBeanFactory.java:1352) ~[spring-beans-5.3.22.jar:5.3.22]
	at org.springframework.beans.factory.support.AbstractAutowireCapableBeanFactory.createBeanInstance(AbstractAutowireCapableBeanFactory.java:1195) ~[spring-beans-5.3.22.jar:5.3.22]
	at org.springframework.beans.factory.support.AbstractAutowireCapableBeanFactory.doCreateBean(AbstractAutowireCapableBeanFactory.java:582) ~[spring-beans-5.3.22.jar:5.3.22]
	at org.springframework.beans.factory.support.AbstractAutowireCapableBeanFactory.createBean(AbstractAutowireCapableBeanFactory.java:542) ~[spring-beans-5.3.22.jar:5.3.22]
	at org.springframework.beans.factory.support.AbstractBeanFactory.lambda$doGetBean$0(AbstractBeanFactory.java:335) ~[spring-beans-5.3.22.jar:5.3.22]
	at org.springframework.beans.factory.support.DefaultSingletonBeanRegistry.getSingleton(DefaultSingletonBeanRegistry.java:234) ~[spring-beans-5.3.22.jar:5.3.22]
	at org.springframework.beans.factory.support.AbstractBeanFactory.doGetBean(AbstractBeanFactory.java:333) ~[spring-beans-5.3.22.jar:5.3.22]
	at org.springframework.beans.factory.support.AbstractBeanFactory.getBean(AbstractBeanFactory.java:208) ~[spring-beans-5.3.22.jar:5.3.22]
	at org.springframework.beans.factory.config.DependencyDescriptor.resolveCandidate(DependencyDescriptor.java:276) ~[spring-beans-5.3.22.jar:5.3.22]
	at org.springframework.beans.factory.support.DefaultListableBeanFactory.doResolveDependency(DefaultListableBeanFactory.java:1391) ~[spring-beans-5.3.22.jar:5.3.22]
	at org.springframework.beans.factory.support.DefaultListableBeanFactory.resolveDependency(DefaultListableBeanFactory.java:1311) ~[spring-beans-5.3.22.jar:5.3.22]
	at org.springframework.beans.factory.support.ConstructorResolver.resolveAutowiredArgument(ConstructorResolver.java:887) ~[spring-beans-5.3.22.jar:5.3.22]
	at org.springframework.beans.factory.support.ConstructorResolver.createArgumentArray(ConstructorResolver.java:791) ~[spring-beans-5.3.22.jar:5.3.22]
	... 47 common frames omitted
Caused by: org.springframework.beans.BeanInstantiationException: Failed to instantiate [org.hyperledger.fabric.client.Gateway]: Factory method 'orgGateway' threw exception; nested exception is java.nio.file.NoSuchFileException: /home/hamid/Documents/fabric-samples/test-network/organizations/peerOrganizations/org1.example.com/users/trainer1@org1.example.com/msp/signcerts/cert.pem
	at org.springframework.beans.factory.support.SimpleInstantiationStrategy.instantiate(SimpleInstantiationStrategy.java:185) ~[spring-beans-5.3.22.jar:5.3.22]
	at org.springframework.beans.factory.support.ConstructorResolver.instantiate(ConstructorResolver.java:653) ~[spring-beans-5.3.22.jar:5.3.22]
	... 61 common frames omitted
Caused by: java.nio.file.NoSuchFileException: /home/hamid/Documents/fabric-samples/test-network/organizations/peerOrganizations/org1.example.com/users/trainer1@org1.example.com/msp/signcerts/cert.pem
	at java.base/sun.nio.fs.UnixException.translateToIOException(UnixException.java:92) ~[na:na]
	at java.base/sun.nio.fs.UnixException.rethrowAsIOException(UnixException.java:106) ~[na:na]
	at java.base/sun.nio.fs.UnixException.rethrowAsIOException(UnixException.java:111) ~[na:na]
	at java.base/sun.nio.fs.UnixFileSystemProvider.newByteChannel(UnixFileSystemProvider.java:218) ~[na:na]
	at java.base/java.nio.file.Files.newByteChannel(Files.java:380) ~[na:na]
	at java.base/java.nio.file.Files.newByteChannel(Files.java:432) ~[na:na]
	at java.base/java.nio.file.spi.FileSystemProvider.newInputStream(FileSystemProvider.java:422) ~[na:na]
	at java.base/java.nio.file.Files.newInputStream(Files.java:160) ~[na:na]
	at java.base/java.nio.file.Files.newBufferedReader(Files.java:2923) ~[na:na]
	at java.base/java.nio.file.Files.newBufferedReader(Files.java:2956) ~[na:na]
	at com.example.fljavagateway.Settings.newIdentity(Settings.java:84) ~[main/:na]
	at com.example.fljavagateway.Settings.orgGateway(Settings.java:63) ~[main/:na]
	at com.example.fljavagateway.Org1Settings.orgGateway(Org1Settings.java:46) ~[main/:na]
	at com.example.fljavagateway.Org1Settings$$EnhancerBySpringCGLIB$$d4a1bbc4.CGLIB$orgGateway$2(<generated>) ~[main/:na]
	at com.example.fljavagateway.Org1Settings$$EnhancerBySpringCGLIB$$d4a1bbc4$$FastClassBySpringCGLIB$$c9eff837.invoke(<generated>) ~[main/:na]
	at org.springframework.cglib.proxy.MethodProxy.invokeSuper(MethodProxy.java:244) ~[spring-core-5.3.22.jar:5.3.22]
	at org.springframework.context.annotation.ConfigurationClassEnhancer$BeanMethodInterceptor.intercept(ConfigurationClassEnhancer.java:331) ~[spring-context-5.3.22.jar:5.3.22]
	at com.example.fljavagateway.Org1Settings$$EnhancerBySpringCGLIB$$d4a1bbc4.orgGateway(<generated>) ~[main/:na]
	at java.base/jdk.internal.reflect.DirectMethodHandleAccessor.invoke(DirectMethodHandleAccessor.java:104) ~[na:na]
	at java.base/java.lang.reflect.Method.invoke(Method.java:577) ~[na:na]
	at org.springframework.beans.factory.support.SimpleInstantiationStrategy.instantiate(SimpleInstantiationStrategy.java:154) ~[spring-beans-5.3.22.jar:5.3.22]
	... 62 common frames omitted


> Task :bootRun FAILED
4 actionable tasks: 1 executed, 3 up-to-date
> Task :compileJava UP-TO-DATE
> Task :processResources UP-TO-DATE
> Task :classes UP-TO-DATE
> Task :bootRunMainClassName UP-TO-DATE

> Task :bootRun

  .   ____          _            __ _ _
 /\\ / ___'_ __ _ _(_)_ __  __ _ \ \ \ \
( ( )\___ | '_ | '_| | '_ \/ _` | \ \ \ \
 \\/  ___)| |_)| | | | | || (_| |  ) ) ) )
  '  |____| .__|_| |_|_| |_\__, | / / / /
 =========|_|==============|___/=/_/_/_/
 :: Spring Boot ::                (v2.7.2)

2022-08-27 23:53:31.060  INFO 28444 --- [           main] c.e.f.FlJavaGatewayApplication           : Starting FlJavaGatewayApplication using Java 18.0.2 on hmaid with PID 28444 (/home/hamid/Documents/fl-java-gateway/build/classes/java/main started by hamid in /home/hamid/Documents/fl-java-gateway)
2022-08-27 23:53:31.062 DEBUG 28444 --- [           main] c.e.f.FlJavaGatewayApplication           : Running with Spring Boot v2.7.2, Spring v5.3.22
2022-08-27 23:53:31.063  INFO 28444 --- [           main] c.e.f.FlJavaGatewayApplication           : No active profile set, falling back to 1 default profile: "default"
2022-08-27 23:53:31.824  INFO 28444 --- [           main] o.s.b.w.embedded.tomcat.TomcatWebServer  : Tomcat initialized with port(s): 8081 (http)
2022-08-27 23:53:31.833  INFO 28444 --- [           main] o.apache.catalina.core.StandardService   : Starting service [Tomcat]
2022-08-27 23:53:31.833  INFO 28444 --- [           main] org.apache.catalina.core.StandardEngine  : Starting Servlet engine: [Apache Tomcat/9.0.65]
2022-08-27 23:53:31.924  INFO 28444 --- [           main] o.a.c.c.C.[Tomcat].[localhost].[/]       : Initializing Spring embedded WebApplicationContext
2022-08-27 23:53:31.924  INFO 28444 --- [           main] w.s.c.ServletWebServerApplicationContext : Root WebApplicationContext: initialization completed in 805 ms
2022-08-27 23:53:32.455  WARN 28444 --- [           main] ConfigServletWebServerApplicationContext : Exception encountered during context initialization - cancelling refresh attempt: org.springframework.beans.factory.UnsatisfiedDependencyException: Error creating bean with name 'blockchainBl' defined in file [/home/hamid/Documents/fl-java-gateway/build/classes/java/main/com/example/fljavagateway/BlockchainBl.class]: Unsatisfied dependency expressed through constructor parameter 0; nested exception is org.springframework.beans.factory.UnsatisfiedDependencyException: Error creating bean with name 'org1Contract' defined in class path resource [com/example/fljavagateway/Org1Settings.class]: Unsatisfied dependency expressed through method 'orgContract' parameter 0; nested exception is org.springframework.beans.factory.UnsatisfiedDependencyException: Error creating bean with name 'org1Network' defined in class path resource [com/example/fljavagateway/Org1Settings.class]: Unsatisfied dependency expressed through method 'orgNetwork' parameter 0; nested exception is org.springframework.beans.factory.BeanCreationException: Error creating bean with name 'org1Gateway' defined in class path resource [com/example/fljavagateway/Org1Settings.class]: Bean instantiation via factory method failed; nested exception is org.springframework.beans.BeanInstantiationException: Failed to instantiate [org.hyperledger.fabric.client.Gateway]: Factory method 'orgGateway' threw exception; nested exception is java.nio.file.NoSuchFileException: /home/hamid/Documents/fabric-samples/test-network/organizations/peerOrganizations/org1.example.com/users/aggregator1@org1.example.com/msp/signcerts/cert.pem
2022-08-27 23:53:32.457  INFO 28444 --- [           main] o.apache.catalina.core.StandardService   : Stopping service [Tomcat]
2022-08-27 23:53:32.468  INFO 28444 --- [           main] ConditionEvaluationReportLoggingListener : 

Error starting ApplicationContext. To display the conditions report re-run your application with 'debug' enabled.
2022-08-27 23:53:32.487 ERROR 28444 --- [           main] o.s.boot.SpringApplication               : Application run failed

org.springframework.beans.factory.UnsatisfiedDependencyException: Error creating bean with name 'blockchainBl' defined in file [/home/hamid/Documents/fl-java-gateway/build/classes/java/main/com/example/fljavagateway/BlockchainBl.class]: Unsatisfied dependency expressed through constructor parameter 0; nested exception is org.springframework.beans.factory.UnsatisfiedDependencyException: Error creating bean with name 'org1Contract' defined in class path resource [com/example/fljavagateway/Org1Settings.class]: Unsatisfied dependency expressed through method 'orgContract' parameter 0; nested exception is org.springframework.beans.factory.UnsatisfiedDependencyException: Error creating bean with name 'org1Network' defined in class path resource [com/example/fljavagateway/Org1Settings.class]: Unsatisfied dependency expressed through method 'orgNetwork' parameter 0; nested exception is org.springframework.beans.factory.BeanCreationException: Error creating bean with name 'org1Gateway' defined in class path resource [com/example/fljavagateway/Org1Settings.class]: Bean instantiation via factory method failed; nested exception is org.springframework.beans.BeanInstantiationException: Failed to instantiate [org.hyperledger.fabric.client.Gateway]: Factory method 'orgGateway' threw exception; nested exception is java.nio.file.NoSuchFileException: /home/hamid/Documents/fabric-samples/test-network/organizations/peerOrganizations/org1.example.com/users/aggregator1@org1.example.com/msp/signcerts/cert.pem
	at org.springframework.beans.factory.support.ConstructorResolver.createArgumentArray(ConstructorResolver.java:800) ~[spring-beans-5.3.22.jar:5.3.22]
	at org.springframework.beans.factory.support.ConstructorResolver.autowireConstructor(ConstructorResolver.java:229) ~[spring-beans-5.3.22.jar:5.3.22]
	at org.springframework.beans.factory.support.AbstractAutowireCapableBeanFactory.autowireConstructor(AbstractAutowireCapableBeanFactory.java:1372) ~[spring-beans-5.3.22.jar:5.3.22]
	at org.springframework.beans.factory.support.AbstractAutowireCapableBeanFactory.createBeanInstance(AbstractAutowireCapableBeanFactory.java:1222) ~[spring-beans-5.3.22.jar:5.3.22]
	at org.springframework.beans.factory.support.AbstractAutowireCapableBeanFactory.doCreateBean(AbstractAutowireCapableBeanFactory.java:582) ~[spring-beans-5.3.22.jar:5.3.22]
	at org.springframework.beans.factory.support.AbstractAutowireCapableBeanFactory.createBean(AbstractAutowireCapableBeanFactory.java:542) ~[spring-beans-5.3.22.jar:5.3.22]
	at org.springframework.beans.factory.support.AbstractBeanFactory.lambda$doGetBean$0(AbstractBeanFactory.java:335) ~[spring-beans-5.3.22.jar:5.3.22]
	at org.springframework.beans.factory.support.DefaultSingletonBeanRegistry.getSingleton(DefaultSingletonBeanRegistry.java:234) ~[spring-beans-5.3.22.jar:5.3.22]
	at org.springframework.beans.factory.support.AbstractBeanFactory.doGetBean(AbstractBeanFactory.java:333) ~[spring-beans-5.3.22.jar:5.3.22]
	at org.springframework.beans.factory.support.AbstractBeanFactory.getBean(AbstractBeanFactory.java:208) ~[spring-beans-5.3.22.jar:5.3.22]
	at org.springframework.beans.factory.support.DefaultListableBeanFactory.preInstantiateSingletons(DefaultListableBeanFactory.java:955) ~[spring-beans-5.3.22.jar:5.3.22]
	at org.springframework.context.support.AbstractApplicationContext.finishBeanFactoryInitialization(AbstractApplicationContext.java:918) ~[spring-context-5.3.22.jar:5.3.22]
	at org.springframework.context.support.AbstractApplicationContext.refresh(AbstractApplicationContext.java:583) ~[spring-context-5.3.22.jar:5.3.22]
	at org.springframework.boot.web.servlet.context.ServletWebServerApplicationContext.refresh(ServletWebServerApplicationContext.java:147) ~[spring-boot-2.7.2.jar:2.7.2]
	at org.springframework.boot.SpringApplication.refresh(SpringApplication.java:734) ~[spring-boot-2.7.2.jar:2.7.2]
	at org.springframework.boot.SpringApplication.refreshContext(SpringApplication.java:408) ~[spring-boot-2.7.2.jar:2.7.2]
	at org.springframework.boot.SpringApplication.run(SpringApplication.java:308) ~[spring-boot-2.7.2.jar:2.7.2]
	at org.springframework.boot.SpringApplication.run(SpringApplication.java:1306) ~[spring-boot-2.7.2.jar:2.7.2]
	at org.springframework.boot.SpringApplication.run(SpringApplication.java:1295) ~[spring-boot-2.7.2.jar:2.7.2]
	at com.example.fljavagateway.FlJavaGatewayApplication.main(FlJavaGatewayApplication.java:10) ~[main/:na]
Caused by: org.springframework.beans.factory.UnsatisfiedDependencyException: Error creating bean with name 'org1Contract' defined in class path resource [com/example/fljavagateway/Org1Settings.class]: Unsatisfied dependency expressed through method 'orgContract' parameter 0; nested exception is org.springframework.beans.factory.UnsatisfiedDependencyException: Error creating bean with name 'org1Network' defined in class path resource [com/example/fljavagateway/Org1Settings.class]: Unsatisfied dependency expressed through method 'orgNetwork' parameter 0; nested exception is org.springframework.beans.factory.BeanCreationException: Error creating bean with name 'org1Gateway' defined in class path resource [com/example/fljavagateway/Org1Settings.class]: Bean instantiation via factory method failed; nested exception is org.springframework.beans.BeanInstantiationException: Failed to instantiate [org.hyperledger.fabric.client.Gateway]: Factory method 'orgGateway' threw exception; nested exception is java.nio.file.NoSuchFileException: /home/hamid/Documents/fabric-samples/test-network/organizations/peerOrganizations/org1.example.com/users/aggregator1@org1.example.com/msp/signcerts/cert.pem
	at org.springframework.beans.factory.support.ConstructorResolver.createArgumentArray(ConstructorResolver.java:800) ~[spring-beans-5.3.22.jar:5.3.22]
	at org.springframework.beans.factory.support.ConstructorResolver.instantiateUsingFactoryMethod(ConstructorResolver.java:541) ~[spring-beans-5.3.22.jar:5.3.22]
	at org.springframework.beans.factory.support.AbstractAutowireCapableBeanFactory.instantiateUsingFactoryMethod(AbstractAutowireCapableBeanFactory.java:1352) ~[spring-beans-5.3.22.jar:5.3.22]
	at org.springframework.beans.factory.support.AbstractAutowireCapableBeanFactory.createBeanInstance(AbstractAutowireCapableBeanFactory.java:1195) ~[spring-beans-5.3.22.jar:5.3.22]
	at org.springframework.beans.factory.support.AbstractAutowireCapableBeanFactory.doCreateBean(AbstractAutowireCapableBeanFactory.java:582) ~[spring-beans-5.3.22.jar:5.3.22]
	at org.springframework.beans.factory.support.AbstractAutowireCapableBeanFactory.createBean(AbstractAutowireCapableBeanFactory.java:542) ~[spring-beans-5.3.22.jar:5.3.22]
	at org.springframework.beans.factory.support.AbstractBeanFactory.lambda$doGetBean$0(AbstractBeanFactory.java:335) ~[spring-beans-5.3.22.jar:5.3.22]
	at org.springframework.beans.factory.support.DefaultSingletonBeanRegistry.getSingleton(DefaultSingletonBeanRegistry.java:234) ~[spring-beans-5.3.22.jar:5.3.22]
	at org.springframework.beans.factory.support.AbstractBeanFactory.doGetBean(AbstractBeanFactory.java:333) ~[spring-beans-5.3.22.jar:5.3.22]
	at org.springframework.beans.factory.support.AbstractBeanFactory.getBean(AbstractBeanFactory.java:208) ~[spring-beans-5.3.22.jar:5.3.22]
	at org.springframework.beans.factory.config.DependencyDescriptor.resolveCandidate(DependencyDescriptor.java:276) ~[spring-beans-5.3.22.jar:5.3.22]
	at org.springframework.beans.factory.support.DefaultListableBeanFactory.doResolveDependency(DefaultListableBeanFactory.java:1391) ~[spring-beans-5.3.22.jar:5.3.22]
	at org.springframework.beans.factory.support.DefaultListableBeanFactory.resolveDependency(DefaultListableBeanFactory.java:1311) ~[spring-beans-5.3.22.jar:5.3.22]
	at org.springframework.beans.factory.support.ConstructorResolver.resolveAutowiredArgument(ConstructorResolver.java:887) ~[spring-beans-5.3.22.jar:5.3.22]
	at org.springframework.beans.factory.support.ConstructorResolver.createArgumentArray(ConstructorResolver.java:791) ~[spring-beans-5.3.22.jar:5.3.22]
	... 19 common frames omitted
Caused by: org.springframework.beans.factory.UnsatisfiedDependencyException: Error creating bean with name 'org1Network' defined in class path resource [com/example/fljavagateway/Org1Settings.class]: Unsatisfied dependency expressed through method 'orgNetwork' parameter 0; nested exception is org.springframework.beans.factory.BeanCreationException: Error creating bean with name 'org1Gateway' defined in class path resource [com/example/fljavagateway/Org1Settings.class]: Bean instantiation via factory method failed; nested exception is org.springframework.beans.BeanInstantiationException: Failed to instantiate [org.hyperledger.fabric.client.Gateway]: Factory method 'orgGateway' threw exception; nested exception is java.nio.file.NoSuchFileException: /home/hamid/Documents/fabric-samples/test-network/organizations/peerOrganizations/org1.example.com/users/aggregator1@org1.example.com/msp/signcerts/cert.pem
	at org.springframework.beans.factory.support.ConstructorResolver.createArgumentArray(ConstructorResolver.java:800) ~[spring-beans-5.3.22.jar:5.3.22]
	at org.springframework.beans.factory.support.ConstructorResolver.instantiateUsingFactoryMethod(ConstructorResolver.java:541) ~[spring-beans-5.3.22.jar:5.3.22]
	at org.springframework.beans.factory.support.AbstractAutowireCapableBeanFactory.instantiateUsingFactoryMethod(AbstractAutowireCapableBeanFactory.java:1352) ~[spring-beans-5.3.22.jar:5.3.22]
	at org.springframework.beans.factory.support.AbstractAutowireCapableBeanFactory.createBeanInstance(AbstractAutowireCapableBeanFactory.java:1195) ~[spring-beans-5.3.22.jar:5.3.22]
	at org.springframework.beans.factory.support.AbstractAutowireCapableBeanFactory.doCreateBean(AbstractAutowireCapableBeanFactory.java:582) ~[spring-beans-5.3.22.jar:5.3.22]
	at org.springframework.beans.factory.support.AbstractAutowireCapableBeanFactory.createBean(AbstractAutowireCapableBeanFactory.java:542) ~[spring-beans-5.3.22.jar:5.3.22]
	at org.springframework.beans.factory.support.AbstractBeanFactory.lambda$doGetBean$0(AbstractBeanFactory.java:335) ~[spring-beans-5.3.22.jar:5.3.22]
	at org.springframework.beans.factory.support.DefaultSingletonBeanRegistry.getSingleton(DefaultSingletonBeanRegistry.java:234) ~[spring-beans-5.3.22.jar:5.3.22]
	at org.springframework.beans.factory.support.AbstractBeanFactory.doGetBean(AbstractBeanFactory.java:333) ~[spring-beans-5.3.22.jar:5.3.22]
	at org.springframework.beans.factory.support.AbstractBeanFactory.getBean(AbstractBeanFactory.java:208) ~[spring-beans-5.3.22.jar:5.3.22]
	at org.springframework.beans.factory.config.DependencyDescriptor.resolveCandidate(DependencyDescriptor.java:276) ~[spring-beans-5.3.22.jar:5.3.22]
	at org.springframework.beans.factory.support.DefaultListableBeanFactory.doResolveDependency(DefaultListableBeanFactory.java:1391) ~[spring-beans-5.3.22.jar:5.3.22]
	at org.springframework.beans.factory.support.DefaultListableBeanFactory.resolveDependency(DefaultListableBeanFactory.java:1311) ~[spring-beans-5.3.22.jar:5.3.22]
	at org.springframework.beans.factory.support.ConstructorResolver.resolveAutowiredArgument(ConstructorResolver.java:887) ~[spring-beans-5.3.22.jar:5.3.22]
	at org.springframework.beans.factory.support.ConstructorResolver.createArgumentArray(ConstructorResolver.java:791) ~[spring-beans-5.3.22.jar:5.3.22]
	... 33 common frames omitted
Caused by: org.springframework.beans.factory.BeanCreationException: Error creating bean with name 'org1Gateway' defined in class path resource [com/example/fljavagateway/Org1Settings.class]: Bean instantiation via factory method failed; nested exception is org.springframework.beans.BeanInstantiationException: Failed to instantiate [org.hyperledger.fabric.client.Gateway]: Factory method 'orgGateway' threw exception; nested exception is java.nio.file.NoSuchFileException: /home/hamid/Documents/fabric-samples/test-network/organizations/peerOrganizations/org1.example.com/users/aggregator1@org1.example.com/msp/signcerts/cert.pem
	at org.springframework.beans.factory.support.ConstructorResolver.instantiate(ConstructorResolver.java:658) ~[spring-beans-5.3.22.jar:5.3.22]
	at org.springframework.beans.factory.support.ConstructorResolver.instantiateUsingFactoryMethod(ConstructorResolver.java:486) ~[spring-beans-5.3.22.jar:5.3.22]
	at org.springframework.beans.factory.support.AbstractAutowireCapableBeanFactory.instantiateUsingFactoryMethod(AbstractAutowireCapableBeanFactory.java:1352) ~[spring-beans-5.3.22.jar:5.3.22]
	at org.springframework.beans.factory.support.AbstractAutowireCapableBeanFactory.createBeanInstance(AbstractAutowireCapableBeanFactory.java:1195) ~[spring-beans-5.3.22.jar:5.3.22]
	at org.springframework.beans.factory.support.AbstractAutowireCapableBeanFactory.doCreateBean(AbstractAutowireCapableBeanFactory.java:582) ~[spring-beans-5.3.22.jar:5.3.22]
	at org.springframework.beans.factory.support.AbstractAutowireCapableBeanFactory.createBean(AbstractAutowireCapableBeanFactory.java:542) ~[spring-beans-5.3.22.jar:5.3.22]
	at org.springframework.beans.factory.support.AbstractBeanFactory.lambda$doGetBean$0(AbstractBeanFactory.java:335) ~[spring-beans-5.3.22.jar:5.3.22]
	at org.springframework.beans.factory.support.DefaultSingletonBeanRegistry.getSingleton(DefaultSingletonBeanRegistry.java:234) ~[spring-beans-5.3.22.jar:5.3.22]
	at org.springframework.beans.factory.support.AbstractBeanFactory.doGetBean(AbstractBeanFactory.java:333) ~[spring-beans-5.3.22.jar:5.3.22]
	at org.springframework.beans.factory.support.AbstractBeanFactory.getBean(AbstractBeanFactory.java:208) ~[spring-beans-5.3.22.jar:5.3.22]
	at org.springframework.beans.factory.config.DependencyDescriptor.resolveCandidate(DependencyDescriptor.java:276) ~[spring-beans-5.3.22.jar:5.3.22]
	at org.springframework.beans.factory.support.DefaultListableBeanFactory.doResolveDependency(DefaultListableBeanFactory.java:1391) ~[spring-beans-5.3.22.jar:5.3.22]
	at org.springframework.beans.factory.support.DefaultListableBeanFactory.resolveDependency(DefaultListableBeanFactory.java:1311) ~[spring-beans-5.3.22.jar:5.3.22]
	at org.springframework.beans.factory.support.ConstructorResolver.resolveAutowiredArgument(ConstructorResolver.java:887) ~[spring-beans-5.3.22.jar:5.3.22]
	at org.springframework.beans.factory.support.ConstructorResolver.createArgumentArray(ConstructorResolver.java:791) ~[spring-beans-5.3.22.jar:5.3.22]
	... 47 common frames omitted
Caused by: org.springframework.beans.BeanInstantiationException: Failed to instantiate [org.hyperledger.fabric.client.Gateway]: Factory method 'orgGateway' threw exception; nested exception is java.nio.file.NoSuchFileException: /home/hamid/Documents/fabric-samples/test-network/organizations/peerOrganizations/org1.example.com/users/aggregator1@org1.example.com/msp/signcerts/cert.pem
	at org.springframework.beans.factory.support.SimpleInstantiationStrategy.instantiate(SimpleInstantiationStrategy.java:185) ~[spring-beans-5.3.22.jar:5.3.22]
	at org.springframework.beans.factory.support.ConstructorResolver.instantiate(ConstructorResolver.java:653) ~[spring-beans-5.3.22.jar:5.3.22]
	... 61 common frames omitted
Caused by: java.nio.file.NoSuchFileException: /home/hamid/Documents/fabric-samples/test-network/organizations/peerOrganizations/org1.example.com/users/aggregator1@org1.example.com/msp/signcerts/cert.pem
	at java.base/sun.nio.fs.UnixException.translateToIOException(UnixException.java:92) ~[na:na]
	at java.base/sun.nio.fs.UnixException.rethrowAsIOException(UnixException.java:106) ~[na:na]
	at java.base/sun.nio.fs.UnixException.rethrowAsIOException(UnixException.java:111) ~[na:na]
	at java.base/sun.nio.fs.UnixFileSystemProvider.newByteChannel(UnixFileSystemProvider.java:218) ~[na:na]
	at java.base/java.nio.file.Files.newByteChannel(Files.java:380) ~[na:na]
	at java.base/java.nio.file.Files.newByteChannel(Files.java:432) ~[na:na]
	at java.base/java.nio.file.spi.FileSystemProvider.newInputStream(FileSystemProvider.java:422) ~[na:na]
	at java.base/java.nio.file.Files.newInputStream(Files.java:160) ~[na:na]
	at java.base/java.nio.file.Files.newBufferedReader(Files.java:2923) ~[na:na]
	at java.base/java.nio.file.Files.newBufferedReader(Files.java:2956) ~[na:na]
	at com.example.fljavagateway.Settings.newIdentity(Settings.java:84) ~[main/:na]
	at com.example.fljavagateway.Settings.orgGateway(Settings.java:63) ~[main/:na]
	at com.example.fljavagateway.Org1Settings.orgGateway(Org1Settings.java:46) ~[main/:na]
	at com.example.fljavagateway.Org1Settings$$EnhancerBySpringCGLIB$$3ce3d348.CGLIB$orgGateway$2(<generated>) ~[main/:na]
	at com.example.fljavagateway.Org1Settings$$EnhancerBySpringCGLIB$$3ce3d348$$FastClassBySpringCGLIB$$a50b0697.invoke(<generated>) ~[main/:na]
	at org.springframework.cglib.proxy.MethodProxy.invokeSuper(MethodProxy.java:244) ~[spring-core-5.3.22.jar:5.3.22]
	at org.springframework.context.annotation.ConfigurationClassEnhancer$BeanMethodInterceptor.intercept(ConfigurationClassEnhancer.java:331) ~[spring-context-5.3.22.jar:5.3.22]
	at com.example.fljavagateway.Org1Settings$$EnhancerBySpringCGLIB$$3ce3d348.orgGateway(<generated>) ~[main/:na]
	at java.base/jdk.internal.reflect.DirectMethodHandleAccessor.invoke(DirectMethodHandleAccessor.java:104) ~[na:na]
	at java.base/java.lang.reflect.Method.invoke(Method.java:577) ~[na:na]
	at org.springframework.beans.factory.support.SimpleInstantiationStrategy.instantiate(SimpleInstantiationStrategy.java:154) ~[spring-beans-5.3.22.jar:5.3.22]
	... 62 common frames omitted


> Task :bootRun FAILED
4 actionable tasks: 1 executed, 3 up-to-date
> Task :compileJava UP-TO-DATE
> Task :processResources UP-TO-DATE
> Task :classes UP-TO-DATE
> Task :bootRunMainClassName UP-TO-DATE

> Task :bootRun

  .   ____          _            __ _ _
 /\\ / ___'_ __ _ _(_)_ __  __ _ \ \ \ \
( ( )\___ | '_ | '_| | '_ \/ _` | \ \ \ \
 \\/  ___)| |_)| | | | | || (_| |  ) ) ) )
  '  |____| .__|_| |_|_| |_\__, | / / / /
 =========|_|==============|___/=/_/_/_/
 :: Spring Boot ::                (v2.7.2)

2022-08-27 23:53:34.236  INFO 28636 --- [           main] c.e.f.FlJavaGatewayApplication           : Starting FlJavaGatewayApplication using Java 18.0.2 on hmaid with PID 28636 (/home/hamid/Documents/fl-java-gateway/build/classes/java/main started by hamid in /home/hamid/Documents/fl-java-gateway)
2022-08-27 23:53:34.238 DEBUG 28636 --- [           main] c.e.f.FlJavaGatewayApplication           : Running with Spring Boot v2.7.2, Spring v5.3.22
2022-08-27 23:53:34.238  INFO 28636 --- [           main] c.e.f.FlJavaGatewayApplication           : No active profile set, falling back to 1 default profile: "default"
2022-08-27 23:53:35.026  INFO 28636 --- [           main] o.s.b.w.embedded.tomcat.TomcatWebServer  : Tomcat initialized with port(s): 8082 (http)
2022-08-27 23:53:35.034  INFO 28636 --- [           main] o.apache.catalina.core.StandardService   : Starting service [Tomcat]
2022-08-27 23:53:35.035  INFO 28636 --- [           main] org.apache.catalina.core.StandardEngine  : Starting Servlet engine: [Apache Tomcat/9.0.65]
2022-08-27 23:53:35.128  INFO 28636 --- [           main] o.a.c.c.C.[Tomcat].[localhost].[/]       : Initializing Spring embedded WebApplicationContext
2022-08-27 23:53:35.128  INFO 28636 --- [           main] w.s.c.ServletWebServerApplicationContext : Root WebApplicationContext: initialization completed in 838 ms
2022-08-27 23:53:35.664  WARN 28636 --- [           main] ConfigServletWebServerApplicationContext : Exception encountered during context initialization - cancelling refresh attempt: org.springframework.beans.factory.UnsatisfiedDependencyException: Error creating bean with name 'blockchainBl' defined in file [/home/hamid/Documents/fl-java-gateway/build/classes/java/main/com/example/fljavagateway/BlockchainBl.class]: Unsatisfied dependency expressed through constructor parameter 0; nested exception is org.springframework.beans.factory.UnsatisfiedDependencyException: Error creating bean with name 'org1Contract' defined in class path resource [com/example/fljavagateway/Org1Settings.class]: Unsatisfied dependency expressed through method 'orgContract' parameter 0; nested exception is org.springframework.beans.factory.UnsatisfiedDependencyException: Error creating bean with name 'org1Network' defined in class path resource [com/example/fljavagateway/Org1Settings.class]: Unsatisfied dependency expressed through method 'orgNetwork' parameter 0; nested exception is org.springframework.beans.factory.BeanCreationException: Error creating bean with name 'org1Gateway' defined in class path resource [com/example/fljavagateway/Org1Settings.class]: Bean instantiation via factory method failed; nested exception is org.springframework.beans.BeanInstantiationException: Failed to instantiate [org.hyperledger.fabric.client.Gateway]: Factory method 'orgGateway' threw exception; nested exception is java.nio.file.NoSuchFileException: /home/hamid/Documents/fabric-samples/test-network/organizations/peerOrganizations/org1.example.com/users/leadAggregator1@org1.example.com/msp/signcerts/cert.pem
2022-08-27 23:53:35.666  INFO 28636 --- [           main] o.apache.catalina.core.StandardService   : Stopping service [Tomcat]
2022-08-27 23:53:35.679  INFO 28636 --- [           main] ConditionEvaluationReportLoggingListener : 

Error starting ApplicationContext. To display the conditions report re-run your application with 'debug' enabled.
2022-08-27 23:53:35.697 ERROR 28636 --- [           main] o.s.boot.SpringApplication               : Application run failed

org.springframework.beans.factory.UnsatisfiedDependencyException: Error creating bean with name 'blockchainBl' defined in file [/home/hamid/Documents/fl-java-gateway/build/classes/java/main/com/example/fljavagateway/BlockchainBl.class]: Unsatisfied dependency expressed through constructor parameter 0; nested exception is org.springframework.beans.factory.UnsatisfiedDependencyException: Error creating bean with name 'org1Contract' defined in class path resource [com/example/fljavagateway/Org1Settings.class]: Unsatisfied dependency expressed through method 'orgContract' parameter 0; nested exception is org.springframework.beans.factory.UnsatisfiedDependencyException: Error creating bean with name 'org1Network' defined in class path resource [com/example/fljavagateway/Org1Settings.class]: Unsatisfied dependency expressed through method 'orgNetwork' parameter 0; nested exception is org.springframework.beans.factory.BeanCreationException: Error creating bean with name 'org1Gateway' defined in class path resource [com/example/fljavagateway/Org1Settings.class]: Bean instantiation via factory method failed; nested exception is org.springframework.beans.BeanInstantiationException: Failed to instantiate [org.hyperledger.fabric.client.Gateway]: Factory method 'orgGateway' threw exception; nested exception is java.nio.file.NoSuchFileException: /home/hamid/Documents/fabric-samples/test-network/organizations/peerOrganizations/org1.example.com/users/leadAggregator1@org1.example.com/msp/signcerts/cert.pem
	at org.springframework.beans.factory.support.ConstructorResolver.createArgumentArray(ConstructorResolver.java:800) ~[spring-beans-5.3.22.jar:5.3.22]
	at org.springframework.beans.factory.support.ConstructorResolver.autowireConstructor(ConstructorResolver.java:229) ~[spring-beans-5.3.22.jar:5.3.22]
	at org.springframework.beans.factory.support.AbstractAutowireCapableBeanFactory.autowireConstructor(AbstractAutowireCapableBeanFactory.java:1372) ~[spring-beans-5.3.22.jar:5.3.22]
	at org.springframework.beans.factory.support.AbstractAutowireCapableBeanFactory.createBeanInstance(AbstractAutowireCapableBeanFactory.java:1222) ~[spring-beans-5.3.22.jar:5.3.22]
	at org.springframework.beans.factory.support.AbstractAutowireCapableBeanFactory.doCreateBean(AbstractAutowireCapableBeanFactory.java:582) ~[spring-beans-5.3.22.jar:5.3.22]
	at org.springframework.beans.factory.support.AbstractAutowireCapableBeanFactory.createBean(AbstractAutowireCapableBeanFactory.java:542) ~[spring-beans-5.3.22.jar:5.3.22]
	at org.springframework.beans.factory.support.AbstractBeanFactory.lambda$doGetBean$0(AbstractBeanFactory.java:335) ~[spring-beans-5.3.22.jar:5.3.22]
	at org.springframework.beans.factory.support.DefaultSingletonBeanRegistry.getSingleton(DefaultSingletonBeanRegistry.java:234) ~[spring-beans-5.3.22.jar:5.3.22]
	at org.springframework.beans.factory.support.AbstractBeanFactory.doGetBean(AbstractBeanFactory.java:333) ~[spring-beans-5.3.22.jar:5.3.22]
	at org.springframework.beans.factory.support.AbstractBeanFactory.getBean(AbstractBeanFactory.java:208) ~[spring-beans-5.3.22.jar:5.3.22]
	at org.springframework.beans.factory.support.DefaultListableBeanFactory.preInstantiateSingletons(DefaultListableBeanFactory.java:955) ~[spring-beans-5.3.22.jar:5.3.22]
	at org.springframework.context.support.AbstractApplicationContext.finishBeanFactoryInitialization(AbstractApplicationContext.java:918) ~[spring-context-5.3.22.jar:5.3.22]
	at org.springframework.context.support.AbstractApplicationContext.refresh(AbstractApplicationContext.java:583) ~[spring-context-5.3.22.jar:5.3.22]
	at org.springframework.boot.web.servlet.context.ServletWebServerApplicationContext.refresh(ServletWebServerApplicationContext.java:147) ~[spring-boot-2.7.2.jar:2.7.2]
	at org.springframework.boot.SpringApplication.refresh(SpringApplication.java:734) ~[spring-boot-2.7.2.jar:2.7.2]
	at org.springframework.boot.SpringApplication.refreshContext(SpringApplication.java:408) ~[spring-boot-2.7.2.jar:2.7.2]
	at org.springframework.boot.SpringApplication.run(SpringApplication.java:308) ~[spring-boot-2.7.2.jar:2.7.2]
	at org.springframework.boot.SpringApplication.run(SpringApplication.java:1306) ~[spring-boot-2.7.2.jar:2.7.2]
	at org.springframework.boot.SpringApplication.run(SpringApplication.java:1295) ~[spring-boot-2.7.2.jar:2.7.2]
	at com.example.fljavagateway.FlJavaGatewayApplication.main(FlJavaGatewayApplication.java:10) ~[main/:na]
Caused by: org.springframework.beans.factory.UnsatisfiedDependencyException: Error creating bean with name 'org1Contract' defined in class path resource [com/example/fljavagateway/Org1Settings.class]: Unsatisfied dependency expressed through method 'orgContract' parameter 0; nested exception is org.springframework.beans.factory.UnsatisfiedDependencyException: Error creating bean with name 'org1Network' defined in class path resource [com/example/fljavagateway/Org1Settings.class]: Unsatisfied dependency expressed through method 'orgNetwork' parameter 0; nested exception is org.springframework.beans.factory.BeanCreationException: Error creating bean with name 'org1Gateway' defined in class path resource [com/example/fljavagateway/Org1Settings.class]: Bean instantiation via factory method failed; nested exception is org.springframework.beans.BeanInstantiationException: Failed to instantiate [org.hyperledger.fabric.client.Gateway]: Factory method 'orgGateway' threw exception; nested exception is java.nio.file.NoSuchFileException: /home/hamid/Documents/fabric-samples/test-network/organizations/peerOrganizations/org1.example.com/users/leadAggregator1@org1.example.com/msp/signcerts/cert.pem
	at org.springframework.beans.factory.support.ConstructorResolver.createArgumentArray(ConstructorResolver.java:800) ~[spring-beans-5.3.22.jar:5.3.22]
	at org.springframework.beans.factory.support.ConstructorResolver.instantiateUsingFactoryMethod(ConstructorResolver.java:541) ~[spring-beans-5.3.22.jar:5.3.22]
	at org.springframework.beans.factory.support.AbstractAutowireCapableBeanFactory.instantiateUsingFactoryMethod(AbstractAutowireCapableBeanFactory.java:1352) ~[spring-beans-5.3.22.jar:5.3.22]
	at org.springframework.beans.factory.support.AbstractAutowireCapableBeanFactory.createBeanInstance(AbstractAutowireCapableBeanFactory.java:1195) ~[spring-beans-5.3.22.jar:5.3.22]
	at org.springframework.beans.factory.support.AbstractAutowireCapableBeanFactory.doCreateBean(AbstractAutowireCapableBeanFactory.java:582) ~[spring-beans-5.3.22.jar:5.3.22]
	at org.springframework.beans.factory.support.AbstractAutowireCapableBeanFactory.createBean(AbstractAutowireCapableBeanFactory.java:542) ~[spring-beans-5.3.22.jar:5.3.22]
	at org.springframework.beans.factory.support.AbstractBeanFactory.lambda$doGetBean$0(AbstractBeanFactory.java:335) ~[spring-beans-5.3.22.jar:5.3.22]
	at org.springframework.beans.factory.support.DefaultSingletonBeanRegistry.getSingleton(DefaultSingletonBeanRegistry.java:234) ~[spring-beans-5.3.22.jar:5.3.22]
	at org.springframework.beans.factory.support.AbstractBeanFactory.doGetBean(AbstractBeanFactory.java:333) ~[spring-beans-5.3.22.jar:5.3.22]
	at org.springframework.beans.factory.support.AbstractBeanFactory.getBean(AbstractBeanFactory.java:208) ~[spring-beans-5.3.22.jar:5.3.22]
	at org.springframework.beans.factory.config.DependencyDescriptor.resolveCandidate(DependencyDescriptor.java:276) ~[spring-beans-5.3.22.jar:5.3.22]
	at org.springframework.beans.factory.support.DefaultListableBeanFactory.doResolveDependency(DefaultListableBeanFactory.java:1391) ~[spring-beans-5.3.22.jar:5.3.22]
	at org.springframework.beans.factory.support.DefaultListableBeanFactory.resolveDependency(DefaultListableBeanFactory.java:1311) ~[spring-beans-5.3.22.jar:5.3.22]
	at org.springframework.beans.factory.support.ConstructorResolver.resolveAutowiredArgument(ConstructorResolver.java:887) ~[spring-beans-5.3.22.jar:5.3.22]
	at org.springframework.beans.factory.support.ConstructorResolver.createArgumentArray(ConstructorResolver.java:791) ~[spring-beans-5.3.22.jar:5.3.22]
	... 19 common frames omitted
Caused by: org.springframework.beans.factory.UnsatisfiedDependencyException: Error creating bean with name 'org1Network' defined in class path resource [com/example/fljavagateway/Org1Settings.class]: Unsatisfied dependency expressed through method 'orgNetwork' parameter 0; nested exception is org.springframework.beans.factory.BeanCreationException: Error creating bean with name 'org1Gateway' defined in class path resource [com/example/fljavagateway/Org1Settings.class]: Bean instantiation via factory method failed; nested exception is org.springframework.beans.BeanInstantiationException: Failed to instantiate [org.hyperledger.fabric.client.Gateway]: Factory method 'orgGateway' threw exception; nested exception is java.nio.file.NoSuchFileException: /home/hamid/Documents/fabric-samples/test-network/organizations/peerOrganizations/org1.example.com/users/leadAggregator1@org1.example.com/msp/signcerts/cert.pem
	at org.springframework.beans.factory.support.ConstructorResolver.createArgumentArray(ConstructorResolver.java:800) ~[spring-beans-5.3.22.jar:5.3.22]
	at org.springframework.beans.factory.support.ConstructorResolver.instantiateUsingFactoryMethod(ConstructorResolver.java:541) ~[spring-beans-5.3.22.jar:5.3.22]
	at org.springframework.beans.factory.support.AbstractAutowireCapableBeanFactory.instantiateUsingFactoryMethod(AbstractAutowireCapableBeanFactory.java:1352) ~[spring-beans-5.3.22.jar:5.3.22]
	at org.springframework.beans.factory.support.AbstractAutowireCapableBeanFactory.createBeanInstance(AbstractAutowireCapableBeanFactory.java:1195) ~[spring-beans-5.3.22.jar:5.3.22]
	at org.springframework.beans.factory.support.AbstractAutowireCapableBeanFactory.doCreateBean(AbstractAutowireCapableBeanFactory.java:582) ~[spring-beans-5.3.22.jar:5.3.22]
	at org.springframework.beans.factory.support.AbstractAutowireCapableBeanFactory.createBean(AbstractAutowireCapableBeanFactory.java:542) ~[spring-beans-5.3.22.jar:5.3.22]
	at org.springframework.beans.factory.support.AbstractBeanFactory.lambda$doGetBean$0(AbstractBeanFactory.java:335) ~[spring-beans-5.3.22.jar:5.3.22]
	at org.springframework.beans.factory.support.DefaultSingletonBeanRegistry.getSingleton(DefaultSingletonBeanRegistry.java:234) ~[spring-beans-5.3.22.jar:5.3.22]
	at org.springframework.beans.factory.support.AbstractBeanFactory.doGetBean(AbstractBeanFactory.java:333) ~[spring-beans-5.3.22.jar:5.3.22]
	at org.springframework.beans.factory.support.AbstractBeanFactory.getBean(AbstractBeanFactory.java:208) ~[spring-beans-5.3.22.jar:5.3.22]
	at org.springframework.beans.factory.config.DependencyDescriptor.resolveCandidate(DependencyDescriptor.java:276) ~[spring-beans-5.3.22.jar:5.3.22]
	at org.springframework.beans.factory.support.DefaultListableBeanFactory.doResolveDependency(DefaultListableBeanFactory.java:1391) ~[spring-beans-5.3.22.jar:5.3.22]
	at org.springframework.beans.factory.support.DefaultListableBeanFactory.resolveDependency(DefaultListableBeanFactory.java:1311) ~[spring-beans-5.3.22.jar:5.3.22]
	at org.springframework.beans.factory.support.ConstructorResolver.resolveAutowiredArgument(ConstructorResolver.java:887) ~[spring-beans-5.3.22.jar:5.3.22]
	at org.springframework.beans.factory.support.ConstructorResolver.createArgumentArray(ConstructorResolver.java:791) ~[spring-beans-5.3.22.jar:5.3.22]
	... 33 common frames omitted
Caused by: org.springframework.beans.factory.BeanCreationException: Error creating bean with name 'org1Gateway' defined in class path resource [com/example/fljavagateway/Org1Settings.class]: Bean instantiation via factory method failed; nested exception is org.springframework.beans.BeanInstantiationException: Failed to instantiate [org.hyperledger.fabric.client.Gateway]: Factory method 'orgGateway' threw exception; nested exception is java.nio.file.NoSuchFileException: /home/hamid/Documents/fabric-samples/test-network/organizations/peerOrganizations/org1.example.com/users/leadAggregator1@org1.example.com/msp/signcerts/cert.pem
	at org.springframework.beans.factory.support.ConstructorResolver.instantiate(ConstructorResolver.java:658) ~[spring-beans-5.3.22.jar:5.3.22]
	at org.springframework.beans.factory.support.ConstructorResolver.instantiateUsingFactoryMethod(ConstructorResolver.java:486) ~[spring-beans-5.3.22.jar:5.3.22]
	at org.springframework.beans.factory.support.AbstractAutowireCapableBeanFactory.instantiateUsingFactoryMethod(AbstractAutowireCapableBeanFactory.java:1352) ~[spring-beans-5.3.22.jar:5.3.22]
	at org.springframework.beans.factory.support.AbstractAutowireCapableBeanFactory.createBeanInstance(AbstractAutowireCapableBeanFactory.java:1195) ~[spring-beans-5.3.22.jar:5.3.22]
	at org.springframework.beans.factory.support.AbstractAutowireCapableBeanFactory.doCreateBean(AbstractAutowireCapableBeanFactory.java:582) ~[spring-beans-5.3.22.jar:5.3.22]
	at org.springframework.beans.factory.support.AbstractAutowireCapableBeanFactory.createBean(AbstractAutowireCapableBeanFactory.java:542) ~[spring-beans-5.3.22.jar:5.3.22]
	at org.springframework.beans.factory.support.AbstractBeanFactory.lambda$doGetBean$0(AbstractBeanFactory.java:335) ~[spring-beans-5.3.22.jar:5.3.22]
	at org.springframework.beans.factory.support.DefaultSingletonBeanRegistry.getSingleton(DefaultSingletonBeanRegistry.java:234) ~[spring-beans-5.3.22.jar:5.3.22]
	at org.springframework.beans.factory.support.AbstractBeanFactory.doGetBean(AbstractBeanFactory.java:333) ~[spring-beans-5.3.22.jar:5.3.22]
	at org.springframework.beans.factory.support.AbstractBeanFactory.getBean(AbstractBeanFactory.java:208) ~[spring-beans-5.3.22.jar:5.3.22]
	at org.springframework.beans.factory.config.DependencyDescriptor.resolveCandidate(DependencyDescriptor.java:276) ~[spring-beans-5.3.22.jar:5.3.22]
	at org.springframework.beans.factory.support.DefaultListableBeanFactory.doResolveDependency(DefaultListableBeanFactory.java:1391) ~[spring-beans-5.3.22.jar:5.3.22]
	at org.springframework.beans.factory.support.DefaultListableBeanFactory.resolveDependency(DefaultListableBeanFactory.java:1311) ~[spring-beans-5.3.22.jar:5.3.22]
	at org.springframework.beans.factory.support.ConstructorResolver.resolveAutowiredArgument(ConstructorResolver.java:887) ~[spring-beans-5.3.22.jar:5.3.22]
	at org.springframework.beans.factory.support.ConstructorResolver.createArgumentArray(ConstructorResolver.java:791) ~[spring-beans-5.3.22.jar:5.3.22]
	... 47 common frames omitted
Caused by: org.springframework.beans.BeanInstantiationException: Failed to instantiate [org.hyperledger.fabric.client.Gateway]: Factory method 'orgGateway' threw exception; nested exception is java.nio.file.NoSuchFileException: /home/hamid/Documents/fabric-samples/test-network/organizations/peerOrganizations/org1.example.com/users/leadAggregator1@org1.example.com/msp/signcerts/cert.pem
	at org.springframework.beans.factory.support.SimpleInstantiationStrategy.instantiate(SimpleInstantiationStrategy.java:185) ~[spring-beans-5.3.22.jar:5.3.22]
	at org.springframework.beans.factory.support.ConstructorResolver.instantiate(ConstructorResolver.java:653) ~[spring-beans-5.3.22.jar:5.3.22]
	... 61 common frames omitted
Caused by: java.nio.file.NoSuchFileException: /home/hamid/Documents/fabric-samples/test-network/organizations/peerOrganizations/org1.example.com/users/leadAggregator1@org1.example.com/msp/signcerts/cert.pem
	at java.base/sun.nio.fs.UnixException.translateToIOException(UnixException.java:92) ~[na:na]
	at java.base/sun.nio.fs.UnixException.rethrowAsIOException(UnixException.java:106) ~[na:na]
	at java.base/sun.nio.fs.UnixException.rethrowAsIOException(UnixException.java:111) ~[na:na]
	at java.base/sun.nio.fs.UnixFileSystemProvider.newByteChannel(UnixFileSystemProvider.java:218) ~[na:na]
	at java.base/java.nio.file.Files.newByteChannel(Files.java:380) ~[na:na]
	at java.base/java.nio.file.Files.newByteChannel(Files.java:432) ~[na:na]
	at java.base/java.nio.file.spi.FileSystemProvider.newInputStream(FileSystemProvider.java:422) ~[na:na]
	at java.base/java.nio.file.Files.newInputStream(Files.java:160) ~[na:na]
	at java.base/java.nio.file.Files.newBufferedReader(Files.java:2923) ~[na:na]
	at java.base/java.nio.file.Files.newBufferedReader(Files.java:2956) ~[na:na]
	at com.example.fljavagateway.Settings.newIdentity(Settings.java:84) ~[main/:na]
	at com.example.fljavagateway.Settings.orgGateway(Settings.java:63) ~[main/:na]
	at com.example.fljavagateway.Org1Settings.orgGateway(Org1Settings.java:46) ~[main/:na]
	at com.example.fljavagateway.Org1Settings$$EnhancerBySpringCGLIB$$625b602b.CGLIB$orgGateway$2(<generated>) ~[main/:na]
	at com.example.fljavagateway.Org1Settings$$EnhancerBySpringCGLIB$$625b602b$$FastClassBySpringCGLIB$$6d35f439.invoke(<generated>) ~[main/:na]
	at org.springframework.cglib.proxy.MethodProxy.invokeSuper(MethodProxy.java:244) ~[spring-core-5.3.22.jar:5.3.22]
	at org.springframework.context.annotation.ConfigurationClassEnhancer$BeanMethodInterceptor.intercept(ConfigurationClassEnhancer.java:331) ~[spring-context-5.3.22.jar:5.3.22]
	at com.example.fljavagateway.Org1Settings$$EnhancerBySpringCGLIB$$625b602b.orgGateway(<generated>) ~[main/:na]
	at java.base/jdk.internal.reflect.DirectMethodHandleAccessor.invoke(DirectMethodHandleAccessor.java:104) ~[na:na]
	at java.base/java.lang.reflect.Method.invoke(Method.java:577) ~[na:na]
	at org.springframework.beans.factory.support.SimpleInstantiationStrategy.instantiate(SimpleInstantiationStrategy.java:154) ~[spring-beans-5.3.22.jar:5.3.22]
	... 62 common frames omitted


> Task :bootRun FAILED
4 actionable tasks: 1 executed, 3 up-to-date
> Task :compileJava UP-TO-DATE
> Task :processResources UP-TO-DATE
> Task :classes UP-TO-DATE
> Task :bootRunMainClassName UP-TO-DATE

> Task :bootRun

  .   ____          _            __ _ _
 /\\ / ___'_ __ _ _(_)_ __  __ _ \ \ \ \
( ( )\___ | '_ | '_| | '_ \/ _` | \ \ \ \
 \\/  ___)| |_)| | | | | || (_| |  ) ) ) )
  '  |____| .__|_| |_|_| |_\__, | / / / /
 =========|_|==============|___/=/_/_/_/
 :: Spring Boot ::                (v2.7.2)

2022-08-27 23:53:37.539  INFO 28826 --- [           main] c.e.f.FlJavaGatewayApplication           : Starting FlJavaGatewayApplication using Java 18.0.2 on hmaid with PID 28826 (/home/hamid/Documents/fl-java-gateway/build/classes/java/main started by hamid in /home/hamid/Documents/fl-java-gateway)
2022-08-27 23:53:37.541 DEBUG 28826 --- [           main] c.e.f.FlJavaGatewayApplication           : Running with Spring Boot v2.7.2, Spring v5.3.22
2022-08-27 23:53:37.542  INFO 28826 --- [           main] c.e.f.FlJavaGatewayApplication           : No active profile set, falling back to 1 default profile: "default"
2022-08-27 23:53:38.607  INFO 28826 --- [           main] o.s.b.w.embedded.tomcat.TomcatWebServer  : Tomcat initialized with port(s): 8083 (http)
2022-08-27 23:53:38.619  INFO 28826 --- [           main] o.apache.catalina.core.StandardService   : Starting service [Tomcat]
2022-08-27 23:53:38.620  INFO 28826 --- [           main] org.apache.catalina.core.StandardEngine  : Starting Servlet engine: [Apache Tomcat/9.0.65]
2022-08-27 23:53:38.733  INFO 28826 --- [           main] o.a.c.c.C.[Tomcat].[localhost].[/]       : Initializing Spring embedded WebApplicationContext
2022-08-27 23:53:38.733  INFO 28826 --- [           main] w.s.c.ServletWebServerApplicationContext : Root WebApplicationContext: initialization completed in 1136 ms
2022-08-27 23:53:39.579  INFO 28826 --- [           main] com.example.fljavagateway.EventListener  : Start listening for events...
2022-08-27 23:53:39.706 DEBUG 28826 --- [           main] com.example.fljavagateway.SocketHandler  : Hi!
2022-08-27 23:53:40.001  INFO 28826 --- [           main] o.s.b.w.embedded.tomcat.TomcatWebServer  : Tomcat started on port(s): 8083 (http) with context path ''
2022-08-27 23:53:40.011  INFO 28826 --- [           main] c.e.f.FlJavaGatewayApplication           : Started FlJavaGatewayApplication in 2.84 seconds (JVM running for 3.173)
> Task :compileJava UP-TO-DATE
> Task :processResources UP-TO-DATE
> Task :classes UP-TO-DATE
> Task :bootRunMainClassName UP-TO-DATE
Exception in thread "DisconnectableInputStream source reader" org.gradle.api.UncheckedIOException: java.io.IOException: Bad file descriptor
	at org.gradle.internal.UncheckedException.throwAsUncheckedException(UncheckedException.java:62)
	at org.gradle.internal.UncheckedException.throwAsUncheckedException(UncheckedException.java:41)
	at org.gradle.util.internal.DisconnectableInputStream$1.run(DisconnectableInputStream.java:127)
	at java.lang.Thread.run(Thread.java:750)
Caused by: java.io.IOException: Bad file descriptor
	at java.io.FileInputStream.readBytes(Native Method)
	at java.io.FileInputStream.read(FileInputStream.java:255)
	at java.io.BufferedInputStream.read1(BufferedInputStream.java:284)
	at java.io.BufferedInputStream.read(BufferedInputStream.java:345)
	at org.gradle.util.internal.DisconnectableInputStream$1.run(DisconnectableInputStream.java:98)
	... 1 more
> Task :compileJava UP-TO-DATE
> Task :processResources UP-TO-DATE
> Task :classes UP-TO-DATE
> Task :bootRunMainClassName UP-TO-DATE

> Task :bootRun

  .   ____          _            __ _ _
 /\\ / ___'_ __ _ _(_)_ __  __ _ \ \ \ \
( ( )\___ | '_ | '_| | '_ \/ _` | \ \ \ \
 \\/  ___)| |_)| | | | | || (_| |  ) ) ) )
  '  |____| .__|_| |_|_| |_\__, | / / / /
 =========|_|==============|___/=/_/_/_/
 :: Spring Boot ::                (v2.7.2)

2022-08-27 23:54:03.950  INFO 29257 --- [           main] c.e.f.FlJavaGatewayApplication           : Starting FlJavaGatewayApplication using Java 18.0.2 on hmaid with PID 29257 (/home/hamid/Documents/fl-java-gateway/build/classes/java/main started by hamid in /home/hamid/Documents/fl-java-gateway)
2022-08-27 23:54:03.952 DEBUG 29257 --- [           main] c.e.f.FlJavaGatewayApplication           : Running with Spring Boot v2.7.2, Spring v5.3.22
2022-08-27 23:54:03.953  INFO 29257 --- [           main] c.e.f.FlJavaGatewayApplication           : No active profile set, falling back to 1 default profile: "default"
2022-08-27 23:54:04.750  INFO 29257 --- [           main] o.s.b.w.embedded.tomcat.TomcatWebServer  : Tomcat initialized with port(s): 8080 (http)
2022-08-27 23:54:04.757  INFO 29257 --- [           main] o.apache.catalina.core.StandardService   : Starting service [Tomcat]
2022-08-27 23:54:04.758  INFO 29257 --- [           main] org.apache.catalina.core.StandardEngine  : Starting Servlet engine: [Apache Tomcat/9.0.65]
2022-08-27 23:54:04.846  INFO 29257 --- [           main] o.a.c.c.C.[Tomcat].[localhost].[/]       : Initializing Spring embedded WebApplicationContext
2022-08-27 23:54:04.847  INFO 29257 --- [           main] w.s.c.ServletWebServerApplicationContext : Root WebApplicationContext: initialization completed in 841 ms
2022-08-27 23:54:05.396  WARN 29257 --- [           main] ConfigServletWebServerApplicationContext : Exception encountered during context initialization - cancelling refresh attempt: org.springframework.beans.factory.UnsatisfiedDependencyException: Error creating bean with name 'blockchainBl' defined in file [/home/hamid/Documents/fl-java-gateway/build/classes/java/main/com/example/fljavagateway/BlockchainBl.class]: Unsatisfied dependency expressed through constructor parameter 0; nested exception is org.springframework.beans.factory.UnsatisfiedDependencyException: Error creating bean with name 'org1Contract' defined in class path resource [com/example/fljavagateway/Org1Settings.class]: Unsatisfied dependency expressed through method 'orgContract' parameter 0; nested exception is org.springframework.beans.factory.UnsatisfiedDependencyException: Error creating bean with name 'org1Network' defined in class path resource [com/example/fljavagateway/Org1Settings.class]: Unsatisfied dependency expressed through method 'orgNetwork' parameter 0; nested exception is org.springframework.beans.factory.BeanCreationException: Error creating bean with name 'org1Gateway' defined in class path resource [com/example/fljavagateway/Org1Settings.class]: Bean instantiation via factory method failed; nested exception is org.springframework.beans.BeanInstantiationException: Failed to instantiate [org.hyperledger.fabric.client.Gateway]: Factory method 'orgGateway' threw exception; nested exception is java.nio.file.NoSuchFileException: /home/hamid/Documents/fabric-samples/test-network/organizations/peerOrganizations/org1.example.com/users/trainer1@org1.example.com/msp/signcerts/cert.pem
2022-08-27 23:54:05.398  INFO 29257 --- [           main] o.apache.catalina.core.StandardService   : Stopping service [Tomcat]
2022-08-27 23:54:05.408  INFO 29257 --- [           main] ConditionEvaluationReportLoggingListener : 

Error starting ApplicationContext. To display the conditions report re-run your application with 'debug' enabled.
2022-08-27 23:54:05.426 ERROR 29257 --- [           main] o.s.boot.SpringApplication               : Application run failed

org.springframework.beans.factory.UnsatisfiedDependencyException: Error creating bean with name 'blockchainBl' defined in file [/home/hamid/Documents/fl-java-gateway/build/classes/java/main/com/example/fljavagateway/BlockchainBl.class]: Unsatisfied dependency expressed through constructor parameter 0; nested exception is org.springframework.beans.factory.UnsatisfiedDependencyException: Error creating bean with name 'org1Contract' defined in class path resource [com/example/fljavagateway/Org1Settings.class]: Unsatisfied dependency expressed through method 'orgContract' parameter 0; nested exception is org.springframework.beans.factory.UnsatisfiedDependencyException: Error creating bean with name 'org1Network' defined in class path resource [com/example/fljavagateway/Org1Settings.class]: Unsatisfied dependency expressed through method 'orgNetwork' parameter 0; nested exception is org.springframework.beans.factory.BeanCreationException: Error creating bean with name 'org1Gateway' defined in class path resource [com/example/fljavagateway/Org1Settings.class]: Bean instantiation via factory method failed; nested exception is org.springframework.beans.BeanInstantiationException: Failed to instantiate [org.hyperledger.fabric.client.Gateway]: Factory method 'orgGateway' threw exception; nested exception is java.nio.file.NoSuchFileException: /home/hamid/Documents/fabric-samples/test-network/organizations/peerOrganizations/org1.example.com/users/trainer1@org1.example.com/msp/signcerts/cert.pem
	at org.springframework.beans.factory.support.ConstructorResolver.createArgumentArray(ConstructorResolver.java:800) ~[spring-beans-5.3.22.jar:5.3.22]
	at org.springframework.beans.factory.support.ConstructorResolver.autowireConstructor(ConstructorResolver.java:229) ~[spring-beans-5.3.22.jar:5.3.22]
	at org.springframework.beans.factory.support.AbstractAutowireCapableBeanFactory.autowireConstructor(AbstractAutowireCapableBeanFactory.java:1372) ~[spring-beans-5.3.22.jar:5.3.22]
	at org.springframework.beans.factory.support.AbstractAutowireCapableBeanFactory.createBeanInstance(AbstractAutowireCapableBeanFactory.java:1222) ~[spring-beans-5.3.22.jar:5.3.22]
	at org.springframework.beans.factory.support.AbstractAutowireCapableBeanFactory.doCreateBean(AbstractAutowireCapableBeanFactory.java:582) ~[spring-beans-5.3.22.jar:5.3.22]
	at org.springframework.beans.factory.support.AbstractAutowireCapableBeanFactory.createBean(AbstractAutowireCapableBeanFactory.java:542) ~[spring-beans-5.3.22.jar:5.3.22]
	at org.springframework.beans.factory.support.AbstractBeanFactory.lambda$doGetBean$0(AbstractBeanFactory.java:335) ~[spring-beans-5.3.22.jar:5.3.22]
	at org.springframework.beans.factory.support.DefaultSingletonBeanRegistry.getSingleton(DefaultSingletonBeanRegistry.java:234) ~[spring-beans-5.3.22.jar:5.3.22]
	at org.springframework.beans.factory.support.AbstractBeanFactory.doGetBean(AbstractBeanFactory.java:333) ~[spring-beans-5.3.22.jar:5.3.22]
	at org.springframework.beans.factory.support.AbstractBeanFactory.getBean(AbstractBeanFactory.java:208) ~[spring-beans-5.3.22.jar:5.3.22]
	at org.springframework.beans.factory.support.DefaultListableBeanFactory.preInstantiateSingletons(DefaultListableBeanFactory.java:955) ~[spring-beans-5.3.22.jar:5.3.22]
	at org.springframework.context.support.AbstractApplicationContext.finishBeanFactoryInitialization(AbstractApplicationContext.java:918) ~[spring-context-5.3.22.jar:5.3.22]
	at org.springframework.context.support.AbstractApplicationContext.refresh(AbstractApplicationContext.java:583) ~[spring-context-5.3.22.jar:5.3.22]
	at org.springframework.boot.web.servlet.context.ServletWebServerApplicationContext.refresh(ServletWebServerApplicationContext.java:147) ~[spring-boot-2.7.2.jar:2.7.2]
	at org.springframework.boot.SpringApplication.refresh(SpringApplication.java:734) ~[spring-boot-2.7.2.jar:2.7.2]
	at org.springframework.boot.SpringApplication.refreshContext(SpringApplication.java:408) ~[spring-boot-2.7.2.jar:2.7.2]
	at org.springframework.boot.SpringApplication.run(SpringApplication.java:308) ~[spring-boot-2.7.2.jar:2.7.2]
	at org.springframework.boot.SpringApplication.run(SpringApplication.java:1306) ~[spring-boot-2.7.2.jar:2.7.2]
	at org.springframework.boot.SpringApplication.run(SpringApplication.java:1295) ~[spring-boot-2.7.2.jar:2.7.2]
	at com.example.fljavagateway.FlJavaGatewayApplication.main(FlJavaGatewayApplication.java:10) ~[main/:na]
Caused by: org.springframework.beans.factory.UnsatisfiedDependencyException: Error creating bean with name 'org1Contract' defined in class path resource [com/example/fljavagateway/Org1Settings.class]: Unsatisfied dependency expressed through method 'orgContract' parameter 0; nested exception is org.springframework.beans.factory.UnsatisfiedDependencyException: Error creating bean with name 'org1Network' defined in class path resource [com/example/fljavagateway/Org1Settings.class]: Unsatisfied dependency expressed through method 'orgNetwork' parameter 0; nested exception is org.springframework.beans.factory.BeanCreationException: Error creating bean with name 'org1Gateway' defined in class path resource [com/example/fljavagateway/Org1Settings.class]: Bean instantiation via factory method failed; nested exception is org.springframework.beans.BeanInstantiationException: Failed to instantiate [org.hyperledger.fabric.client.Gateway]: Factory method 'orgGateway' threw exception; nested exception is java.nio.file.NoSuchFileException: /home/hamid/Documents/fabric-samples/test-network/organizations/peerOrganizations/org1.example.com/users/trainer1@org1.example.com/msp/signcerts/cert.pem
	at org.springframework.beans.factory.support.ConstructorResolver.createArgumentArray(ConstructorResolver.java:800) ~[spring-beans-5.3.22.jar:5.3.22]
	at org.springframework.beans.factory.support.ConstructorResolver.instantiateUsingFactoryMethod(ConstructorResolver.java:541) ~[spring-beans-5.3.22.jar:5.3.22]
	at org.springframework.beans.factory.support.AbstractAutowireCapableBeanFactory.instantiateUsingFactoryMethod(AbstractAutowireCapableBeanFactory.java:1352) ~[spring-beans-5.3.22.jar:5.3.22]
	at org.springframework.beans.factory.support.AbstractAutowireCapableBeanFactory.createBeanInstance(AbstractAutowireCapableBeanFactory.java:1195) ~[spring-beans-5.3.22.jar:5.3.22]
	at org.springframework.beans.factory.support.AbstractAutowireCapableBeanFactory.doCreateBean(AbstractAutowireCapableBeanFactory.java:582) ~[spring-beans-5.3.22.jar:5.3.22]
	at org.springframework.beans.factory.support.AbstractAutowireCapableBeanFactory.createBean(AbstractAutowireCapableBeanFactory.java:542) ~[spring-beans-5.3.22.jar:5.3.22]
	at org.springframework.beans.factory.support.AbstractBeanFactory.lambda$doGetBean$0(AbstractBeanFactory.java:335) ~[spring-beans-5.3.22.jar:5.3.22]
	at org.springframework.beans.factory.support.DefaultSingletonBeanRegistry.getSingleton(DefaultSingletonBeanRegistry.java:234) ~[spring-beans-5.3.22.jar:5.3.22]
	at org.springframework.beans.factory.support.AbstractBeanFactory.doGetBean(AbstractBeanFactory.java:333) ~[spring-beans-5.3.22.jar:5.3.22]
	at org.springframework.beans.factory.support.AbstractBeanFactory.getBean(AbstractBeanFactory.java:208) ~[spring-beans-5.3.22.jar:5.3.22]
	at org.springframework.beans.factory.config.DependencyDescriptor.resolveCandidate(DependencyDescriptor.java:276) ~[spring-beans-5.3.22.jar:5.3.22]
	at org.springframework.beans.factory.support.DefaultListableBeanFactory.doResolveDependency(DefaultListableBeanFactory.java:1391) ~[spring-beans-5.3.22.jar:5.3.22]
	at org.springframework.beans.factory.support.DefaultListableBeanFactory.resolveDependency(DefaultListableBeanFactory.java:1311) ~[spring-beans-5.3.22.jar:5.3.22]
	at org.springframework.beans.factory.support.ConstructorResolver.resolveAutowiredArgument(ConstructorResolver.java:887) ~[spring-beans-5.3.22.jar:5.3.22]
	at org.springframework.beans.factory.support.ConstructorResolver.createArgumentArray(ConstructorResolver.java:791) ~[spring-beans-5.3.22.jar:5.3.22]
	... 19 common frames omitted
Caused by: org.springframework.beans.factory.UnsatisfiedDependencyException: Error creating bean with name 'org1Network' defined in class path resource [com/example/fljavagateway/Org1Settings.class]: Unsatisfied dependency expressed through method 'orgNetwork' parameter 0; nested exception is org.springframework.beans.factory.BeanCreationException: Error creating bean with name 'org1Gateway' defined in class path resource [com/example/fljavagateway/Org1Settings.class]: Bean instantiation via factory method failed; nested exception is org.springframework.beans.BeanInstantiationException: Failed to instantiate [org.hyperledger.fabric.client.Gateway]: Factory method 'orgGateway' threw exception; nested exception is java.nio.file.NoSuchFileException: /home/hamid/Documents/fabric-samples/test-network/organizations/peerOrganizations/org1.example.com/users/trainer1@org1.example.com/msp/signcerts/cert.pem
	at org.springframework.beans.factory.support.ConstructorResolver.createArgumentArray(ConstructorResolver.java:800) ~[spring-beans-5.3.22.jar:5.3.22]
	at org.springframework.beans.factory.support.ConstructorResolver.instantiateUsingFactoryMethod(ConstructorResolver.java:541) ~[spring-beans-5.3.22.jar:5.3.22]
	at org.springframework.beans.factory.support.AbstractAutowireCapableBeanFactory.instantiateUsingFactoryMethod(AbstractAutowireCapableBeanFactory.java:1352) ~[spring-beans-5.3.22.jar:5.3.22]
	at org.springframework.beans.factory.support.AbstractAutowireCapableBeanFactory.createBeanInstance(AbstractAutowireCapableBeanFactory.java:1195) ~[spring-beans-5.3.22.jar:5.3.22]
	at org.springframework.beans.factory.support.AbstractAutowireCapableBeanFactory.doCreateBean(AbstractAutowireCapableBeanFactory.java:582) ~[spring-beans-5.3.22.jar:5.3.22]
	at org.springframework.beans.factory.support.AbstractAutowireCapableBeanFactory.createBean(AbstractAutowireCapableBeanFactory.java:542) ~[spring-beans-5.3.22.jar:5.3.22]
	at org.springframework.beans.factory.support.AbstractBeanFactory.lambda$doGetBean$0(AbstractBeanFactory.java:335) ~[spring-beans-5.3.22.jar:5.3.22]
	at org.springframework.beans.factory.support.DefaultSingletonBeanRegistry.getSingleton(DefaultSingletonBeanRegistry.java:234) ~[spring-beans-5.3.22.jar:5.3.22]
	at org.springframework.beans.factory.support.AbstractBeanFactory.doGetBean(AbstractBeanFactory.java:333) ~[spring-beans-5.3.22.jar:5.3.22]
	at org.springframework.beans.factory.support.AbstractBeanFactory.getBean(AbstractBeanFactory.java:208) ~[spring-beans-5.3.22.jar:5.3.22]
	at org.springframework.beans.factory.config.DependencyDescriptor.resolveCandidate(DependencyDescriptor.java:276) ~[spring-beans-5.3.22.jar:5.3.22]
	at org.springframework.beans.factory.support.DefaultListableBeanFactory.doResolveDependency(DefaultListableBeanFactory.java:1391) ~[spring-beans-5.3.22.jar:5.3.22]
	at org.springframework.beans.factory.support.DefaultListableBeanFactory.resolveDependency(DefaultListableBeanFactory.java:1311) ~[spring-beans-5.3.22.jar:5.3.22]
	at org.springframework.beans.factory.support.ConstructorResolver.resolveAutowiredArgument(ConstructorResolver.java:887) ~[spring-beans-5.3.22.jar:5.3.22]
	at org.springframework.beans.factory.support.ConstructorResolver.createArgumentArray(ConstructorResolver.java:791) ~[spring-beans-5.3.22.jar:5.3.22]
	... 33 common frames omitted
Caused by: org.springframework.beans.factory.BeanCreationException: Error creating bean with name 'org1Gateway' defined in class path resource [com/example/fljavagateway/Org1Settings.class]: Bean instantiation via factory method failed; nested exception is org.springframework.beans.BeanInstantiationException: Failed to instantiate [org.hyperledger.fabric.client.Gateway]: Factory method 'orgGateway' threw exception; nested exception is java.nio.file.NoSuchFileException: /home/hamid/Documents/fabric-samples/test-network/organizations/peerOrganizations/org1.example.com/users/trainer1@org1.example.com/msp/signcerts/cert.pem
	at org.springframework.beans.factory.support.ConstructorResolver.instantiate(ConstructorResolver.java:658) ~[spring-beans-5.3.22.jar:5.3.22]
	at org.springframework.beans.factory.support.ConstructorResolver.instantiateUsingFactoryMethod(ConstructorResolver.java:486) ~[spring-beans-5.3.22.jar:5.3.22]
	at org.springframework.beans.factory.support.AbstractAutowireCapableBeanFactory.instantiateUsingFactoryMethod(AbstractAutowireCapableBeanFactory.java:1352) ~[spring-beans-5.3.22.jar:5.3.22]
	at org.springframework.beans.factory.support.AbstractAutowireCapableBeanFactory.createBeanInstance(AbstractAutowireCapableBeanFactory.java:1195) ~[spring-beans-5.3.22.jar:5.3.22]
	at org.springframework.beans.factory.support.AbstractAutowireCapableBeanFactory.doCreateBean(AbstractAutowireCapableBeanFactory.java:582) ~[spring-beans-5.3.22.jar:5.3.22]
	at org.springframework.beans.factory.support.AbstractAutowireCapableBeanFactory.createBean(AbstractAutowireCapableBeanFactory.java:542) ~[spring-beans-5.3.22.jar:5.3.22]
	at org.springframework.beans.factory.support.AbstractBeanFactory.lambda$doGetBean$0(AbstractBeanFactory.java:335) ~[spring-beans-5.3.22.jar:5.3.22]
	at org.springframework.beans.factory.support.DefaultSingletonBeanRegistry.getSingleton(DefaultSingletonBeanRegistry.java:234) ~[spring-beans-5.3.22.jar:5.3.22]
	at org.springframework.beans.factory.support.AbstractBeanFactory.doGetBean(AbstractBeanFactory.java:333) ~[spring-beans-5.3.22.jar:5.3.22]
	at org.springframework.beans.factory.support.AbstractBeanFactory.getBean(AbstractBeanFactory.java:208) ~[spring-beans-5.3.22.jar:5.3.22]
	at org.springframework.beans.factory.config.DependencyDescriptor.resolveCandidate(DependencyDescriptor.java:276) ~[spring-beans-5.3.22.jar:5.3.22]
	at org.springframework.beans.factory.support.DefaultListableBeanFactory.doResolveDependency(DefaultListableBeanFactory.java:1391) ~[spring-beans-5.3.22.jar:5.3.22]
	at org.springframework.beans.factory.support.DefaultListableBeanFactory.resolveDependency(DefaultListableBeanFactory.java:1311) ~[spring-beans-5.3.22.jar:5.3.22]
	at org.springframework.beans.factory.support.ConstructorResolver.resolveAutowiredArgument(ConstructorResolver.java:887) ~[spring-beans-5.3.22.jar:5.3.22]
	at org.springframework.beans.factory.support.ConstructorResolver.createArgumentArray(ConstructorResolver.java:791) ~[spring-beans-5.3.22.jar:5.3.22]
	... 47 common frames omitted
Caused by: org.springframework.beans.BeanInstantiationException: Failed to instantiate [org.hyperledger.fabric.client.Gateway]: Factory method 'orgGateway' threw exception; nested exception is java.nio.file.NoSuchFileException: /home/hamid/Documents/fabric-samples/test-network/organizations/peerOrganizations/org1.example.com/users/trainer1@org1.example.com/msp/signcerts/cert.pem
	at org.springframework.beans.factory.support.SimpleInstantiationStrategy.instantiate(SimpleInstantiationStrategy.java:185) ~[spring-beans-5.3.22.jar:5.3.22]
	at org.springframework.beans.factory.support.ConstructorResolver.instantiate(ConstructorResolver.java:653) ~[spring-beans-5.3.22.jar:5.3.22]
	... 61 common frames omitted
Caused by: java.nio.file.NoSuchFileException: /home/hamid/Documents/fabric-samples/test-network/organizations/peerOrganizations/org1.example.com/users/trainer1@org1.example.com/msp/signcerts/cert.pem
	at java.base/sun.nio.fs.UnixException.translateToIOException(UnixException.java:92) ~[na:na]
	at java.base/sun.nio.fs.UnixException.rethrowAsIOException(UnixException.java:106) ~[na:na]
	at java.base/sun.nio.fs.UnixException.rethrowAsIOException(UnixException.java:111) ~[na:na]
	at java.base/sun.nio.fs.UnixFileSystemProvider.newByteChannel(UnixFileSystemProvider.java:218) ~[na:na]
	at java.base/java.nio.file.Files.newByteChannel(Files.java:380) ~[na:na]
	at java.base/java.nio.file.Files.newByteChannel(Files.java:432) ~[na:na]
	at java.base/java.nio.file.spi.FileSystemProvider.newInputStream(FileSystemProvider.java:422) ~[na:na]
	at java.base/java.nio.file.Files.newInputStream(Files.java:160) ~[na:na]
	at java.base/java.nio.file.Files.newBufferedReader(Files.java:2923) ~[na:na]
	at java.base/java.nio.file.Files.newBufferedReader(Files.java:2956) ~[na:na]
	at com.example.fljavagateway.Settings.newIdentity(Settings.java:84) ~[main/:na]
	at com.example.fljavagateway.Settings.orgGateway(Settings.java:63) ~[main/:na]
	at com.example.fljavagateway.Org1Settings.orgGateway(Org1Settings.java:46) ~[main/:na]
	at com.example.fljavagateway.Org1Settings$$EnhancerBySpringCGLIB$$9f7975da.CGLIB$orgGateway$2(<generated>) ~[main/:na]
	at com.example.fljavagateway.Org1Settings$$EnhancerBySpringCGLIB$$9f7975da$$FastClassBySpringCGLIB$$64c5fed0.invoke(<generated>) ~[main/:na]
	at org.springframework.cglib.proxy.MethodProxy.invokeSuper(MethodProxy.java:244) ~[spring-core-5.3.22.jar:5.3.22]
	at org.springframework.context.annotation.ConfigurationClassEnhancer$BeanMethodInterceptor.intercept(ConfigurationClassEnhancer.java:331) ~[spring-context-5.3.22.jar:5.3.22]
	at com.example.fljavagateway.Org1Settings$$EnhancerBySpringCGLIB$$9f7975da.orgGateway(<generated>) ~[main/:na]
	at java.base/jdk.internal.reflect.DirectMethodHandleAccessor.invoke(DirectMethodHandleAccessor.java:104) ~[na:na]
	at java.base/java.lang.reflect.Method.invoke(Method.java:577) ~[na:na]
	at org.springframework.beans.factory.support.SimpleInstantiationStrategy.instantiate(SimpleInstantiationStrategy.java:154) ~[spring-beans-5.3.22.jar:5.3.22]
	... 62 common frames omitted


> Task :bootRun FAILED

FAILURE: Build failed with an exception.

* What went wrong:
Execution failed for task ':bootRun'.
> Process 'command '/home/hamid/.jdks/openjdk-18.0.2/bin/java'' finished with non-zero exit value 1

* Try:
> Run with --stacktrace option to get the stack trace.
> Run with --info or --debug option to get more log output.
> Run with --scan to get full insights.

* Get more help at https://help.gradle.org

BUILD FAILED in 3s
4 actionable tasks: 1 executed, 3 up-to-date
> Task :compileJava UP-TO-DATE
> Task :processResources UP-TO-DATE
> Task :classes UP-TO-DATE
> Task :bootRunMainClassName UP-TO-DATE
Starting a Gradle Daemon, 1 busy and 1 incompatible and 1 stopped Daemons could not be reused, use --status for details
> Task :compileJava UP-TO-DATE
> Task :processResources UP-TO-DATE
> Task :classes UP-TO-DATE
> Task :bootRunMainClassName UP-TO-DATE

> Task :bootRun

  .   ____          _            __ _ _
 /\\ / ___'_ __ _ _(_)_ __  __ _ \ \ \ \
( ( )\___ | '_ | '_| | '_ \/ _` | \ \ \ \
 \\/  ___)| |_)| | | | | || (_| |  ) ) ) )
  '  |____| .__|_| |_|_| |_\__, | / / / /
 =========|_|==============|___/=/_/_/_/
 :: Spring Boot ::                (v2.7.2)

2022-08-27 23:57:28.692  INFO 31122 --- [           main] c.e.f.FlJavaGatewayApplication           : Starting FlJavaGatewayApplication using Java 18.0.2 on hmaid with PID 31122 (/home/hamid/Documents/fl-java-gateway/build/classes/java/main started by hamid in /home/hamid/Documents/fl-java-gateway)
2022-08-27 23:57:28.695 DEBUG 31122 --- [           main] c.e.f.FlJavaGatewayApplication           : Running with Spring Boot v2.7.2, Spring v5.3.22
2022-08-27 23:57:28.695  INFO 31122 --- [           main] c.e.f.FlJavaGatewayApplication           : No active profile set, falling back to 1 default profile: "default"
2022-08-27 23:57:29.463  INFO 31122 --- [           main] o.s.b.w.embedded.tomcat.TomcatWebServer  : Tomcat initialized with port(s): 8080 (http)
2022-08-27 23:57:29.472  INFO 31122 --- [           main] o.apache.catalina.core.StandardService   : Starting service [Tomcat]
2022-08-27 23:57:29.472  INFO 31122 --- [           main] org.apache.catalina.core.StandardEngine  : Starting Servlet engine: [Apache Tomcat/9.0.65]
2022-08-27 23:57:29.562  INFO 31122 --- [           main] o.a.c.c.C.[Tomcat].[localhost].[/]       : Initializing Spring embedded WebApplicationContext
2022-08-27 23:57:29.562  INFO 31122 --- [           main] w.s.c.ServletWebServerApplicationContext : Root WebApplicationContext: initialization completed in 818 ms
2022-08-27 23:57:30.390  INFO 31122 --- [           main] com.example.fljavagateway.EventListener  : Start listening for events...
2022-08-27 23:57:30.542 DEBUG 31122 --- [           main] com.example.fljavagateway.SocketHandler  : Hi!
2022-08-27 23:57:31.065  INFO 31122 --- [           main] o.s.b.w.embedded.tomcat.TomcatWebServer  : Tomcat started on port(s): 8080 (http) with context path ''
2022-08-27 23:57:31.086  INFO 31122 --- [           main] c.e.f.FlJavaGatewayApplication           : Started FlJavaGatewayApplication in 2.742 seconds (JVM running for 3.072)
Starting a Gradle Daemon, 3 busy and 1 incompatible and 1 stopped Daemons could not be reused, use --status for details
> Task :compileJava UP-TO-DATE
> Task :processResources UP-TO-DATE
> Task :classes UP-TO-DATE
> Task :bootRunMainClassName UP-TO-DATE

> Task :bootRun

  .   ____          _            __ _ _
 /\\ / ___'_ __ _ _(_)_ __  __ _ \ \ \ \
( ( )\___ | '_ | '_| | '_ \/ _` | \ \ \ \
 \\/  ___)| |_)| | | | | || (_| |  ) ) ) )
  '  |____| .__|_| |_|_| |_\__, | / / / /
 =========|_|==============|___/=/_/_/_/
 :: Spring Boot ::                (v2.7.2)

2022-08-28 00:03:02.578  INFO 35161 --- [           main] c.e.f.FlJavaGatewayApplication           : Starting FlJavaGatewayApplication using Java 18.0.2 on hmaid with PID 35161 (/home/hamid/Documents/fl-java-gateway/build/classes/java/main started by hamid in /home/hamid/Documents/fl-java-gateway)
2022-08-28 00:03:02.581 DEBUG 35161 --- [           main] c.e.f.FlJavaGatewayApplication           : Running with Spring Boot v2.7.2, Spring v5.3.22
2022-08-28 00:03:02.581  INFO 35161 --- [           main] c.e.f.FlJavaGatewayApplication           : No active profile set, falling back to 1 default profile: "default"
2022-08-28 00:03:03.374  INFO 35161 --- [           main] o.s.b.w.embedded.tomcat.TomcatWebServer  : Tomcat initialized with port(s): 8080 (http)
2022-08-28 00:03:03.382  INFO 35161 --- [           main] o.apache.catalina.core.StandardService   : Starting service [Tomcat]
2022-08-28 00:03:03.383  INFO 35161 --- [           main] org.apache.catalina.core.StandardEngine  : Starting Servlet engine: [Apache Tomcat/9.0.65]
2022-08-28 00:03:03.467  INFO 35161 --- [           main] o.a.c.c.C.[Tomcat].[localhost].[/]       : Initializing Spring embedded WebApplicationContext
2022-08-28 00:03:03.467  INFO 35161 --- [           main] w.s.c.ServletWebServerApplicationContext : Root WebApplicationContext: initialization completed in 837 ms
2022-08-28 00:03:04.148  INFO 35161 --- [           main] com.example.fljavagateway.EventListener  : Start listening for events...
2022-08-28 00:03:04.276 DEBUG 35161 --- [           main] com.example.fljavagateway.SocketHandler  : Hi!
2022-08-28 00:03:04.562  INFO 35161 --- [           main] o.s.b.w.embedded.tomcat.TomcatWebServer  : Tomcat started on port(s): 8080 (http) with context path ''
2022-08-28 00:03:04.572  INFO 35161 --- [           main] c.e.f.FlJavaGatewayApplication           : Started FlJavaGatewayApplication in 2.362 seconds (JVM running for 2.714)
