
  .   ____          _            __ _ _
 /\\ / ___'_ __ _ _(_)_ __  __ _ \ \ \ \
( ( )\___ | '_ | '_| | '_ \/ _` | \ \ \ \
 \\/  ___)| |_)| | | | | || (_| |  ) ) ) )
  '  |____| .__|_| |_|_| |_\__, | / / / /
 =========|_|==============|___/=/_/_/_/
 :: Spring Boot ::                (v2.7.2)

2022-09-06 00:08:42.760  INFO 83519 --- [           main] c.e.f.FlJavaGatewayApplication           : Starting FlJavaGatewayApplication using Java 18.0.2 on hmaid with PID 83519 (/home/hamid/Documents/fl-java-gateway/build/libs/fl-java-gateway-0.0.1-SNAPSHOT.jar started by hamid in /home/hamid/Documents/fl-java-gateway)
2022-09-06 00:08:42.776 DEBUG 83519 --- [           main] c.e.f.FlJavaGatewayApplication           : Running with Spring Boot v2.7.2, Spring v5.3.22
2022-09-06 00:08:42.777  INFO 83519 --- [           main] c.e.f.FlJavaGatewayApplication           : No active profile set, falling back to 1 default profile: "default"
2022-09-06 00:08:49.010  INFO 83519 --- [           main] o.s.b.w.embedded.tomcat.TomcatWebServer  : Tomcat initialized with port(s): 8091 (http)
2022-09-06 00:08:49.113  INFO 83519 --- [           main] o.apache.catalina.core.StandardService   : Starting service [Tomcat]
2022-09-06 00:08:49.115  INFO 83519 --- [           main] org.apache.catalina.core.StandardEngine  : Starting Servlet engine: [Apache Tomcat/9.0.65]
2022-09-06 00:08:49.656  INFO 83519 --- [           main] o.a.c.c.C.[Tomcat].[localhost].[/]       : Initializing Spring embedded WebApplicationContext
2022-09-06 00:08:49.660  INFO 83519 --- [           main] w.s.c.ServletWebServerApplicationContext : Root WebApplicationContext: initialization completed in 6525 ms
2022-09-06 00:08:53.530  INFO 83519 --- [           main] com.example.fljavagateway.BlockchainBl   : Using org2Contract for defaultContract
2022-09-06 00:08:53.531  INFO 83519 --- [           main] com.example.fljavagateway.BlockchainBl   : --fl.aggregator.organization=org1
2022-09-06 00:08:53.531  INFO 83519 --- [           main] com.example.fljavagateway.BlockchainBl   : Using org1Contract for aggregatorContract
2022-09-06 00:08:53.577 DEBUG 83519 --- [           main] com.example.fljavagateway.SocketHandler  : Hi!
2022-09-06 00:08:53.667  INFO 83519 --- [           main] com.example.fljavagateway.EventListener  : Start listening for events...
2022-09-06 00:08:56.188  INFO 83519 --- [           main] o.s.b.w.embedded.tomcat.TomcatWebServer  : Tomcat started on port(s): 8091 (http) with context path ''
2022-09-06 00:08:56.207  INFO 83519 --- [           main] c.e.f.FlJavaGatewayApplication           : Started FlJavaGatewayApplication in 15.334 seconds (JVM running for 17.731)
2022-09-06 00:09:11.526  INFO 83519 --- [nio-8091-exec-1] o.a.c.c.C.[Tomcat].[localhost].[/]       : Initializing Spring DispatcherServlet 'dispatcherServlet'
2022-09-06 00:09:11.527  INFO 83519 --- [nio-8091-exec-1] o.s.web.servlet.DispatcherServlet        : Initializing Servlet 'dispatcherServlet'
2022-09-06 00:09:11.529  INFO 83519 --- [nio-8091-exec-1] o.s.web.servlet.DispatcherServlet        : Completed initialization in 2 ms
2022-09-06 00:09:12.026  INFO 83519 --- [nio-8091-exec-6] com.example.fljavagateway.SocketHandler  : New socket connected successfully.
2022-09-06 00:09:25.239  INFO 83519 --- [onPool-worker-2] com.example.fljavagateway.EventListener  : 
<-- Chaincode event received: CREATE_MODEL_METADATA_EVENT - {
  "modelId": "99354",
  "name": "model1",
  "clientsPerRound": 2,
  "secretsPerClient": 2,
  "status": "initiated",
  "trainingRounds": 10,
  "currentRound": 0
}
2022-09-06 00:09:27.328  INFO 83519 --- [onPool-worker-2] com.example.fljavagateway.EventListener  : 
<-- Chaincode event received: START_TRAINING_EVENT - {
  "modelId": "99354",
  "name": "model1",
  "clientsPerRound": 2,
  "secretsPerClient": 2,
  "status": "started",
  "trainingRounds": 10,
  "currentRound": 0
}
2022-09-06 00:10:00.053  INFO 83519 --- [onPool-worker-2] com.example.fljavagateway.EventListener  : 
<-- Chaincode event received: MODEL_SECRET_ADDED_EVENT - {
  "modelId": "99354",
  "round": 0,
  "datasetSize": 30000
}
2022-09-06 00:10:00.292  INFO 83519 --- [onPool-worker-2] com.example.fljavagateway.EventListener  : 
<-- Chaincode event received: MODEL_SECRET_ADDED_EVENT - {
  "modelId": "99354",
  "round": 0,
  "datasetSize": 30000
}
2022-09-06 00:10:01.384  INFO 83519 --- [onPool-worker-2] com.example.fljavagateway.EventListener  : 
<-- Chaincode event received: MODEL_SECRET_ADDED_EVENT - {
  "modelId": "99354",
  "round": 0,
  "datasetSize": 30000
}
2022-09-06 00:10:02.664  INFO 83519 --- [onPool-worker-2] com.example.fljavagateway.EventListener  : 
<-- Chaincode event received: MODEL_SECRET_ADDED_EVENT - {
  "modelId": "99354",
  "round": 0,
  "datasetSize": 30000
}
2022-09-06 00:10:12.836  INFO 83519 --- [onPool-worker-2] com.example.fljavagateway.EventListener  : 
<-- Chaincode event received: AGGREGATED_SECRET_ADDED_EVENT - {
  "modelId": "99354",
  "round": 0
}
2022-09-06 00:10:13.309  INFO 83519 --- [onPool-worker-2] com.example.fljavagateway.EventListener  : 
<-- Chaincode event received: AGGREGATED_SECRET_ADDED_EVENT - {
  "modelId": "99354",
  "round": 0
}
2022-09-06 00:17:42.693  INFO 83519 --- [nio-8091-exec-1] com.example.fljavagateway.SocketHandler  : New socket connected successfully.
2022-09-06 00:17:51.639  INFO 83519 --- [onPool-worker-2] com.example.fljavagateway.EventListener  : 
<-- Chaincode event received: CREATE_MODEL_METADATA_EVENT - {
  "modelId": "32077",
  "name": "model1",
  "clientsPerRound": 2,
  "secretsPerClient": 2,
  "status": "initiated",
  "trainingRounds": 10,
  "currentRound": 0
}
2022-09-06 00:17:53.723  INFO 83519 --- [onPool-worker-2] com.example.fljavagateway.EventListener  : 
<-- Chaincode event received: START_TRAINING_EVENT - {
  "modelId": "32077",
  "name": "model1",
  "clientsPerRound": 2,
  "secretsPerClient": 2,
  "status": "started",
  "trainingRounds": 10,
  "currentRound": 0
}
2022-09-06 00:18:28.402  INFO 83519 --- [onPool-worker-2] com.example.fljavagateway.EventListener  : 
<-- Chaincode event received: MODEL_SECRET_ADDED_EVENT - {
  "modelId": "32077",
  "round": 0,
  "datasetSize": 30000
}
2022-09-06 00:18:28.674  INFO 83519 --- [onPool-worker-2] com.example.fljavagateway.EventListener  : 
<-- Chaincode event received: MODEL_SECRET_ADDED_EVENT - {
  "modelId": "32077",
  "round": 0,
  "datasetSize": 30000
}
2022-09-06 00:18:29.457  INFO 83519 --- [onPool-worker-2] com.example.fljavagateway.EventListener  : 
<-- Chaincode event received: MODEL_SECRET_ADDED_EVENT - {
  "modelId": "32077",
  "round": 0,
  "datasetSize": 30000
}
2022-09-06 00:18:29.511  INFO 83519 --- [onPool-worker-2] com.example.fljavagateway.EventListener  : 
<-- Chaincode event received: MODEL_SECRET_ADDED_EVENT - {
  "modelId": "32077",
  "round": 0,
  "datasetSize": 30000
}
2022-09-06 00:18:40.123  INFO 83519 --- [onPool-worker-2] com.example.fljavagateway.EventListener  : 
<-- Chaincode event received: AGGREGATED_SECRET_ADDED_EVENT - {
  "modelId": "32077",
  "round": 0
}
2022-09-06 00:18:40.359  INFO 83519 --- [onPool-worker-2] com.example.fljavagateway.EventListener  : 
<-- Chaincode event received: AGGREGATED_SECRET_ADDED_EVENT - {
  "modelId": "32077",
  "round": 0
}
2022-09-06 00:32:13.375  INFO 83519 --- [nio-8091-exec-2] com.example.fljavagateway.SocketHandler  : New socket connected successfully.
2022-09-06 00:32:22.767  INFO 83519 --- [onPool-worker-2] com.example.fljavagateway.EventListener  : 
<-- Chaincode event received: CREATE_MODEL_METADATA_EVENT - {
  "modelId": "95492",
  "name": "model1",
  "clientsPerRound": 2,
  "secretsPerClient": 2,
  "status": "initiated",
  "trainingRounds": 10,
  "currentRound": 0
}
2022-09-06 00:32:24.920  INFO 83519 --- [onPool-worker-2] com.example.fljavagateway.EventListener  : 
<-- Chaincode event received: START_TRAINING_EVENT - {
  "modelId": "95492",
  "name": "model1",
  "clientsPerRound": 2,
  "secretsPerClient": 2,
  "status": "started",
  "trainingRounds": 10,
  "currentRound": 0
}
2022-09-06 00:33:02.140  INFO 83519 --- [onPool-worker-2] com.example.fljavagateway.EventListener  : 
<-- Chaincode event received: MODEL_SECRET_ADDED_EVENT - {
  "modelId": "95492",
  "round": 0,
  "datasetSize": 30000
}
2022-09-06 00:33:03.901  INFO 83519 --- [onPool-worker-2] com.example.fljavagateway.EventListener  : 
<-- Chaincode event received: MODEL_SECRET_ADDED_EVENT - {
  "modelId": "95492",
  "round": 0,
  "datasetSize": 30000
}
2022-09-06 00:33:08.448  INFO 83519 --- [onPool-worker-2] com.example.fljavagateway.EventListener  : 
<-- Chaincode event received: MODEL_SECRET_ADDED_EVENT - {
  "modelId": "95492",
  "round": 0,
  "datasetSize": 30000
}
2022-09-06 00:33:09.824  INFO 83519 --- [onPool-worker-2] com.example.fljavagateway.EventListener  : 
<-- Chaincode event received: MODEL_SECRET_ADDED_EVENT - {
  "modelId": "95492",
  "round": 0,
  "datasetSize": 30000
}
2022-09-06 00:33:19.536  INFO 83519 --- [onPool-worker-2] com.example.fljavagateway.EventListener  : 
<-- Chaincode event received: AGGREGATED_SECRET_ADDED_EVENT - {
  "modelId": "95492",
  "round": 0
}
2022-09-06 00:33:19.837  INFO 83519 --- [onPool-worker-2] com.example.fljavagateway.EventListener  : 
<-- Chaincode event received: AGGREGATED_SECRET_ADDED_EVENT - {
  "modelId": "95492",
  "round": 0
}
2022-09-06 00:33:36.838  INFO 83519 --- [onPool-worker-2] com.example.fljavagateway.EventListener  : 
<-- Chaincode event received: ROUND_FINISHED_EVENT - {
  "modelId": "95492",
  "name": "model1",
  "clientsPerRound": 2,
  "secretsPerClient": 2,
  "status": "started",
  "trainingRounds": 10,
  "currentRound": 0
}
2022-09-06 00:34:37.813  INFO 83519 --- [onPool-worker-2] com.example.fljavagateway.EventListener  : 
<-- Chaincode event received: MODEL_SECRET_ADDED_EVENT - {
  "modelId": "95492",
  "round": 1,
  "datasetSize": 30000
}
2022-09-06 00:34:38.528  INFO 83519 --- [onPool-worker-2] com.example.fljavagateway.EventListener  : 
<-- Chaincode event received: MODEL_SECRET_ADDED_EVENT - {
  "modelId": "95492",
  "round": 1,
  "datasetSize": 30000
}
2022-09-06 00:34:38.704  INFO 83519 --- [onPool-worker-2] com.example.fljavagateway.EventListener  : 
<-- Chaincode event received: MODEL_SECRET_ADDED_EVENT - {
  "modelId": "95492",
  "round": 1,
  "datasetSize": 30000
}
2022-09-06 00:34:39.610  INFO 83519 --- [onPool-worker-2] com.example.fljavagateway.EventListener  : 
<-- Chaincode event received: MODEL_SECRET_ADDED_EVENT - {
  "modelId": "95492",
  "round": 1,
  "datasetSize": 30000
}
2022-09-06 00:34:49.248  INFO 83519 --- [onPool-worker-2] com.example.fljavagateway.EventListener  : 
<-- Chaincode event received: AGGREGATED_SECRET_ADDED_EVENT - {
  "modelId": "95492",
  "round": 1
}
2022-09-06 00:34:49.370  INFO 83519 --- [onPool-worker-2] com.example.fljavagateway.EventListener  : 
<-- Chaincode event received: AGGREGATED_SECRET_ADDED_EVENT - {
  "modelId": "95492",
  "round": 1
}
2022-09-06 00:35:05.641  INFO 83519 --- [onPool-worker-2] com.example.fljavagateway.EventListener  : 
<-- Chaincode event received: ROUND_FINISHED_EVENT - {
  "modelId": "95492",
  "name": "model1",
  "clientsPerRound": 2,
  "secretsPerClient": 2,
  "status": "started",
  "trainingRounds": 10,
  "currentRound": 1
}
2022-09-06 00:35:57.953  INFO 83519 --- [onPool-worker-2] com.example.fljavagateway.EventListener  : 
<-- Chaincode event received: MODEL_SECRET_ADDED_EVENT - {
  "modelId": "95492",
  "round": 2,
  "datasetSize": 30000
}
2022-09-06 00:35:59.164  INFO 83519 --- [onPool-worker-2] com.example.fljavagateway.EventListener  : 
<-- Chaincode event received: MODEL_SECRET_ADDED_EVENT - {
  "modelId": "95492",
  "round": 2,
  "datasetSize": 30000
}
2022-09-06 00:36:00.135  INFO 83519 --- [onPool-worker-2] com.example.fljavagateway.EventListener  : 
<-- Chaincode event received: MODEL_SECRET_ADDED_EVENT - {
  "modelId": "95492",
  "round": 2,
  "datasetSize": 30000
}
2022-09-06 00:36:00.628  INFO 83519 --- [onPool-worker-2] com.example.fljavagateway.EventListener  : 
<-- Chaincode event received: MODEL_SECRET_ADDED_EVENT - {
  "modelId": "95492",
  "round": 2,
  "datasetSize": 30000
}
2022-09-06 00:36:09.486  INFO 83519 --- [onPool-worker-2] com.example.fljavagateway.EventListener  : 
<-- Chaincode event received: AGGREGATED_SECRET_ADDED_EVENT - {
  "modelId": "95492",
  "round": 2
}
2022-09-06 00:36:09.636  INFO 83519 --- [onPool-worker-2] com.example.fljavagateway.EventListener  : 
<-- Chaincode event received: AGGREGATED_SECRET_ADDED_EVENT - {
  "modelId": "95492",
  "round": 2
}
2022-09-06 00:36:26.084  INFO 83519 --- [onPool-worker-2] com.example.fljavagateway.EventListener  : 
<-- Chaincode event received: ROUND_FINISHED_EVENT - {
  "modelId": "95492",
  "name": "model1",
  "clientsPerRound": 2,
  "secretsPerClient": 2,
  "status": "started",
  "trainingRounds": 10,
  "currentRound": 2
}
2022-09-06 00:37:26.353  INFO 83519 --- [onPool-worker-2] com.example.fljavagateway.EventListener  : 
<-- Chaincode event received: MODEL_SECRET_ADDED_EVENT - {
  "modelId": "95492",
  "round": 3,
  "datasetSize": 30000
}
2022-09-06 00:37:27.416  INFO 83519 --- [onPool-worker-2] com.example.fljavagateway.EventListener  : 
<-- Chaincode event received: MODEL_SECRET_ADDED_EVENT - {
  "modelId": "95492",
  "round": 3,
  "datasetSize": 30000
}
2022-09-06 00:37:57.477  INFO 83519 --- [onPool-worker-2] com.example.fljavagateway.EventListener  : 
<-- Chaincode event received: MODEL_SECRET_ADDED_EVENT - {
  "modelId": "95492",
  "round": 3,
  "datasetSize": 30000
}
2022-09-06 00:37:57.870  INFO 83519 --- [onPool-worker-2] com.example.fljavagateway.EventListener  : 
<-- Chaincode event received: MODEL_SECRET_ADDED_EVENT - {
  "modelId": "95492",
  "round": 3,
  "datasetSize": 30000
}
2022-09-06 00:38:08.983  INFO 83519 --- [onPool-worker-2] com.example.fljavagateway.EventListener  : 
<-- Chaincode event received: AGGREGATED_SECRET_ADDED_EVENT - {
  "modelId": "95492",
  "round": 3
}
2022-09-06 00:38:09.204  INFO 83519 --- [onPool-worker-2] com.example.fljavagateway.EventListener  : 
<-- Chaincode event received: AGGREGATED_SECRET_ADDED_EVENT - {
  "modelId": "95492",
  "round": 3
}
2022-09-06 00:38:25.320  INFO 83519 --- [onPool-worker-2] com.example.fljavagateway.EventListener  : 
<-- Chaincode event received: ROUND_FINISHED_EVENT - {
  "modelId": "95492",
  "name": "model1",
  "clientsPerRound": 2,
  "secretsPerClient": 2,
  "status": "started",
  "trainingRounds": 10,
  "currentRound": 3
}
2022-09-06 00:39:36.095  INFO 83519 --- [onPool-worker-2] com.example.fljavagateway.EventListener  : 
<-- Chaincode event received: MODEL_SECRET_ADDED_EVENT - {
  "modelId": "95492",
  "round": 4,
  "datasetSize": 30000
}
2022-09-06 00:39:37.316  INFO 83519 --- [onPool-worker-2] com.example.fljavagateway.EventListener  : 
<-- Chaincode event received: MODEL_SECRET_ADDED_EVENT - {
  "modelId": "95492",
  "round": 4,
  "datasetSize": 30000
}
2022-09-06 00:39:42.822  INFO 83519 --- [onPool-worker-2] com.example.fljavagateway.EventListener  : 
<-- Chaincode event received: MODEL_SECRET_ADDED_EVENT - {
  "modelId": "95492",
  "round": 4,
  "datasetSize": 30000
}
2022-09-06 00:39:43.637  INFO 83519 --- [onPool-worker-2] com.example.fljavagateway.EventListener  : 
<-- Chaincode event received: MODEL_SECRET_ADDED_EVENT - {
  "modelId": "95492",
  "round": 4,
  "datasetSize": 30000
}
2022-09-06 00:39:52.565  INFO 83519 --- [onPool-worker-2] com.example.fljavagateway.EventListener  : 
<-- Chaincode event received: AGGREGATED_SECRET_ADDED_EVENT - {
  "modelId": "95492",
  "round": 4
}
2022-09-06 00:39:52.764  INFO 83519 --- [onPool-worker-2] com.example.fljavagateway.EventListener  : 
<-- Chaincode event received: AGGREGATED_SECRET_ADDED_EVENT - {
  "modelId": "95492",
  "round": 4
}
2022-09-06 00:53:37.269  INFO 83519 --- [nio-8091-exec-1] com.example.fljavagateway.SocketHandler  : New socket connected successfully.
2022-09-06 00:54:03.324  INFO 83519 --- [onPool-worker-2] com.example.fljavagateway.EventListener  : 
<-- Chaincode event received: CREATE_MODEL_METADATA_EVENT - {
  "modelId": "93336",
  "name": "model1",
  "clientsPerRound": 2,
  "secretsPerClient": 2,
  "status": "initiated",
  "trainingRounds": 10,
  "currentRound": 0
}
2022-09-06 00:54:05.424  INFO 83519 --- [onPool-worker-2] com.example.fljavagateway.EventListener  : 
<-- Chaincode event received: START_TRAINING_EVENT - {
  "modelId": "93336",
  "name": "model1",
  "clientsPerRound": 2,
  "secretsPerClient": 2,
  "status": "started",
  "trainingRounds": 10,
  "currentRound": 0
}
2022-09-06 00:54:40.288  INFO 83519 --- [onPool-worker-2] com.example.fljavagateway.EventListener  : 
<-- Chaincode event received: MODEL_SECRET_ADDED_EVENT - {
  "modelId": "93336",
  "round": 0,
  "datasetSize": 30000
}
2022-09-06 00:54:41.908  INFO 83519 --- [onPool-worker-2] com.example.fljavagateway.EventListener  : 
<-- Chaincode event received: MODEL_SECRET_ADDED_EVENT - {
  "modelId": "93336",
  "round": 0,
  "datasetSize": 30000
}
2022-09-06 00:54:42.679  INFO 83519 --- [onPool-worker-2] com.example.fljavagateway.EventListener  : 
<-- Chaincode event received: MODEL_SECRET_ADDED_EVENT - {
  "modelId": "93336",
  "round": 0,
  "datasetSize": 30000
}
2022-09-06 00:54:43.959  INFO 83519 --- [onPool-worker-2] com.example.fljavagateway.EventListener  : 
<-- Chaincode event received: MODEL_SECRET_ADDED_EVENT - {
  "modelId": "93336",
  "round": 0,
  "datasetSize": 30000
}
2022-09-06 00:54:52.417  INFO 83519 --- [onPool-worker-2] com.example.fljavagateway.EventListener  : 
<-- Chaincode event received: AGGREGATED_SECRET_ADDED_EVENT - {
  "modelId": "93336",
  "round": 0
}
2022-09-06 00:54:52.797  INFO 83519 --- [onPool-worker-2] com.example.fljavagateway.EventListener  : 
<-- Chaincode event received: AGGREGATED_SECRET_ADDED_EVENT - {
  "modelId": "93336",
  "round": 0
}
2022-09-06 00:55:09.574  INFO 83519 --- [onPool-worker-2] com.example.fljavagateway.EventListener  : 
<-- Chaincode event received: ROUND_FINISHED_EVENT - {
  "modelId": "93336",
  "name": "model1",
  "clientsPerRound": 2,
  "secretsPerClient": 2,
  "status": "started",
  "trainingRounds": 10,
  "currentRound": 0
}
2022-09-06 00:55:52.535  INFO 83519 --- [onPool-worker-2] com.example.fljavagateway.EventListener  : 
<-- Chaincode event received: MODEL_SECRET_ADDED_EVENT - {
  "modelId": "93336",
  "round": 1,
  "datasetSize": 30000
}
2022-09-06 00:55:53.405  INFO 83519 --- [onPool-worker-2] com.example.fljavagateway.EventListener  : 
<-- Chaincode event received: MODEL_SECRET_ADDED_EVENT - {
  "modelId": "93336",
  "round": 1,
  "datasetSize": 30000
}
2022-09-06 00:55:53.545  INFO 83519 --- [onPool-worker-2] com.example.fljavagateway.EventListener  : 
<-- Chaincode event received: MODEL_SECRET_ADDED_EVENT - {
  "modelId": "93336",
  "round": 1,
  "datasetSize": 30000
}
2022-09-06 00:55:54.513  INFO 83519 --- [onPool-worker-2] com.example.fljavagateway.EventListener  : 
<-- Chaincode event received: MODEL_SECRET_ADDED_EVENT - {
  "modelId": "93336",
  "round": 1,
  "datasetSize": 30000
}
2022-09-06 00:56:03.955  INFO 83519 --- [onPool-worker-2] com.example.fljavagateway.EventListener  : 
<-- Chaincode event received: AGGREGATED_SECRET_ADDED_EVENT - {
  "modelId": "93336",
  "round": 1
}
2022-09-06 00:56:04.086  INFO 83519 --- [onPool-worker-2] com.example.fljavagateway.EventListener  : 
<-- Chaincode event received: AGGREGATED_SECRET_ADDED_EVENT - {
  "modelId": "93336",
  "round": 1
}
2022-09-06 00:56:20.877  INFO 83519 --- [onPool-worker-2] com.example.fljavagateway.EventListener  : 
<-- Chaincode event received: ROUND_FINISHED_EVENT - {
  "modelId": "93336",
  "name": "model1",
  "clientsPerRound": 2,
  "secretsPerClient": 2,
  "status": "started",
  "trainingRounds": 10,
  "currentRound": 1
}
2022-09-06 00:56:59.252  INFO 83519 --- [onPool-worker-2] com.example.fljavagateway.EventListener  : 
<-- Chaincode event received: MODEL_SECRET_ADDED_EVENT - {
  "modelId": "93336",
  "round": 2,
  "datasetSize": 30000
}
2022-09-06 00:56:59.429  INFO 83519 --- [onPool-worker-2] com.example.fljavagateway.EventListener  : 
<-- Chaincode event received: MODEL_SECRET_ADDED_EVENT - {
  "modelId": "93336",
  "round": 2,
  "datasetSize": 30000
}
2022-09-06 00:56:59.948  INFO 83519 --- [onPool-worker-2] com.example.fljavagateway.EventListener  : 
<-- Chaincode event received: MODEL_SECRET_ADDED_EVENT - {
  "modelId": "93336",
  "round": 2,
  "datasetSize": 30000
}
2022-09-06 00:57:00.193  INFO 83519 --- [onPool-worker-2] com.example.fljavagateway.EventListener  : 
<-- Chaincode event received: MODEL_SECRET_ADDED_EVENT - {
  "modelId": "93336",
  "round": 2,
  "datasetSize": 30000
}
2022-09-06 00:57:10.503  INFO 83519 --- [onPool-worker-2] com.example.fljavagateway.EventListener  : 
<-- Chaincode event received: AGGREGATED_SECRET_ADDED_EVENT - {
  "modelId": "93336",
  "round": 2
}
2022-09-06 00:57:10.646  INFO 83519 --- [onPool-worker-2] com.example.fljavagateway.EventListener  : 
<-- Chaincode event received: AGGREGATED_SECRET_ADDED_EVENT - {
  "modelId": "93336",
  "round": 2
}
2022-09-06 00:57:27.392  INFO 83519 --- [onPool-worker-2] com.example.fljavagateway.EventListener  : 
<-- Chaincode event received: ROUND_FINISHED_EVENT - {
  "modelId": "93336",
  "name": "model1",
  "clientsPerRound": 2,
  "secretsPerClient": 2,
  "status": "started",
  "trainingRounds": 10,
  "currentRound": 2
}
2022-09-06 00:58:06.543  INFO 83519 --- [onPool-worker-2] com.example.fljavagateway.EventListener  : 
<-- Chaincode event received: MODEL_SECRET_ADDED_EVENT - {
  "modelId": "93336",
  "round": 3,
  "datasetSize": 30000
}
2022-09-06 00:58:07.168  INFO 83519 --- [onPool-worker-2] com.example.fljavagateway.EventListener  : 
<-- Chaincode event received: MODEL_SECRET_ADDED_EVENT - {
  "modelId": "93336",
  "round": 3,
  "datasetSize": 30000
}
2022-09-06 00:58:07.414  INFO 83519 --- [onPool-worker-2] com.example.fljavagateway.EventListener  : 
<-- Chaincode event received: MODEL_SECRET_ADDED_EVENT - {
  "modelId": "93336",
  "round": 3,
  "datasetSize": 30000
}
2022-09-06 00:58:08.016  INFO 83519 --- [onPool-worker-2] com.example.fljavagateway.EventListener  : 
<-- Chaincode event received: MODEL_SECRET_ADDED_EVENT - {
  "modelId": "93336",
  "round": 3,
  "datasetSize": 30000
}
2022-09-06 00:58:17.723  INFO 83519 --- [onPool-worker-2] com.example.fljavagateway.EventListener  : 
<-- Chaincode event received: AGGREGATED_SECRET_ADDED_EVENT - {
  "modelId": "93336",
  "round": 3
}
2022-09-06 00:58:18.262  INFO 83519 --- [onPool-worker-2] com.example.fljavagateway.EventListener  : 
<-- Chaincode event received: AGGREGATED_SECRET_ADDED_EVENT - {
  "modelId": "93336",
  "round": 3
}
2022-09-06 00:58:33.995  INFO 83519 --- [onPool-worker-2] com.example.fljavagateway.EventListener  : 
<-- Chaincode event received: ROUND_FINISHED_EVENT - {
  "modelId": "93336",
  "name": "model1",
  "clientsPerRound": 2,
  "secretsPerClient": 2,
  "status": "started",
  "trainingRounds": 10,
  "currentRound": 3
}
2022-09-06 00:59:09.876  INFO 83519 --- [onPool-worker-2] com.example.fljavagateway.EventListener  : 
<-- Chaincode event received: MODEL_SECRET_ADDED_EVENT - {
  "modelId": "93336",
  "round": 4,
  "datasetSize": 30000
}
2022-09-06 00:59:11.025  INFO 83519 --- [onPool-worker-2] com.example.fljavagateway.EventListener  : 
<-- Chaincode event received: MODEL_SECRET_ADDED_EVENT - {
  "modelId": "93336",
  "round": 4,
  "datasetSize": 30000
}
2022-09-06 00:59:12.088  INFO 83519 --- [onPool-worker-2] com.example.fljavagateway.EventListener  : 
<-- Chaincode event received: MODEL_SECRET_ADDED_EVENT - {
  "modelId": "93336",
  "round": 4,
  "datasetSize": 30000
}
2022-09-06 00:59:12.489  INFO 83519 --- [onPool-worker-2] com.example.fljavagateway.EventListener  : 
<-- Chaincode event received: MODEL_SECRET_ADDED_EVENT - {
  "modelId": "93336",
  "round": 4,
  "datasetSize": 30000
}
2022-09-06 00:59:21.173  INFO 83519 --- [onPool-worker-2] com.example.fljavagateway.EventListener  : 
<-- Chaincode event received: AGGREGATED_SECRET_ADDED_EVENT - {
  "modelId": "93336",
  "round": 4
}
2022-09-06 00:59:22.049  INFO 83519 --- [onPool-worker-2] com.example.fljavagateway.EventListener  : 
<-- Chaincode event received: AGGREGATED_SECRET_ADDED_EVENT - {
  "modelId": "93336",
  "round": 4
}
2022-09-06 00:59:37.626  INFO 83519 --- [onPool-worker-2] com.example.fljavagateway.EventListener  : 
<-- Chaincode event received: ROUND_FINISHED_EVENT - {
  "modelId": "93336",
  "name": "model1",
  "clientsPerRound": 2,
  "secretsPerClient": 2,
  "status": "started",
  "trainingRounds": 10,
  "currentRound": 4
}
2022-09-06 01:01:06.536  INFO 83519 --- [onPool-worker-2] com.example.fljavagateway.EventListener  : 
<-- Chaincode event received: MODEL_SECRET_ADDED_EVENT - {
  "modelId": "93336",
  "round": 5,
  "datasetSize": 30000
}
2022-09-06 01:01:07.284  INFO 83519 --- [onPool-worker-2] com.example.fljavagateway.EventListener  : 
<-- Chaincode event received: MODEL_SECRET_ADDED_EVENT - {
  "modelId": "93336",
  "round": 5,
  "datasetSize": 30000
}
2022-09-06 01:01:07.408  INFO 83519 --- [onPool-worker-2] com.example.fljavagateway.EventListener  : 
<-- Chaincode event received: MODEL_SECRET_ADDED_EVENT - {
  "modelId": "93336",
  "round": 5,
  "datasetSize": 30000
}
2022-09-06 01:01:07.923  INFO 83519 --- [onPool-worker-2] com.example.fljavagateway.EventListener  : 
<-- Chaincode event received: MODEL_SECRET_ADDED_EVENT - {
  "modelId": "93336",
  "round": 5,
  "datasetSize": 30000
}
2022-09-06 01:01:17.879  INFO 83519 --- [onPool-worker-2] com.example.fljavagateway.EventListener  : 
<-- Chaincode event received: AGGREGATED_SECRET_ADDED_EVENT - {
  "modelId": "93336",
  "round": 5
}
2022-09-06 01:01:18.017  INFO 83519 --- [onPool-worker-2] com.example.fljavagateway.EventListener  : 
<-- Chaincode event received: AGGREGATED_SECRET_ADDED_EVENT - {
  "modelId": "93336",
  "round": 5
}
2022-09-06 01:01:34.077  INFO 83519 --- [onPool-worker-2] com.example.fljavagateway.EventListener  : 
<-- Chaincode event received: ROUND_FINISHED_EVENT - {
  "modelId": "93336",
  "name": "model1",
  "clientsPerRound": 2,
  "secretsPerClient": 2,
  "status": "started",
  "trainingRounds": 10,
  "currentRound": 5
}
2022-09-06 01:02:06.609  INFO 83519 --- [onPool-worker-2] com.example.fljavagateway.EventListener  : 
<-- Chaincode event received: MODEL_SECRET_ADDED_EVENT - {
  "modelId": "93336",
  "round": 6,
  "datasetSize": 30000
}
2022-09-06 01:02:06.803  INFO 83519 --- [onPool-worker-2] com.example.fljavagateway.EventListener  : 
<-- Chaincode event received: MODEL_SECRET_ADDED_EVENT - {
  "modelId": "93336",
  "round": 6,
  "datasetSize": 30000
}
2022-09-06 01:02:07.389  INFO 83519 --- [onPool-worker-2] com.example.fljavagateway.EventListener  : 
<-- Chaincode event received: MODEL_SECRET_ADDED_EVENT - {
  "modelId": "93336",
  "round": 6,
  "datasetSize": 30000
}
2022-09-06 01:02:07.530  INFO 83519 --- [onPool-worker-2] com.example.fljavagateway.EventListener  : 
<-- Chaincode event received: MODEL_SECRET_ADDED_EVENT - {
  "modelId": "93336",
  "round": 6,
  "datasetSize": 30000
}
2022-09-06 01:02:17.886  INFO 83519 --- [onPool-worker-2] com.example.fljavagateway.EventListener  : 
<-- Chaincode event received: AGGREGATED_SECRET_ADDED_EVENT - {
  "modelId": "93336",
  "round": 6
}
2022-09-06 01:02:18.005  INFO 83519 --- [onPool-worker-2] com.example.fljavagateway.EventListener  : 
<-- Chaincode event received: AGGREGATED_SECRET_ADDED_EVENT - {
  "modelId": "93336",
  "round": 6
}
2022-09-06 01:02:34.124  INFO 83519 --- [onPool-worker-2] com.example.fljavagateway.EventListener  : 
<-- Chaincode event received: ROUND_FINISHED_EVENT - {
  "modelId": "93336",
  "name": "model1",
  "clientsPerRound": 2,
  "secretsPerClient": 2,
  "status": "started",
  "trainingRounds": 10,
  "currentRound": 6
}
2022-09-06 01:03:09.904  INFO 83519 --- [onPool-worker-2] com.example.fljavagateway.EventListener  : 
<-- Chaincode event received: MODEL_SECRET_ADDED_EVENT - {
  "modelId": "93336",
  "round": 7,
  "datasetSize": 30000
}
2022-09-06 01:03:10.014  INFO 83519 --- [onPool-worker-2] com.example.fljavagateway.EventListener  : 
<-- Chaincode event received: MODEL_SECRET_ADDED_EVENT - {
  "modelId": "93336",
  "round": 7,
  "datasetSize": 30000
}
2022-09-06 01:03:10.440  INFO 83519 --- [onPool-worker-2] com.example.fljavagateway.EventListener  : 
<-- Chaincode event received: MODEL_SECRET_ADDED_EVENT - {
  "modelId": "93336",
  "round": 7,
  "datasetSize": 30000
}
2022-09-06 01:03:10.536  INFO 83519 --- [onPool-worker-2] com.example.fljavagateway.EventListener  : 
<-- Chaincode event received: MODEL_SECRET_ADDED_EVENT - {
  "modelId": "93336",
  "round": 7,
  "datasetSize": 30000
}
2022-09-06 01:03:21.275  INFO 83519 --- [onPool-worker-2] com.example.fljavagateway.EventListener  : 
<-- Chaincode event received: AGGREGATED_SECRET_ADDED_EVENT - {
  "modelId": "93336",
  "round": 7
}
2022-09-06 01:03:21.387  INFO 83519 --- [onPool-worker-2] com.example.fljavagateway.EventListener  : 
<-- Chaincode event received: AGGREGATED_SECRET_ADDED_EVENT - {
  "modelId": "93336",
  "round": 7
}
2022-09-06 01:03:37.450  INFO 83519 --- [onPool-worker-2] com.example.fljavagateway.EventListener  : 
<-- Chaincode event received: ROUND_FINISHED_EVENT - {
  "modelId": "93336",
  "name": "model1",
  "clientsPerRound": 2,
  "secretsPerClient": 2,
  "status": "started",
  "trainingRounds": 10,
  "currentRound": 7
}
2022-09-06 01:04:15.049  INFO 83519 --- [onPool-worker-2] com.example.fljavagateway.EventListener  : 
<-- Chaincode event received: MODEL_SECRET_ADDED_EVENT - {
  "modelId": "93336",
  "round": 8,
  "datasetSize": 30000
}
2022-09-06 01:04:15.215  INFO 83519 --- [onPool-worker-2] com.example.fljavagateway.EventListener  : 
<-- Chaincode event received: MODEL_SECRET_ADDED_EVENT - {
  "modelId": "93336",
  "round": 8,
  "datasetSize": 30000
}
2022-09-06 01:04:15.603  INFO 83519 --- [onPool-worker-2] com.example.fljavagateway.EventListener  : 
<-- Chaincode event received: MODEL_SECRET_ADDED_EVENT - {
  "modelId": "93336",
  "round": 8,
  "datasetSize": 30000
}
2022-09-06 01:04:15.784  INFO 83519 --- [onPool-worker-2] com.example.fljavagateway.EventListener  : 
<-- Chaincode event received: MODEL_SECRET_ADDED_EVENT - {
  "modelId": "93336",
  "round": 8,
  "datasetSize": 30000
}
2022-09-06 01:04:26.255  INFO 83519 --- [onPool-worker-2] com.example.fljavagateway.EventListener  : 
<-- Chaincode event received: AGGREGATED_SECRET_ADDED_EVENT - {
  "modelId": "93336",
  "round": 8
}
2022-09-06 01:04:26.421  INFO 83519 --- [onPool-worker-2] com.example.fljavagateway.EventListener  : 
<-- Chaincode event received: AGGREGATED_SECRET_ADDED_EVENT - {
  "modelId": "93336",
  "round": 8
}
2022-09-06 01:04:42.314  INFO 83519 --- [onPool-worker-2] com.example.fljavagateway.EventListener  : 
<-- Chaincode event received: ROUND_FINISHED_EVENT - {
  "modelId": "93336",
  "name": "model1",
  "clientsPerRound": 2,
  "secretsPerClient": 2,
  "status": "started",
  "trainingRounds": 10,
  "currentRound": 8
}
2022-09-06 01:05:18.648  INFO 83519 --- [onPool-worker-2] com.example.fljavagateway.EventListener  : 
<-- Chaincode event received: MODEL_SECRET_ADDED_EVENT - {
  "modelId": "93336",
  "round": 9,
  "datasetSize": 30000
}
2022-09-06 01:05:18.980  INFO 83519 --- [onPool-worker-2] com.example.fljavagateway.EventListener  : 
<-- Chaincode event received: MODEL_SECRET_ADDED_EVENT - {
  "modelId": "93336",
  "round": 9,
  "datasetSize": 30000
}
2022-09-06 01:05:19.195  INFO 83519 --- [onPool-worker-2] com.example.fljavagateway.EventListener  : 
<-- Chaincode event received: MODEL_SECRET_ADDED_EVENT - {
  "modelId": "93336",
  "round": 9,
  "datasetSize": 30000
}
2022-09-06 01:05:19.734  INFO 83519 --- [onPool-worker-2] com.example.fljavagateway.EventListener  : 
<-- Chaincode event received: MODEL_SECRET_ADDED_EVENT - {
  "modelId": "93336",
  "round": 9,
  "datasetSize": 30000
}
2022-09-06 01:05:29.727  INFO 83519 --- [onPool-worker-2] com.example.fljavagateway.EventListener  : 
<-- Chaincode event received: AGGREGATED_SECRET_ADDED_EVENT - {
  "modelId": "93336",
  "round": 9
}
2022-09-06 01:05:29.858  INFO 83519 --- [onPool-worker-2] com.example.fljavagateway.EventListener  : 
<-- Chaincode event received: AGGREGATED_SECRET_ADDED_EVENT - {
  "modelId": "93336",
  "round": 9
}
2022-09-06 01:05:45.850  INFO 83519 --- [onPool-worker-2] com.example.fljavagateway.EventListener  : 
<-- Chaincode event received: ROUND_FINISHED_EVENT - {
  "modelId": "93336",
  "name": "model1",
  "clientsPerRound": 2,
  "secretsPerClient": 2,
  "status": "started",
  "trainingRounds": 10,
  "currentRound": 9
}
2022-09-06 01:06:21.186  INFO 83519 --- [onPool-worker-2] com.example.fljavagateway.EventListener  : 
<-- Chaincode event received: MODEL_SECRET_ADDED_EVENT - {
  "modelId": "93336",
  "round": 10,
  "datasetSize": 30000
}
2022-09-06 01:06:21.365  INFO 83519 --- [onPool-worker-2] com.example.fljavagateway.EventListener  : 
<-- Chaincode event received: MODEL_SECRET_ADDED_EVENT - {
  "modelId": "93336",
  "round": 10,
  "datasetSize": 30000
}
2022-09-06 01:06:21.829  INFO 83519 --- [onPool-worker-2] com.example.fljavagateway.EventListener  : 
<-- Chaincode event received: MODEL_SECRET_ADDED_EVENT - {
  "modelId": "93336",
  "round": 10,
  "datasetSize": 30000
}
2022-09-06 01:06:22.020  INFO 83519 --- [onPool-worker-2] com.example.fljavagateway.EventListener  : 
<-- Chaincode event received: MODEL_SECRET_ADDED_EVENT - {
  "modelId": "93336",
  "round": 10,
  "datasetSize": 30000
}
2022-09-06 01:06:32.266  INFO 83519 --- [onPool-worker-2] com.example.fljavagateway.EventListener  : 
<-- Chaincode event received: AGGREGATED_SECRET_ADDED_EVENT - {
  "modelId": "93336",
  "round": 10
}
2022-09-06 01:06:32.429  INFO 83519 --- [onPool-worker-2] com.example.fljavagateway.EventListener  : 
<-- Chaincode event received: AGGREGATED_SECRET_ADDED_EVENT - {
  "modelId": "93336",
  "round": 10
}
2022-09-06 01:06:48.823  INFO 83519 --- [onPool-worker-2] com.example.fljavagateway.EventListener  : 
<-- Chaincode event received: TRAINING_FINISHED_EVENT - {
  "modelId": "93336",
  "name": "model1",
  "clientsPerRound": 2,
  "secretsPerClient": 2,
  "status": "started",
  "trainingRounds": 10,
  "currentRound": 10
}
