
  .   ____          _            __ _ _
 /\\ / ___'_ __ _ _(_)_ __  __ _ \ \ \ \
( ( )\___ | '_ | '_| | '_ \/ _` | \ \ \ \
 \\/  ___)| |_)| | | | | || (_| |  ) ) ) )
  '  |____| .__|_| |_|_| |_\__, | / / / /
 =========|_|==============|___/=/_/_/_/
 :: Spring Boot ::                (v2.7.2)

2022-09-06 00:08:43.073  INFO 83516 --- [           main] c.e.f.FlJavaGatewayApplication           : Starting FlJavaGatewayApplication using Java 18.0.2 on hmaid with PID 83516 (/home/hamid/Documents/fl-java-gateway/build/libs/fl-java-gateway-0.0.1-SNAPSHOT.jar started by hamid in /home/hamid/Documents/fl-java-gateway)
2022-09-06 00:08:43.087 DEBUG 83516 --- [           main] c.e.f.FlJavaGatewayApplication           : Running with Spring Boot v2.7.2, Spring v5.3.22
2022-09-06 00:08:43.088  INFO 83516 --- [           main] c.e.f.FlJavaGatewayApplication           : No active profile set, falling back to 1 default profile: "default"
2022-09-06 00:08:48.484  INFO 83516 --- [           main] o.s.b.w.embedded.tomcat.TomcatWebServer  : Tomcat initialized with port(s): 8081 (http)
2022-09-06 00:08:48.512  INFO 83516 --- [           main] o.apache.catalina.core.StandardService   : Starting service [Tomcat]
2022-09-06 00:08:48.513  INFO 83516 --- [           main] org.apache.catalina.core.StandardEngine  : Starting Servlet engine: [Apache Tomcat/9.0.65]
2022-09-06 00:08:49.007  INFO 83516 --- [           main] o.a.c.c.C.[Tomcat].[localhost].[/]       : Initializing Spring embedded WebApplicationContext
2022-09-06 00:08:49.014  INFO 83516 --- [           main] w.s.c.ServletWebServerApplicationContext : Root WebApplicationContext: initialization completed in 5677 ms
2022-09-06 00:08:52.079  INFO 83516 --- [           main] com.example.fljavagateway.BlockchainBl   : Using org2Contract for defaultContract
2022-09-06 00:08:52.086  INFO 83516 --- [           main] com.example.fljavagateway.BlockchainBl   : --fl.aggregator.organization=org1
2022-09-06 00:08:52.088  INFO 83516 --- [           main] com.example.fljavagateway.BlockchainBl   : Using org1Contract for aggregatorContract
2022-09-06 00:08:52.191 DEBUG 83516 --- [           main] com.example.fljavagateway.SocketHandler  : Hi!
2022-09-06 00:08:52.450  INFO 83516 --- [           main] com.example.fljavagateway.EventListener  : Start listening for events...
2022-09-06 00:08:55.598  INFO 83516 --- [           main] o.s.b.w.embedded.tomcat.TomcatWebServer  : Tomcat started on port(s): 8081 (http) with context path ''
2022-09-06 00:08:55.615  INFO 83516 --- [           main] c.e.f.FlJavaGatewayApplication           : Started FlJavaGatewayApplication in 14.856 seconds (JVM running for 17.141)
2022-09-06 00:09:06.271  INFO 83516 --- [nio-8081-exec-1] o.a.c.c.C.[Tomcat].[localhost].[/]       : Initializing Spring DispatcherServlet 'dispatcherServlet'
2022-09-06 00:09:06.272  INFO 83516 --- [nio-8081-exec-1] o.s.web.servlet.DispatcherServlet        : Initializing Servlet 'dispatcherServlet'
2022-09-06 00:09:06.273  INFO 83516 --- [nio-8081-exec-1] o.s.web.servlet.DispatcherServlet        : Completed initialization in 1 ms
2022-09-06 00:09:06.701  INFO 83516 --- [nio-8081-exec-6] com.example.fljavagateway.SocketHandler  : New socket connected successfully.
2022-09-06 00:09:25.248  INFO 83516 --- [onPool-worker-2] com.example.fljavagateway.EventListener  : 
<-- Chaincode event received: CREATE_MODEL_METADATA_EVENT - {
  "modelId": "99354",
  "name": "model1",
  "clientsPerRound": 2,
  "secretsPerClient": 2,
  "status": "initiated",
  "trainingRounds": 10,
  "currentRound": 0
}
2022-09-06 00:09:27.329  INFO 83516 --- [onPool-worker-2] com.example.fljavagateway.EventListener  : 
<-- Chaincode event received: START_TRAINING_EVENT - {
  "modelId": "99354",
  "name": "model1",
  "clientsPerRound": 2,
  "secretsPerClient": 2,
  "status": "started",
  "trainingRounds": 10,
  "currentRound": 0
}
2022-09-06 00:09:57.186  INFO 83516 --- [nio-8081-exec-4] com.example.fljavagateway.BlockchainBl   : addModelSecret modelId: 99354 datasetSize: 30000
2022-09-06 00:10:00.073  INFO 83516 --- [onPool-worker-2] com.example.fljavagateway.EventListener  : 
<-- Chaincode event received: MODEL_SECRET_ADDED_EVENT - {
  "modelId": "99354",
  "round": 0,
  "datasetSize": 30000
}
2022-09-06 00:10:00.297  INFO 83516 --- [onPool-worker-2] com.example.fljavagateway.EventListener  : 
<-- Chaincode event received: MODEL_SECRET_ADDED_EVENT - {
  "modelId": "99354",
  "round": 0,
  "datasetSize": 30000
}
2022-09-06 00:10:01.383  INFO 83516 --- [onPool-worker-2] com.example.fljavagateway.EventListener  : 
<-- Chaincode event received: MODEL_SECRET_ADDED_EVENT - {
  "modelId": "99354",
  "round": 0,
  "datasetSize": 30000
}
2022-09-06 00:10:02.668  INFO 83516 --- [onPool-worker-2] com.example.fljavagateway.EventListener  : 
<-- Chaincode event received: MODEL_SECRET_ADDED_EVENT - {
  "modelId": "99354",
  "round": 0,
  "datasetSize": 30000
}
2022-09-06 00:10:12.841  INFO 83516 --- [onPool-worker-2] com.example.fljavagateway.EventListener  : 
<-- Chaincode event received: AGGREGATED_SECRET_ADDED_EVENT - {
  "modelId": "99354",
  "round": 0
}
2022-09-06 00:10:13.305  INFO 83516 --- [onPool-worker-2] com.example.fljavagateway.EventListener  : 
<-- Chaincode event received: AGGREGATED_SECRET_ADDED_EVENT - {
  "modelId": "99354",
  "round": 0
}
2022-09-06 00:17:40.921  INFO 83516 --- [nio-8081-exec-9] com.example.fljavagateway.SocketHandler  : New socket connected successfully.
2022-09-06 00:17:51.640  INFO 83516 --- [onPool-worker-2] com.example.fljavagateway.EventListener  : 
<-- Chaincode event received: CREATE_MODEL_METADATA_EVENT - {
  "modelId": "32077",
  "name": "model1",
  "clientsPerRound": 2,
  "secretsPerClient": 2,
  "status": "initiated",
  "trainingRounds": 10,
  "currentRound": 0
}
2022-09-06 00:17:53.724  INFO 83516 --- [onPool-worker-2] com.example.fljavagateway.EventListener  : 
<-- Chaincode event received: START_TRAINING_EVENT - {
  "modelId": "32077",
  "name": "model1",
  "clientsPerRound": 2,
  "secretsPerClient": 2,
  "status": "started",
  "trainingRounds": 10,
  "currentRound": 0
}
2022-09-06 00:18:26.764  INFO 83516 --- [nio-8081-exec-8] com.example.fljavagateway.BlockchainBl   : addModelSecret modelId: 32077 datasetSize: 30000
2022-09-06 00:18:28.403  INFO 83516 --- [onPool-worker-2] com.example.fljavagateway.EventListener  : 
<-- Chaincode event received: MODEL_SECRET_ADDED_EVENT - {
  "modelId": "32077",
  "round": 0,
  "datasetSize": 30000
}
2022-09-06 00:18:28.690  INFO 83516 --- [onPool-worker-2] com.example.fljavagateway.EventListener  : 
<-- Chaincode event received: MODEL_SECRET_ADDED_EVENT - {
  "modelId": "32077",
  "round": 0,
  "datasetSize": 30000
}
2022-09-06 00:18:29.456  INFO 83516 --- [onPool-worker-2] com.example.fljavagateway.EventListener  : 
<-- Chaincode event received: MODEL_SECRET_ADDED_EVENT - {
  "modelId": "32077",
  "round": 0,
  "datasetSize": 30000
}
2022-09-06 00:18:29.513  INFO 83516 --- [onPool-worker-2] com.example.fljavagateway.EventListener  : 
<-- Chaincode event received: MODEL_SECRET_ADDED_EVENT - {
  "modelId": "32077",
  "round": 0,
  "datasetSize": 30000
}
2022-09-06 00:18:40.120  INFO 83516 --- [onPool-worker-2] com.example.fljavagateway.EventListener  : 
<-- Chaincode event received: AGGREGATED_SECRET_ADDED_EVENT - {
  "modelId": "32077",
  "round": 0
}
2022-09-06 00:18:40.377  INFO 83516 --- [onPool-worker-2] com.example.fljavagateway.EventListener  : 
<-- Chaincode event received: AGGREGATED_SECRET_ADDED_EVENT - {
  "modelId": "32077",
  "round": 0
}
2022-09-06 00:32:10.418  INFO 83516 --- [nio-8081-exec-7] com.example.fljavagateway.SocketHandler  : New socket connected successfully.
2022-09-06 00:32:22.767  INFO 83516 --- [onPool-worker-2] com.example.fljavagateway.EventListener  : 
<-- Chaincode event received: CREATE_MODEL_METADATA_EVENT - {
  "modelId": "95492",
  "name": "model1",
  "clientsPerRound": 2,
  "secretsPerClient": 2,
  "status": "initiated",
  "trainingRounds": 10,
  "currentRound": 0
}
2022-09-06 00:32:24.920  INFO 83516 --- [onPool-worker-2] com.example.fljavagateway.EventListener  : 
<-- Chaincode event received: START_TRAINING_EVENT - {
  "modelId": "95492",
  "name": "model1",
  "clientsPerRound": 2,
  "secretsPerClient": 2,
  "status": "started",
  "trainingRounds": 10,
  "currentRound": 0
}
2022-09-06 00:32:59.915  INFO 83516 --- [nio-8081-exec-5] com.example.fljavagateway.BlockchainBl   : addModelSecret modelId: 95492 datasetSize: 30000
2022-09-06 00:33:02.156  INFO 83516 --- [onPool-worker-2] com.example.fljavagateway.EventListener  : 
<-- Chaincode event received: MODEL_SECRET_ADDED_EVENT - {
  "modelId": "95492",
  "round": 0,
  "datasetSize": 30000
}
2022-09-06 00:33:03.895  INFO 83516 --- [onPool-worker-2] com.example.fljavagateway.EventListener  : 
<-- Chaincode event received: MODEL_SECRET_ADDED_EVENT - {
  "modelId": "95492",
  "round": 0,
  "datasetSize": 30000
}
2022-09-06 00:33:08.448  INFO 83516 --- [onPool-worker-2] com.example.fljavagateway.EventListener  : 
<-- Chaincode event received: MODEL_SECRET_ADDED_EVENT - {
  "modelId": "95492",
  "round": 0,
  "datasetSize": 30000
}
2022-09-06 00:33:09.824  INFO 83516 --- [onPool-worker-2] com.example.fljavagateway.EventListener  : 
<-- Chaincode event received: MODEL_SECRET_ADDED_EVENT - {
  "modelId": "95492",
  "round": 0,
  "datasetSize": 30000
}
2022-09-06 00:33:19.541  INFO 83516 --- [onPool-worker-2] com.example.fljavagateway.EventListener  : 
<-- Chaincode event received: AGGREGATED_SECRET_ADDED_EVENT - {
  "modelId": "95492",
  "round": 0
}
2022-09-06 00:33:19.778  INFO 83516 --- [onPool-worker-2] com.example.fljavagateway.EventListener  : 
<-- Chaincode event received: AGGREGATED_SECRET_ADDED_EVENT - {
  "modelId": "95492",
  "round": 0
}
2022-09-06 00:33:36.831  INFO 83516 --- [onPool-worker-2] com.example.fljavagateway.EventListener  : 
<-- Chaincode event received: ROUND_FINISHED_EVENT - {
  "modelId": "95492",
  "name": "model1",
  "clientsPerRound": 2,
  "secretsPerClient": 2,
  "status": "started",
  "trainingRounds": 10,
  "currentRound": 0
}
2022-09-06 00:34:37.031  INFO 83516 --- [nio-8081-exec-2] com.example.fljavagateway.BlockchainBl   : addModelSecret modelId: 95492 datasetSize: 30000
2022-09-06 00:34:37.818  INFO 83516 --- [onPool-worker-2] com.example.fljavagateway.EventListener  : 
<-- Chaincode event received: MODEL_SECRET_ADDED_EVENT - {
  "modelId": "95492",
  "round": 1,
  "datasetSize": 30000
}
2022-09-06 00:34:38.527  INFO 83516 --- [onPool-worker-2] com.example.fljavagateway.EventListener  : 
<-- Chaincode event received: MODEL_SECRET_ADDED_EVENT - {
  "modelId": "95492",
  "round": 1,
  "datasetSize": 30000
}
2022-09-06 00:34:38.703  INFO 83516 --- [onPool-worker-2] com.example.fljavagateway.EventListener  : 
<-- Chaincode event received: MODEL_SECRET_ADDED_EVENT - {
  "modelId": "95492",
  "round": 1,
  "datasetSize": 30000
}
2022-09-06 00:34:39.611  INFO 83516 --- [onPool-worker-2] com.example.fljavagateway.EventListener  : 
<-- Chaincode event received: MODEL_SECRET_ADDED_EVENT - {
  "modelId": "95492",
  "round": 1,
  "datasetSize": 30000
}
2022-09-06 00:34:49.247  INFO 83516 --- [onPool-worker-2] com.example.fljavagateway.EventListener  : 
<-- Chaincode event received: AGGREGATED_SECRET_ADDED_EVENT - {
  "modelId": "95492",
  "round": 1
}
2022-09-06 00:34:49.371  INFO 83516 --- [onPool-worker-2] com.example.fljavagateway.EventListener  : 
<-- Chaincode event received: AGGREGATED_SECRET_ADDED_EVENT - {
  "modelId": "95492",
  "round": 1
}
2022-09-06 00:35:05.638  INFO 83516 --- [onPool-worker-2] com.example.fljavagateway.EventListener  : 
<-- Chaincode event received: ROUND_FINISHED_EVENT - {
  "modelId": "95492",
  "name": "model1",
  "clientsPerRound": 2,
  "secretsPerClient": 2,
  "status": "started",
  "trainingRounds": 10,
  "currentRound": 1
}
2022-09-06 00:35:57.949  INFO 83516 --- [onPool-worker-2] com.example.fljavagateway.EventListener  : 
<-- Chaincode event received: MODEL_SECRET_ADDED_EVENT - {
  "modelId": "95492",
  "round": 2,
  "datasetSize": 30000
}
2022-09-06 00:35:59.171  INFO 83516 --- [onPool-worker-2] com.example.fljavagateway.EventListener  : 
<-- Chaincode event received: MODEL_SECRET_ADDED_EVENT - {
  "modelId": "95492",
  "round": 2,
  "datasetSize": 30000
}
2022-09-06 00:35:59.279  INFO 83516 --- [nio-8081-exec-1] com.example.fljavagateway.BlockchainBl   : addModelSecret modelId: 95492 datasetSize: 30000
2022-09-06 00:36:00.141  INFO 83516 --- [onPool-worker-2] com.example.fljavagateway.EventListener  : 
<-- Chaincode event received: MODEL_SECRET_ADDED_EVENT - {
  "modelId": "95492",
  "round": 2,
  "datasetSize": 30000
}
2022-09-06 00:36:00.635  INFO 83516 --- [onPool-worker-2] com.example.fljavagateway.EventListener  : 
<-- Chaincode event received: MODEL_SECRET_ADDED_EVENT - {
  "modelId": "95492",
  "round": 2,
  "datasetSize": 30000
}
2022-09-06 00:36:09.487  INFO 83516 --- [onPool-worker-2] com.example.fljavagateway.EventListener  : 
<-- Chaincode event received: AGGREGATED_SECRET_ADDED_EVENT - {
  "modelId": "95492",
  "round": 2
}
2022-09-06 00:36:09.634  INFO 83516 --- [onPool-worker-2] com.example.fljavagateway.EventListener  : 
<-- Chaincode event received: AGGREGATED_SECRET_ADDED_EVENT - {
  "modelId": "95492",
  "round": 2
}
2022-09-06 00:36:26.081  INFO 83516 --- [onPool-worker-2] com.example.fljavagateway.EventListener  : 
<-- Chaincode event received: ROUND_FINISHED_EVENT - {
  "modelId": "95492",
  "name": "model1",
  "clientsPerRound": 2,
  "secretsPerClient": 2,
  "status": "started",
  "trainingRounds": 10,
  "currentRound": 2
}
2022-09-06 00:37:25.068  INFO 83516 --- [nio-8081-exec-3] com.example.fljavagateway.BlockchainBl   : addModelSecret modelId: 95492 datasetSize: 30000
2022-09-06 00:37:26.317  INFO 83516 --- [onPool-worker-2] com.example.fljavagateway.EventListener  : 
<-- Chaincode event received: MODEL_SECRET_ADDED_EVENT - {
  "modelId": "95492",
  "round": 3,
  "datasetSize": 30000
}
2022-09-06 00:37:27.418  INFO 83516 --- [onPool-worker-2] com.example.fljavagateway.EventListener  : 
<-- Chaincode event received: MODEL_SECRET_ADDED_EVENT - {
  "modelId": "95492",
  "round": 3,
  "datasetSize": 30000
}
2022-09-06 00:37:57.480  INFO 83516 --- [onPool-worker-2] com.example.fljavagateway.EventListener  : 
<-- Chaincode event received: MODEL_SECRET_ADDED_EVENT - {
  "modelId": "95492",
  "round": 3,
  "datasetSize": 30000
}
2022-09-06 00:37:57.873  INFO 83516 --- [onPool-worker-2] com.example.fljavagateway.EventListener  : 
<-- Chaincode event received: MODEL_SECRET_ADDED_EVENT - {
  "modelId": "95492",
  "round": 3,
  "datasetSize": 30000
}
2022-09-06 00:38:08.985  INFO 83516 --- [onPool-worker-2] com.example.fljavagateway.EventListener  : 
<-- Chaincode event received: AGGREGATED_SECRET_ADDED_EVENT - {
  "modelId": "95492",
  "round": 3
}
2022-09-06 00:38:09.202  INFO 83516 --- [onPool-worker-2] com.example.fljavagateway.EventListener  : 
<-- Chaincode event received: AGGREGATED_SECRET_ADDED_EVENT - {
  "modelId": "95492",
  "round": 3
}
2022-09-06 00:38:25.322  INFO 83516 --- [onPool-worker-2] com.example.fljavagateway.EventListener  : 
<-- Chaincode event received: ROUND_FINISHED_EVENT - {
  "modelId": "95492",
  "name": "model1",
  "clientsPerRound": 2,
  "secretsPerClient": 2,
  "status": "started",
  "trainingRounds": 10,
  "currentRound": 3
}
2022-09-06 00:39:34.928  INFO 83516 --- [io-8081-exec-10] com.example.fljavagateway.BlockchainBl   : addModelSecret modelId: 95492 datasetSize: 30000
2022-09-06 00:39:36.094  INFO 83516 --- [onPool-worker-2] com.example.fljavagateway.EventListener  : 
<-- Chaincode event received: MODEL_SECRET_ADDED_EVENT - {
  "modelId": "95492",
  "round": 4,
  "datasetSize": 30000
}
2022-09-06 00:39:37.317  INFO 83516 --- [onPool-worker-2] com.example.fljavagateway.EventListener  : 
<-- Chaincode event received: MODEL_SECRET_ADDED_EVENT - {
  "modelId": "95492",
  "round": 4,
  "datasetSize": 30000
}
2022-09-06 00:39:42.817  INFO 83516 --- [onPool-worker-2] com.example.fljavagateway.EventListener  : 
<-- Chaincode event received: MODEL_SECRET_ADDED_EVENT - {
  "modelId": "95492",
  "round": 4,
  "datasetSize": 30000
}
2022-09-06 00:39:43.634  INFO 83516 --- [onPool-worker-2] com.example.fljavagateway.EventListener  : 
<-- Chaincode event received: MODEL_SECRET_ADDED_EVENT - {
  "modelId": "95492",
  "round": 4,
  "datasetSize": 30000
}
2022-09-06 00:39:52.568  INFO 83516 --- [onPool-worker-2] com.example.fljavagateway.EventListener  : 
<-- Chaincode event received: AGGREGATED_SECRET_ADDED_EVENT - {
  "modelId": "95492",
  "round": 4
}
2022-09-06 00:39:52.764  INFO 83516 --- [onPool-worker-2] com.example.fljavagateway.EventListener  : 
<-- Chaincode event received: AGGREGATED_SECRET_ADDED_EVENT - {
  "modelId": "95492",
  "round": 4
}
2022-09-06 00:53:34.222  INFO 83516 --- [io-8081-exec-10] com.example.fljavagateway.SocketHandler  : New socket connected successfully.
2022-09-06 00:54:03.324  INFO 83516 --- [onPool-worker-2] com.example.fljavagateway.EventListener  : 
<-- Chaincode event received: CREATE_MODEL_METADATA_EVENT - {
  "modelId": "93336",
  "name": "model1",
  "clientsPerRound": 2,
  "secretsPerClient": 2,
  "status": "initiated",
  "trainingRounds": 10,
  "currentRound": 0
}
2022-09-06 00:54:05.425  INFO 83516 --- [onPool-worker-2] com.example.fljavagateway.EventListener  : 
<-- Chaincode event received: START_TRAINING_EVENT - {
  "modelId": "93336",
  "name": "model1",
  "clientsPerRound": 2,
  "secretsPerClient": 2,
  "status": "started",
  "trainingRounds": 10,
  "currentRound": 0
}
2022-09-06 00:54:37.468  INFO 83516 --- [nio-8081-exec-1] com.example.fljavagateway.BlockchainBl   : addModelSecret modelId: 93336 datasetSize: 30000
2022-09-06 00:54:40.509  INFO 83516 --- [onPool-worker-2] com.example.fljavagateway.EventListener  : 
<-- Chaincode event received: MODEL_SECRET_ADDED_EVENT - {
  "modelId": "93336",
  "round": 0,
  "datasetSize": 30000
}
2022-09-06 00:54:41.910  INFO 83516 --- [onPool-worker-2] com.example.fljavagateway.EventListener  : 
<-- Chaincode event received: MODEL_SECRET_ADDED_EVENT - {
  "modelId": "93336",
  "round": 0,
  "datasetSize": 30000
}
2022-09-06 00:54:42.679  INFO 83516 --- [onPool-worker-2] com.example.fljavagateway.EventListener  : 
<-- Chaincode event received: MODEL_SECRET_ADDED_EVENT - {
  "modelId": "93336",
  "round": 0,
  "datasetSize": 30000
}
2022-09-06 00:54:43.959  INFO 83516 --- [onPool-worker-2] com.example.fljavagateway.EventListener  : 
<-- Chaincode event received: MODEL_SECRET_ADDED_EVENT - {
  "modelId": "93336",
  "round": 0,
  "datasetSize": 30000
}
2022-09-06 00:54:52.408  INFO 83516 --- [onPool-worker-2] com.example.fljavagateway.EventListener  : 
<-- Chaincode event received: AGGREGATED_SECRET_ADDED_EVENT - {
  "modelId": "93336",
  "round": 0
}
2022-09-06 00:54:52.800  INFO 83516 --- [onPool-worker-2] com.example.fljavagateway.EventListener  : 
<-- Chaincode event received: AGGREGATED_SECRET_ADDED_EVENT - {
  "modelId": "93336",
  "round": 0
}
2022-09-06 00:55:09.594  INFO 83516 --- [onPool-worker-2] com.example.fljavagateway.EventListener  : 
<-- Chaincode event received: ROUND_FINISHED_EVENT - {
  "modelId": "93336",
  "name": "model1",
  "clientsPerRound": 2,
  "secretsPerClient": 2,
  "status": "started",
  "trainingRounds": 10,
  "currentRound": 0
}
2022-09-06 00:55:51.718  INFO 83516 --- [io-8081-exec-10] com.example.fljavagateway.BlockchainBl   : addModelSecret modelId: 93336 datasetSize: 30000
2022-09-06 00:55:52.538  INFO 83516 --- [onPool-worker-2] com.example.fljavagateway.EventListener  : 
<-- Chaincode event received: MODEL_SECRET_ADDED_EVENT - {
  "modelId": "93336",
  "round": 1,
  "datasetSize": 30000
}
2022-09-06 00:55:53.406  INFO 83516 --- [onPool-worker-2] com.example.fljavagateway.EventListener  : 
<-- Chaincode event received: MODEL_SECRET_ADDED_EVENT - {
  "modelId": "93336",
  "round": 1,
  "datasetSize": 30000
}
2022-09-06 00:55:53.544  INFO 83516 --- [onPool-worker-2] com.example.fljavagateway.EventListener  : 
<-- Chaincode event received: MODEL_SECRET_ADDED_EVENT - {
  "modelId": "93336",
  "round": 1,
  "datasetSize": 30000
}
2022-09-06 00:55:54.517  INFO 83516 --- [onPool-worker-2] com.example.fljavagateway.EventListener  : 
<-- Chaincode event received: MODEL_SECRET_ADDED_EVENT - {
  "modelId": "93336",
  "round": 1,
  "datasetSize": 30000
}
2022-09-06 00:56:03.947  INFO 83516 --- [onPool-worker-2] com.example.fljavagateway.EventListener  : 
<-- Chaincode event received: AGGREGATED_SECRET_ADDED_EVENT - {
  "modelId": "93336",
  "round": 1
}
2022-09-06 00:56:04.085  INFO 83516 --- [onPool-worker-2] com.example.fljavagateway.EventListener  : 
<-- Chaincode event received: AGGREGATED_SECRET_ADDED_EVENT - {
  "modelId": "93336",
  "round": 1
}
2022-09-06 00:56:20.880  INFO 83516 --- [onPool-worker-2] com.example.fljavagateway.EventListener  : 
<-- Chaincode event received: ROUND_FINISHED_EVENT - {
  "modelId": "93336",
  "name": "model1",
  "clientsPerRound": 2,
  "secretsPerClient": 2,
  "status": "started",
  "trainingRounds": 10,
  "currentRound": 1
}
2022-09-06 00:56:58.523  INFO 83516 --- [nio-8081-exec-5] com.example.fljavagateway.BlockchainBl   : addModelSecret modelId: 93336 datasetSize: 30000
2022-09-06 00:56:59.257  INFO 83516 --- [onPool-worker-2] com.example.fljavagateway.EventListener  : 
<-- Chaincode event received: MODEL_SECRET_ADDED_EVENT - {
  "modelId": "93336",
  "round": 2,
  "datasetSize": 30000
}
2022-09-06 00:56:59.431  INFO 83516 --- [onPool-worker-2] com.example.fljavagateway.EventListener  : 
<-- Chaincode event received: MODEL_SECRET_ADDED_EVENT - {
  "modelId": "93336",
  "round": 2,
  "datasetSize": 30000
}
2022-09-06 00:56:59.942  INFO 83516 --- [onPool-worker-2] com.example.fljavagateway.EventListener  : 
<-- Chaincode event received: MODEL_SECRET_ADDED_EVENT - {
  "modelId": "93336",
  "round": 2,
  "datasetSize": 30000
}
2022-09-06 00:57:00.186  INFO 83516 --- [onPool-worker-2] com.example.fljavagateway.EventListener  : 
<-- Chaincode event received: MODEL_SECRET_ADDED_EVENT - {
  "modelId": "93336",
  "round": 2,
  "datasetSize": 30000
}
2022-09-06 00:57:10.498  INFO 83516 --- [onPool-worker-2] com.example.fljavagateway.EventListener  : 
<-- Chaincode event received: AGGREGATED_SECRET_ADDED_EVENT - {
  "modelId": "93336",
  "round": 2
}
2022-09-06 00:57:10.647  INFO 83516 --- [onPool-worker-2] com.example.fljavagateway.EventListener  : 
<-- Chaincode event received: AGGREGATED_SECRET_ADDED_EVENT - {
  "modelId": "93336",
  "round": 2
}
2022-09-06 00:57:27.390  INFO 83516 --- [onPool-worker-2] com.example.fljavagateway.EventListener  : 
<-- Chaincode event received: ROUND_FINISHED_EVENT - {
  "modelId": "93336",
  "name": "model1",
  "clientsPerRound": 2,
  "secretsPerClient": 2,
  "status": "started",
  "trainingRounds": 10,
  "currentRound": 2
}
2022-09-06 00:58:06.472  INFO 83516 --- [nio-8081-exec-3] com.example.fljavagateway.BlockchainBl   : addModelSecret modelId: 93336 datasetSize: 30000
2022-09-06 00:58:06.573  INFO 83516 --- [onPool-worker-2] com.example.fljavagateway.EventListener  : 
<-- Chaincode event received: MODEL_SECRET_ADDED_EVENT - {
  "modelId": "93336",
  "round": 3,
  "datasetSize": 30000
}
2022-09-06 00:58:07.173  INFO 83516 --- [onPool-worker-2] com.example.fljavagateway.EventListener  : 
<-- Chaincode event received: MODEL_SECRET_ADDED_EVENT - {
  "modelId": "93336",
  "round": 3,
  "datasetSize": 30000
}
2022-09-06 00:58:07.384  INFO 83516 --- [onPool-worker-2] com.example.fljavagateway.EventListener  : 
<-- Chaincode event received: MODEL_SECRET_ADDED_EVENT - {
  "modelId": "93336",
  "round": 3,
  "datasetSize": 30000
}
2022-09-06 00:58:08.017  INFO 83516 --- [onPool-worker-2] com.example.fljavagateway.EventListener  : 
<-- Chaincode event received: MODEL_SECRET_ADDED_EVENT - {
  "modelId": "93336",
  "round": 3,
  "datasetSize": 30000
}
2022-09-06 00:58:17.728  INFO 83516 --- [onPool-worker-2] com.example.fljavagateway.EventListener  : 
<-- Chaincode event received: AGGREGATED_SECRET_ADDED_EVENT - {
  "modelId": "93336",
  "round": 3
}
2022-09-06 00:58:18.257  INFO 83516 --- [onPool-worker-2] com.example.fljavagateway.EventListener  : 
<-- Chaincode event received: AGGREGATED_SECRET_ADDED_EVENT - {
  "modelId": "93336",
  "round": 3
}
2022-09-06 00:58:33.994  INFO 83516 --- [onPool-worker-2] com.example.fljavagateway.EventListener  : 
<-- Chaincode event received: ROUND_FINISHED_EVENT - {
  "modelId": "93336",
  "name": "model1",
  "clientsPerRound": 2,
  "secretsPerClient": 2,
  "status": "started",
  "trainingRounds": 10,
  "currentRound": 3
}
2022-09-06 00:59:09.879  INFO 83516 --- [onPool-worker-2] com.example.fljavagateway.EventListener  : 
<-- Chaincode event received: MODEL_SECRET_ADDED_EVENT - {
  "modelId": "93336",
  "round": 4,
  "datasetSize": 30000
}
2022-09-06 00:59:11.020  INFO 83516 --- [onPool-worker-2] com.example.fljavagateway.EventListener  : 
<-- Chaincode event received: MODEL_SECRET_ADDED_EVENT - {
  "modelId": "93336",
  "round": 4,
  "datasetSize": 30000
}
2022-09-06 00:59:11.634  INFO 83516 --- [nio-8081-exec-7] com.example.fljavagateway.BlockchainBl   : addModelSecret modelId: 93336 datasetSize: 30000
2022-09-06 00:59:12.086  INFO 83516 --- [onPool-worker-2] com.example.fljavagateway.EventListener  : 
<-- Chaincode event received: MODEL_SECRET_ADDED_EVENT - {
  "modelId": "93336",
  "round": 4,
  "datasetSize": 30000
}
2022-09-06 00:59:12.490  INFO 83516 --- [onPool-worker-2] com.example.fljavagateway.EventListener  : 
<-- Chaincode event received: MODEL_SECRET_ADDED_EVENT - {
  "modelId": "93336",
  "round": 4,
  "datasetSize": 30000
}
2022-09-06 00:59:21.183  INFO 83516 --- [onPool-worker-2] com.example.fljavagateway.EventListener  : 
<-- Chaincode event received: AGGREGATED_SECRET_ADDED_EVENT - {
  "modelId": "93336",
  "round": 4
}
2022-09-06 00:59:22.081  INFO 83516 --- [onPool-worker-2] com.example.fljavagateway.EventListener  : 
<-- Chaincode event received: AGGREGATED_SECRET_ADDED_EVENT - {
  "modelId": "93336",
  "round": 4
}
2022-09-06 00:59:37.625  INFO 83516 --- [onPool-worker-2] com.example.fljavagateway.EventListener  : 
<-- Chaincode event received: ROUND_FINISHED_EVENT - {
  "modelId": "93336",
  "name": "model1",
  "clientsPerRound": 2,
  "secretsPerClient": 2,
  "status": "started",
  "trainingRounds": 10,
  "currentRound": 4
}
2022-09-06 01:01:06.533  INFO 83516 --- [onPool-worker-2] com.example.fljavagateway.EventListener  : 
<-- Chaincode event received: MODEL_SECRET_ADDED_EVENT - {
  "modelId": "93336",
  "round": 5,
  "datasetSize": 30000
}
2022-09-06 01:01:06.585  INFO 83516 --- [nio-8081-exec-2] com.example.fljavagateway.BlockchainBl   : addModelSecret modelId: 93336 datasetSize: 30000
2022-09-06 01:01:07.294  INFO 83516 --- [onPool-worker-2] com.example.fljavagateway.EventListener  : 
<-- Chaincode event received: MODEL_SECRET_ADDED_EVENT - {
  "modelId": "93336",
  "round": 5,
  "datasetSize": 30000
}
2022-09-06 01:01:07.410  INFO 83516 --- [onPool-worker-2] com.example.fljavagateway.EventListener  : 
<-- Chaincode event received: MODEL_SECRET_ADDED_EVENT - {
  "modelId": "93336",
  "round": 5,
  "datasetSize": 30000
}
2022-09-06 01:01:07.918  INFO 83516 --- [onPool-worker-2] com.example.fljavagateway.EventListener  : 
<-- Chaincode event received: MODEL_SECRET_ADDED_EVENT - {
  "modelId": "93336",
  "round": 5,
  "datasetSize": 30000
}
2022-09-06 01:01:17.880  INFO 83516 --- [onPool-worker-2] com.example.fljavagateway.EventListener  : 
<-- Chaincode event received: AGGREGATED_SECRET_ADDED_EVENT - {
  "modelId": "93336",
  "round": 5
}
2022-09-06 01:01:18.017  INFO 83516 --- [onPool-worker-2] com.example.fljavagateway.EventListener  : 
<-- Chaincode event received: AGGREGATED_SECRET_ADDED_EVENT - {
  "modelId": "93336",
  "round": 5
}
2022-09-06 01:01:34.072  INFO 83516 --- [onPool-worker-2] com.example.fljavagateway.EventListener  : 
<-- Chaincode event received: ROUND_FINISHED_EVENT - {
  "modelId": "93336",
  "name": "model1",
  "clientsPerRound": 2,
  "secretsPerClient": 2,
  "status": "started",
  "trainingRounds": 10,
  "currentRound": 5
}
2022-09-06 01:02:06.058  INFO 83516 --- [nio-8081-exec-2] com.example.fljavagateway.BlockchainBl   : addModelSecret modelId: 93336 datasetSize: 30000
2022-09-06 01:02:06.619  INFO 83516 --- [onPool-worker-2] com.example.fljavagateway.EventListener  : 
<-- Chaincode event received: MODEL_SECRET_ADDED_EVENT - {
  "modelId": "93336",
  "round": 6,
  "datasetSize": 30000
}
2022-09-06 01:02:06.790  INFO 83516 --- [onPool-worker-2] com.example.fljavagateway.EventListener  : 
<-- Chaincode event received: MODEL_SECRET_ADDED_EVENT - {
  "modelId": "93336",
  "round": 6,
  "datasetSize": 30000
}
2022-09-06 01:02:07.409  INFO 83516 --- [onPool-worker-2] com.example.fljavagateway.EventListener  : 
<-- Chaincode event received: MODEL_SECRET_ADDED_EVENT - {
  "modelId": "93336",
  "round": 6,
  "datasetSize": 30000
}
2022-09-06 01:02:07.531  INFO 83516 --- [onPool-worker-2] com.example.fljavagateway.EventListener  : 
<-- Chaincode event received: MODEL_SECRET_ADDED_EVENT - {
  "modelId": "93336",
  "round": 6,
  "datasetSize": 30000
}
2022-09-06 01:02:17.888  INFO 83516 --- [onPool-worker-2] com.example.fljavagateway.EventListener  : 
<-- Chaincode event received: AGGREGATED_SECRET_ADDED_EVENT - {
  "modelId": "93336",
  "round": 6
}
2022-09-06 01:02:18.005  INFO 83516 --- [onPool-worker-2] com.example.fljavagateway.EventListener  : 
<-- Chaincode event received: AGGREGATED_SECRET_ADDED_EVENT - {
  "modelId": "93336",
  "round": 6
}
2022-09-06 01:02:34.124  INFO 83516 --- [onPool-worker-2] com.example.fljavagateway.EventListener  : 
<-- Chaincode event received: ROUND_FINISHED_EVENT - {
  "modelId": "93336",
  "name": "model1",
  "clientsPerRound": 2,
  "secretsPerClient": 2,
  "status": "started",
  "trainingRounds": 10,
  "currentRound": 6
}
2022-09-06 01:03:09.260  INFO 83516 --- [nio-8081-exec-2] com.example.fljavagateway.BlockchainBl   : addModelSecret modelId: 93336 datasetSize: 30000
2022-09-06 01:03:09.892  INFO 83516 --- [onPool-worker-2] com.example.fljavagateway.EventListener  : 
<-- Chaincode event received: MODEL_SECRET_ADDED_EVENT - {
  "modelId": "93336",
  "round": 7,
  "datasetSize": 30000
}
2022-09-06 01:03:10.014  INFO 83516 --- [onPool-worker-2] com.example.fljavagateway.EventListener  : 
<-- Chaincode event received: MODEL_SECRET_ADDED_EVENT - {
  "modelId": "93336",
  "round": 7,
  "datasetSize": 30000
}
2022-09-06 01:03:10.443  INFO 83516 --- [onPool-worker-2] com.example.fljavagateway.EventListener  : 
<-- Chaincode event received: MODEL_SECRET_ADDED_EVENT - {
  "modelId": "93336",
  "round": 7,
  "datasetSize": 30000
}
2022-09-06 01:03:10.537  INFO 83516 --- [onPool-worker-2] com.example.fljavagateway.EventListener  : 
<-- Chaincode event received: MODEL_SECRET_ADDED_EVENT - {
  "modelId": "93336",
  "round": 7,
  "datasetSize": 30000
}
2022-09-06 01:03:21.275  INFO 83516 --- [onPool-worker-2] com.example.fljavagateway.EventListener  : 
<-- Chaincode event received: AGGREGATED_SECRET_ADDED_EVENT - {
  "modelId": "93336",
  "round": 7
}
2022-09-06 01:03:21.384  INFO 83516 --- [onPool-worker-2] com.example.fljavagateway.EventListener  : 
<-- Chaincode event received: AGGREGATED_SECRET_ADDED_EVENT - {
  "modelId": "93336",
  "round": 7
}
2022-09-06 01:03:37.448  INFO 83516 --- [onPool-worker-2] com.example.fljavagateway.EventListener  : 
<-- Chaincode event received: ROUND_FINISHED_EVENT - {
  "modelId": "93336",
  "name": "model1",
  "clientsPerRound": 2,
  "secretsPerClient": 2,
  "status": "started",
  "trainingRounds": 10,
  "currentRound": 7
}
2022-09-06 01:04:14.459  INFO 83516 --- [nio-8081-exec-9] com.example.fljavagateway.BlockchainBl   : addModelSecret modelId: 93336 datasetSize: 30000
2022-09-06 01:04:15.054  INFO 83516 --- [onPool-worker-2] com.example.fljavagateway.EventListener  : 
<-- Chaincode event received: MODEL_SECRET_ADDED_EVENT - {
  "modelId": "93336",
  "round": 8,
  "datasetSize": 30000
}
2022-09-06 01:04:15.221  INFO 83516 --- [onPool-worker-2] com.example.fljavagateway.EventListener  : 
<-- Chaincode event received: MODEL_SECRET_ADDED_EVENT - {
  "modelId": "93336",
  "round": 8,
  "datasetSize": 30000
}
2022-09-06 01:04:15.603  INFO 83516 --- [onPool-worker-2] com.example.fljavagateway.EventListener  : 
<-- Chaincode event received: MODEL_SECRET_ADDED_EVENT - {
  "modelId": "93336",
  "round": 8,
  "datasetSize": 30000
}
2022-09-06 01:04:15.784  INFO 83516 --- [onPool-worker-2] com.example.fljavagateway.EventListener  : 
<-- Chaincode event received: MODEL_SECRET_ADDED_EVENT - {
  "modelId": "93336",
  "round": 8,
  "datasetSize": 30000
}
2022-09-06 01:04:26.264  INFO 83516 --- [onPool-worker-2] com.example.fljavagateway.EventListener  : 
<-- Chaincode event received: AGGREGATED_SECRET_ADDED_EVENT - {
  "modelId": "93336",
  "round": 8
}
2022-09-06 01:04:26.421  INFO 83516 --- [onPool-worker-2] com.example.fljavagateway.EventListener  : 
<-- Chaincode event received: AGGREGATED_SECRET_ADDED_EVENT - {
  "modelId": "93336",
  "round": 8
}
2022-09-06 01:04:42.315  INFO 83516 --- [onPool-worker-2] com.example.fljavagateway.EventListener  : 
<-- Chaincode event received: ROUND_FINISHED_EVENT - {
  "modelId": "93336",
  "name": "model1",
  "clientsPerRound": 2,
  "secretsPerClient": 2,
  "status": "started",
  "trainingRounds": 10,
  "currentRound": 8
}
2022-09-06 01:05:18.153  INFO 83516 --- [nio-8081-exec-1] com.example.fljavagateway.BlockchainBl   : addModelSecret modelId: 93336 datasetSize: 30000
2022-09-06 01:05:18.654  INFO 83516 --- [onPool-worker-2] com.example.fljavagateway.EventListener  : 
<-- Chaincode event received: MODEL_SECRET_ADDED_EVENT - {
  "modelId": "93336",
  "round": 9,
  "datasetSize": 30000
}
2022-09-06 01:05:18.943  INFO 83516 --- [onPool-worker-2] com.example.fljavagateway.EventListener  : 
<-- Chaincode event received: MODEL_SECRET_ADDED_EVENT - {
  "modelId": "93336",
  "round": 9,
  "datasetSize": 30000
}
2022-09-06 01:05:19.198  INFO 83516 --- [onPool-worker-2] com.example.fljavagateway.EventListener  : 
<-- Chaincode event received: MODEL_SECRET_ADDED_EVENT - {
  "modelId": "93336",
  "round": 9,
  "datasetSize": 30000
}
2022-09-06 01:05:19.732  INFO 83516 --- [onPool-worker-2] com.example.fljavagateway.EventListener  : 
<-- Chaincode event received: MODEL_SECRET_ADDED_EVENT - {
  "modelId": "93336",
  "round": 9,
  "datasetSize": 30000
}
2022-09-06 01:05:29.730  INFO 83516 --- [onPool-worker-2] com.example.fljavagateway.EventListener  : 
<-- Chaincode event received: AGGREGATED_SECRET_ADDED_EVENT - {
  "modelId": "93336",
  "round": 9
}
2022-09-06 01:05:29.857  INFO 83516 --- [onPool-worker-2] com.example.fljavagateway.EventListener  : 
<-- Chaincode event received: AGGREGATED_SECRET_ADDED_EVENT - {
  "modelId": "93336",
  "round": 9
}
2022-09-06 01:05:45.851  INFO 83516 --- [onPool-worker-2] com.example.fljavagateway.EventListener  : 
<-- Chaincode event received: ROUND_FINISHED_EVENT - {
  "modelId": "93336",
  "name": "model1",
  "clientsPerRound": 2,
  "secretsPerClient": 2,
  "status": "started",
  "trainingRounds": 10,
  "currentRound": 9
}
2022-09-06 01:06:20.697  INFO 83516 --- [nio-8081-exec-1] com.example.fljavagateway.BlockchainBl   : addModelSecret modelId: 93336 datasetSize: 30000
2022-09-06 01:06:21.183  INFO 83516 --- [onPool-worker-2] com.example.fljavagateway.EventListener  : 
<-- Chaincode event received: MODEL_SECRET_ADDED_EVENT - {
  "modelId": "93336",
  "round": 10,
  "datasetSize": 30000
}
2022-09-06 01:06:21.370  INFO 83516 --- [onPool-worker-2] com.example.fljavagateway.EventListener  : 
<-- Chaincode event received: MODEL_SECRET_ADDED_EVENT - {
  "modelId": "93336",
  "round": 10,
  "datasetSize": 30000
}
2022-09-06 01:06:21.831  INFO 83516 --- [onPool-worker-2] com.example.fljavagateway.EventListener  : 
<-- Chaincode event received: MODEL_SECRET_ADDED_EVENT - {
  "modelId": "93336",
  "round": 10,
  "datasetSize": 30000
}
2022-09-06 01:06:21.989  INFO 83516 --- [onPool-worker-2] com.example.fljavagateway.EventListener  : 
<-- Chaincode event received: MODEL_SECRET_ADDED_EVENT - {
  "modelId": "93336",
  "round": 10,
  "datasetSize": 30000
}
2022-09-06 01:06:32.278  INFO 83516 --- [onPool-worker-2] com.example.fljavagateway.EventListener  : 
<-- Chaincode event received: AGGREGATED_SECRET_ADDED_EVENT - {
  "modelId": "93336",
  "round": 10
}
2022-09-06 01:06:32.432  INFO 83516 --- [onPool-worker-2] com.example.fljavagateway.EventListener  : 
<-- Chaincode event received: AGGREGATED_SECRET_ADDED_EVENT - {
  "modelId": "93336",
  "round": 10
}
2022-09-06 01:06:48.819  INFO 83516 --- [onPool-worker-2] com.example.fljavagateway.EventListener  : 
<-- Chaincode event received: TRAINING_FINISHED_EVENT - {
  "modelId": "93336",
  "name": "model1",
  "clientsPerRound": 2,
  "secretsPerClient": 2,
  "status": "started",
  "trainingRounds": 10,
  "currentRound": 10
}
