
  .   ____          _            __ _ _
 /\\ / ___'_ __ _ _(_)_ __  __ _ \ \ \ \
( ( )\___ | '_ | '_| | '_ \/ _` | \ \ \ \
 \\/  ___)| |_)| | | | | || (_| |  ) ) ) )
  '  |____| .__|_| |_|_| |_\__, | / / / /
 =========|_|==============|___/=/_/_/_/
 :: Spring Boot ::                (v2.7.2)

2022-09-06 00:08:42.955  INFO 83515 --- [           main] c.e.f.FlJavaGatewayApplication           : Starting FlJavaGatewayApplication using Java 18.0.2 on hmaid with PID 83515 (/home/hamid/Documents/fl-java-gateway/build/libs/fl-java-gateway-0.0.1-SNAPSHOT.jar started by hamid in /home/hamid/Documents/fl-java-gateway)
2022-09-06 00:08:42.970 DEBUG 83515 --- [           main] c.e.f.FlJavaGatewayApplication           : Running with Spring Boot v2.7.2, Spring v5.3.22
2022-09-06 00:08:42.972  INFO 83515 --- [           main] c.e.f.FlJavaGatewayApplication           : No active profile set, falling back to 1 default profile: "default"
2022-09-06 00:08:48.594  INFO 83515 --- [           main] o.s.b.w.embedded.tomcat.TomcatWebServer  : Tomcat initialized with port(s): 8080 (http)
2022-09-06 00:08:48.688  INFO 83515 --- [           main] o.apache.catalina.core.StandardService   : Starting service [Tomcat]
2022-09-06 00:08:48.699  INFO 83515 --- [           main] org.apache.catalina.core.StandardEngine  : Starting Servlet engine: [Apache Tomcat/9.0.65]
2022-09-06 00:08:49.176  INFO 83515 --- [           main] o.a.c.c.C.[Tomcat].[localhost].[/]       : Initializing Spring embedded WebApplicationContext
2022-09-06 00:08:49.177  INFO 83515 --- [           main] w.s.c.ServletWebServerApplicationContext : Root WebApplicationContext: initialization completed in 5957 ms
2022-09-06 00:08:52.717  INFO 83515 --- [           main] com.example.fljavagateway.BlockchainBl   : Using org2Contract for defaultContract
2022-09-06 00:08:52.718  INFO 83515 --- [           main] com.example.fljavagateway.BlockchainBl   : --fl.aggregator.organization=org1
2022-09-06 00:08:52.718  INFO 83515 --- [           main] com.example.fljavagateway.BlockchainBl   : Using org1Contract for aggregatorContract
2022-09-06 00:08:52.817 DEBUG 83515 --- [           main] com.example.fljavagateway.SocketHandler  : Hi!
2022-09-06 00:08:53.003  INFO 83515 --- [           main] com.example.fljavagateway.EventListener  : Start listening for events...
2022-09-06 00:08:56.008  INFO 83515 --- [           main] o.s.b.w.embedded.tomcat.TomcatWebServer  : Tomcat started on port(s): 8080 (http) with context path ''
2022-09-06 00:08:56.038  INFO 83515 --- [           main] c.e.f.FlJavaGatewayApplication           : Started FlJavaGatewayApplication in 15.031 seconds (JVM running for 17.564)
2022-09-06 00:09:05.351  INFO 83515 --- [nio-8080-exec-1] o.a.c.c.C.[Tomcat].[localhost].[/]       : Initializing Spring DispatcherServlet 'dispatcherServlet'
2022-09-06 00:09:05.352  INFO 83515 --- [nio-8080-exec-1] o.s.web.servlet.DispatcherServlet        : Initializing Servlet 'dispatcherServlet'
2022-09-06 00:09:05.354  INFO 83515 --- [nio-8080-exec-1] o.s.web.servlet.DispatcherServlet        : Completed initialization in 2 ms
2022-09-06 00:09:06.095  INFO 83515 --- [nio-8080-exec-5] com.example.fljavagateway.SocketHandler  : New socket connected successfully.
2022-09-06 00:09:25.253  INFO 83515 --- [onPool-worker-2] com.example.fljavagateway.EventListener  : 
<-- Chaincode event received: CREATE_MODEL_METADATA_EVENT - {
  "modelId": "99354",
  "name": "model1",
  "clientsPerRound": 2,
  "secretsPerClient": 2,
  "status": "initiated",
  "trainingRounds": 10,
  "currentRound": 0
}
2022-09-06 00:09:27.327  INFO 83515 --- [onPool-worker-2] com.example.fljavagateway.EventListener  : 
<-- Chaincode event received: START_TRAINING_EVENT - {
  "modelId": "99354",
  "name": "model1",
  "clientsPerRound": 2,
  "secretsPerClient": 2,
  "status": "started",
  "trainingRounds": 10,
  "currentRound": 0
}
2022-09-06 00:09:57.243  INFO 83515 --- [nio-8080-exec-4] com.example.fljavagateway.BlockchainBl   : addModelSecret modelId: 99354 datasetSize: 30000
2022-09-06 00:10:00.003  INFO 83515 --- [onPool-worker-2] com.example.fljavagateway.EventListener  : 
<-- Chaincode event received: MODEL_SECRET_ADDED_EVENT - {
  "modelId": "99354",
  "round": 0,
  "datasetSize": 30000
}
2022-09-06 00:10:00.289  INFO 83515 --- [onPool-worker-2] com.example.fljavagateway.EventListener  : 
<-- Chaincode event received: MODEL_SECRET_ADDED_EVENT - {
  "modelId": "99354",
  "round": 0,
  "datasetSize": 30000
}
2022-09-06 00:10:01.388  INFO 83515 --- [onPool-worker-2] com.example.fljavagateway.EventListener  : 
<-- Chaincode event received: MODEL_SECRET_ADDED_EVENT - {
  "modelId": "99354",
  "round": 0,
  "datasetSize": 30000
}
2022-09-06 00:10:02.662  INFO 83515 --- [onPool-worker-2] com.example.fljavagateway.EventListener  : 
<-- Chaincode event received: MODEL_SECRET_ADDED_EVENT - {
  "modelId": "99354",
  "round": 0,
  "datasetSize": 30000
}
2022-09-06 00:10:12.835  INFO 83515 --- [onPool-worker-2] com.example.fljavagateway.EventListener  : 
<-- Chaincode event received: AGGREGATED_SECRET_ADDED_EVENT - {
  "modelId": "99354",
  "round": 0
}
2022-09-06 00:10:13.306  INFO 83515 --- [onPool-worker-2] com.example.fljavagateway.EventListener  : 
<-- Chaincode event received: AGGREGATED_SECRET_ADDED_EVENT - {
  "modelId": "99354",
  "round": 0
}
2022-09-06 00:17:40.659  INFO 83515 --- [nio-8080-exec-8] com.example.fljavagateway.SocketHandler  : New socket connected successfully.
2022-09-06 00:17:51.640  INFO 83515 --- [onPool-worker-2] com.example.fljavagateway.EventListener  : 
<-- Chaincode event received: CREATE_MODEL_METADATA_EVENT - {
  "modelId": "32077",
  "name": "model1",
  "clientsPerRound": 2,
  "secretsPerClient": 2,
  "status": "initiated",
  "trainingRounds": 10,
  "currentRound": 0
}
2022-09-06 00:17:53.724  INFO 83515 --- [onPool-worker-2] com.example.fljavagateway.EventListener  : 
<-- Chaincode event received: START_TRAINING_EVENT - {
  "modelId": "32077",
  "name": "model1",
  "clientsPerRound": 2,
  "secretsPerClient": 2,
  "status": "started",
  "trainingRounds": 10,
  "currentRound": 0
}
2022-09-06 00:18:27.518  INFO 83515 --- [nio-8080-exec-7] com.example.fljavagateway.BlockchainBl   : addModelSecret modelId: 32077 datasetSize: 30000
2022-09-06 00:18:28.394  INFO 83515 --- [onPool-worker-2] com.example.fljavagateway.EventListener  : 
<-- Chaincode event received: MODEL_SECRET_ADDED_EVENT - {
  "modelId": "32077",
  "round": 0,
  "datasetSize": 30000
}
2022-09-06 00:18:28.679  INFO 83515 --- [onPool-worker-2] com.example.fljavagateway.EventListener  : 
<-- Chaincode event received: MODEL_SECRET_ADDED_EVENT - {
  "modelId": "32077",
  "round": 0,
  "datasetSize": 30000
}
2022-09-06 00:18:29.457  INFO 83515 --- [onPool-worker-2] com.example.fljavagateway.EventListener  : 
<-- Chaincode event received: MODEL_SECRET_ADDED_EVENT - {
  "modelId": "32077",
  "round": 0,
  "datasetSize": 30000
}
2022-09-06 00:18:29.510  INFO 83515 --- [onPool-worker-2] com.example.fljavagateway.EventListener  : 
<-- Chaincode event received: MODEL_SECRET_ADDED_EVENT - {
  "modelId": "32077",
  "round": 0,
  "datasetSize": 30000
}
2022-09-06 00:18:40.131  INFO 83515 --- [onPool-worker-2] com.example.fljavagateway.EventListener  : 
<-- Chaincode event received: AGGREGATED_SECRET_ADDED_EVENT - {
  "modelId": "32077",
  "round": 0
}
2022-09-06 00:18:40.362  INFO 83515 --- [onPool-worker-2] com.example.fljavagateway.EventListener  : 
<-- Chaincode event received: AGGREGATED_SECRET_ADDED_EVENT - {
  "modelId": "32077",
  "round": 0
}
2022-09-06 00:32:08.320  INFO 83515 --- [nio-8080-exec-2] com.example.fljavagateway.SocketHandler  : New socket connected successfully.
2022-09-06 00:32:22.768  INFO 83515 --- [onPool-worker-2] com.example.fljavagateway.EventListener  : 
<-- Chaincode event received: CREATE_MODEL_METADATA_EVENT - {
  "modelId": "95492",
  "name": "model1",
  "clientsPerRound": 2,
  "secretsPerClient": 2,
  "status": "initiated",
  "trainingRounds": 10,
  "currentRound": 0
}
2022-09-06 00:32:24.920  INFO 83515 --- [onPool-worker-2] com.example.fljavagateway.EventListener  : 
<-- Chaincode event received: START_TRAINING_EVENT - {
  "modelId": "95492",
  "name": "model1",
  "clientsPerRound": 2,
  "secretsPerClient": 2,
  "status": "started",
  "trainingRounds": 10,
  "currentRound": 0
}
2022-09-06 00:33:02.144  INFO 83515 --- [onPool-worker-2] com.example.fljavagateway.EventListener  : 
<-- Chaincode event received: MODEL_SECRET_ADDED_EVENT - {
  "modelId": "95492",
  "round": 0,
  "datasetSize": 30000
}
2022-09-06 00:33:03.890  INFO 83515 --- [onPool-worker-2] com.example.fljavagateway.EventListener  : 
<-- Chaincode event received: MODEL_SECRET_ADDED_EVENT - {
  "modelId": "95492",
  "round": 0,
  "datasetSize": 30000
}
2022-09-06 00:33:07.373  INFO 83515 --- [nio-8080-exec-6] com.example.fljavagateway.BlockchainBl   : addModelSecret modelId: 95492 datasetSize: 30000
2022-09-06 00:33:08.446  INFO 83515 --- [onPool-worker-2] com.example.fljavagateway.EventListener  : 
<-- Chaincode event received: MODEL_SECRET_ADDED_EVENT - {
  "modelId": "95492",
  "round": 0,
  "datasetSize": 30000
}
2022-09-06 00:33:09.824  INFO 83515 --- [onPool-worker-2] com.example.fljavagateway.EventListener  : 
<-- Chaincode event received: MODEL_SECRET_ADDED_EVENT - {
  "modelId": "95492",
  "round": 0,
  "datasetSize": 30000
}
2022-09-06 00:33:19.583  INFO 83515 --- [onPool-worker-2] com.example.fljavagateway.EventListener  : 
<-- Chaincode event received: AGGREGATED_SECRET_ADDED_EVENT - {
  "modelId": "95492",
  "round": 0
}
2022-09-06 00:33:19.841  INFO 83515 --- [onPool-worker-2] com.example.fljavagateway.EventListener  : 
<-- Chaincode event received: AGGREGATED_SECRET_ADDED_EVENT - {
  "modelId": "95492",
  "round": 0
}
2022-09-06 00:33:36.839  INFO 83515 --- [onPool-worker-2] com.example.fljavagateway.EventListener  : 
<-- Chaincode event received: ROUND_FINISHED_EVENT - {
  "modelId": "95492",
  "name": "model1",
  "clientsPerRound": 2,
  "secretsPerClient": 2,
  "status": "started",
  "trainingRounds": 10,
  "currentRound": 0
}
2022-09-06 00:34:37.174  INFO 83515 --- [nio-8080-exec-2] com.example.fljavagateway.BlockchainBl   : addModelSecret modelId: 95492 datasetSize: 30000
2022-09-06 00:34:37.814  INFO 83515 --- [onPool-worker-2] com.example.fljavagateway.EventListener  : 
<-- Chaincode event received: MODEL_SECRET_ADDED_EVENT - {
  "modelId": "95492",
  "round": 1,
  "datasetSize": 30000
}
2022-09-06 00:34:38.527  INFO 83515 --- [onPool-worker-2] com.example.fljavagateway.EventListener  : 
<-- Chaincode event received: MODEL_SECRET_ADDED_EVENT - {
  "modelId": "95492",
  "round": 1,
  "datasetSize": 30000
}
2022-09-06 00:34:38.705  INFO 83515 --- [onPool-worker-2] com.example.fljavagateway.EventListener  : 
<-- Chaincode event received: MODEL_SECRET_ADDED_EVENT - {
  "modelId": "95492",
  "round": 1,
  "datasetSize": 30000
}
2022-09-06 00:34:39.612  INFO 83515 --- [onPool-worker-2] com.example.fljavagateway.EventListener  : 
<-- Chaincode event received: MODEL_SECRET_ADDED_EVENT - {
  "modelId": "95492",
  "round": 1,
  "datasetSize": 30000
}
2022-09-06 00:34:49.254  INFO 83515 --- [onPool-worker-2] com.example.fljavagateway.EventListener  : 
<-- Chaincode event received: AGGREGATED_SECRET_ADDED_EVENT - {
  "modelId": "95492",
  "round": 1
}
2022-09-06 00:34:49.371  INFO 83515 --- [onPool-worker-2] com.example.fljavagateway.EventListener  : 
<-- Chaincode event received: AGGREGATED_SECRET_ADDED_EVENT - {
  "modelId": "95492",
  "round": 1
}
2022-09-06 00:35:05.640  INFO 83515 --- [onPool-worker-2] com.example.fljavagateway.EventListener  : 
<-- Chaincode event received: ROUND_FINISHED_EVENT - {
  "modelId": "95492",
  "name": "model1",
  "clientsPerRound": 2,
  "secretsPerClient": 2,
  "status": "started",
  "trainingRounds": 10,
  "currentRound": 1
}
2022-09-06 00:35:57.006  INFO 83515 --- [nio-8080-exec-5] com.example.fljavagateway.BlockchainBl   : addModelSecret modelId: 95492 datasetSize: 30000
2022-09-06 00:35:57.955  INFO 83515 --- [onPool-worker-2] com.example.fljavagateway.EventListener  : 
<-- Chaincode event received: MODEL_SECRET_ADDED_EVENT - {
  "modelId": "95492",
  "round": 2,
  "datasetSize": 30000
}
2022-09-06 00:35:59.166  INFO 83515 --- [onPool-worker-2] com.example.fljavagateway.EventListener  : 
<-- Chaincode event received: MODEL_SECRET_ADDED_EVENT - {
  "modelId": "95492",
  "round": 2,
  "datasetSize": 30000
}
2022-09-06 00:36:00.131  INFO 83515 --- [onPool-worker-2] com.example.fljavagateway.EventListener  : 
<-- Chaincode event received: MODEL_SECRET_ADDED_EVENT - {
  "modelId": "95492",
  "round": 2,
  "datasetSize": 30000
}
2022-09-06 00:36:00.629  INFO 83515 --- [onPool-worker-2] com.example.fljavagateway.EventListener  : 
<-- Chaincode event received: MODEL_SECRET_ADDED_EVENT - {
  "modelId": "95492",
  "round": 2,
  "datasetSize": 30000
}
2022-09-06 00:36:09.488  INFO 83515 --- [onPool-worker-2] com.example.fljavagateway.EventListener  : 
<-- Chaincode event received: AGGREGATED_SECRET_ADDED_EVENT - {
  "modelId": "95492",
  "round": 2
}
2022-09-06 00:36:09.634  INFO 83515 --- [onPool-worker-2] com.example.fljavagateway.EventListener  : 
<-- Chaincode event received: AGGREGATED_SECRET_ADDED_EVENT - {
  "modelId": "95492",
  "round": 2
}
2022-09-06 00:36:26.088  INFO 83515 --- [onPool-worker-2] com.example.fljavagateway.EventListener  : 
<-- Chaincode event received: ROUND_FINISHED_EVENT - {
  "modelId": "95492",
  "name": "model1",
  "clientsPerRound": 2,
  "secretsPerClient": 2,
  "status": "started",
  "trainingRounds": 10,
  "currentRound": 2
}
2022-09-06 00:37:26.325  INFO 83515 --- [onPool-worker-2] com.example.fljavagateway.EventListener  : 
<-- Chaincode event received: MODEL_SECRET_ADDED_EVENT - {
  "modelId": "95492",
  "round": 3,
  "datasetSize": 30000
}
2022-09-06 00:37:27.431  INFO 83515 --- [onPool-worker-2] com.example.fljavagateway.EventListener  : 
<-- Chaincode event received: MODEL_SECRET_ADDED_EVENT - {
  "modelId": "95492",
  "round": 3,
  "datasetSize": 30000
}
2022-09-06 00:37:56.973  INFO 83515 --- [nio-8080-exec-4] com.example.fljavagateway.BlockchainBl   : addModelSecret modelId: 95492 datasetSize: 30000
2022-09-06 00:37:57.474  INFO 83515 --- [onPool-worker-2] com.example.fljavagateway.EventListener  : 
<-- Chaincode event received: MODEL_SECRET_ADDED_EVENT - {
  "modelId": "95492",
  "round": 3,
  "datasetSize": 30000
}
2022-09-06 00:37:57.875  INFO 83515 --- [onPool-worker-2] com.example.fljavagateway.EventListener  : 
<-- Chaincode event received: MODEL_SECRET_ADDED_EVENT - {
  "modelId": "95492",
  "round": 3,
  "datasetSize": 30000
}
2022-09-06 00:38:08.982  INFO 83515 --- [onPool-worker-2] com.example.fljavagateway.EventListener  : 
<-- Chaincode event received: AGGREGATED_SECRET_ADDED_EVENT - {
  "modelId": "95492",
  "round": 3
}
2022-09-06 00:38:09.194  INFO 83515 --- [onPool-worker-2] com.example.fljavagateway.EventListener  : 
<-- Chaincode event received: AGGREGATED_SECRET_ADDED_EVENT - {
  "modelId": "95492",
  "round": 3
}
2022-09-06 00:38:25.321  INFO 83515 --- [onPool-worker-2] com.example.fljavagateway.EventListener  : 
<-- Chaincode event received: ROUND_FINISHED_EVENT - {
  "modelId": "95492",
  "name": "model1",
  "clientsPerRound": 2,
  "secretsPerClient": 2,
  "status": "started",
  "trainingRounds": 10,
  "currentRound": 3
}
2022-09-06 00:39:36.081  INFO 83515 --- [onPool-worker-2] com.example.fljavagateway.EventListener  : 
<-- Chaincode event received: MODEL_SECRET_ADDED_EVENT - {
  "modelId": "95492",
  "round": 4,
  "datasetSize": 30000
}
2022-09-06 00:39:37.317  INFO 83515 --- [onPool-worker-2] com.example.fljavagateway.EventListener  : 
<-- Chaincode event received: MODEL_SECRET_ADDED_EVENT - {
  "modelId": "95492",
  "round": 4,
  "datasetSize": 30000
}
2022-09-06 00:39:41.812  INFO 83515 --- [nio-8080-exec-5] com.example.fljavagateway.BlockchainBl   : addModelSecret modelId: 95492 datasetSize: 30000
2022-09-06 00:39:42.817  INFO 83515 --- [onPool-worker-2] com.example.fljavagateway.EventListener  : 
<-- Chaincode event received: MODEL_SECRET_ADDED_EVENT - {
  "modelId": "95492",
  "round": 4,
  "datasetSize": 30000
}
2022-09-06 00:39:43.631  INFO 83515 --- [onPool-worker-2] com.example.fljavagateway.EventListener  : 
<-- Chaincode event received: MODEL_SECRET_ADDED_EVENT - {
  "modelId": "95492",
  "round": 4,
  "datasetSize": 30000
}
2022-09-06 00:39:52.563  INFO 83515 --- [onPool-worker-2] com.example.fljavagateway.EventListener  : 
<-- Chaincode event received: AGGREGATED_SECRET_ADDED_EVENT - {
  "modelId": "95492",
  "round": 4
}
2022-09-06 00:39:52.776  INFO 83515 --- [onPool-worker-2] com.example.fljavagateway.EventListener  : 
<-- Chaincode event received: AGGREGATED_SECRET_ADDED_EVENT - {
  "modelId": "95492",
  "round": 4
}
2022-09-06 00:53:33.952  INFO 83515 --- [nio-8080-exec-8] com.example.fljavagateway.SocketHandler  : New socket connected successfully.
2022-09-06 00:54:03.324  INFO 83515 --- [onPool-worker-2] com.example.fljavagateway.EventListener  : 
<-- Chaincode event received: CREATE_MODEL_METADATA_EVENT - {
  "modelId": "93336",
  "name": "model1",
  "clientsPerRound": 2,
  "secretsPerClient": 2,
  "status": "initiated",
  "trainingRounds": 10,
  "currentRound": 0
}
2022-09-06 00:54:05.426  INFO 83515 --- [onPool-worker-2] com.example.fljavagateway.EventListener  : 
<-- Chaincode event received: START_TRAINING_EVENT - {
  "modelId": "93336",
  "name": "model1",
  "clientsPerRound": 2,
  "secretsPerClient": 2,
  "status": "started",
  "trainingRounds": 10,
  "currentRound": 0
}
2022-09-06 00:54:40.318  INFO 83515 --- [onPool-worker-2] com.example.fljavagateway.EventListener  : 
<-- Chaincode event received: MODEL_SECRET_ADDED_EVENT - {
  "modelId": "93336",
  "round": 0,
  "datasetSize": 30000
}
2022-09-06 00:54:40.566  INFO 83515 --- [nio-8080-exec-5] com.example.fljavagateway.BlockchainBl   : addModelSecret modelId: 93336 datasetSize: 30000
2022-09-06 00:54:41.911  INFO 83515 --- [onPool-worker-2] com.example.fljavagateway.EventListener  : 
<-- Chaincode event received: MODEL_SECRET_ADDED_EVENT - {
  "modelId": "93336",
  "round": 0,
  "datasetSize": 30000
}
2022-09-06 00:54:42.676  INFO 83515 --- [onPool-worker-2] com.example.fljavagateway.EventListener  : 
<-- Chaincode event received: MODEL_SECRET_ADDED_EVENT - {
  "modelId": "93336",
  "round": 0,
  "datasetSize": 30000
}
2022-09-06 00:54:43.958  INFO 83515 --- [onPool-worker-2] com.example.fljavagateway.EventListener  : 
<-- Chaincode event received: MODEL_SECRET_ADDED_EVENT - {
  "modelId": "93336",
  "round": 0,
  "datasetSize": 30000
}
2022-09-06 00:54:52.405  INFO 83515 --- [onPool-worker-2] com.example.fljavagateway.EventListener  : 
<-- Chaincode event received: AGGREGATED_SECRET_ADDED_EVENT - {
  "modelId": "93336",
  "round": 0
}
2022-09-06 00:54:52.792  INFO 83515 --- [onPool-worker-2] com.example.fljavagateway.EventListener  : 
<-- Chaincode event received: AGGREGATED_SECRET_ADDED_EVENT - {
  "modelId": "93336",
  "round": 0
}
2022-09-06 00:55:09.569  INFO 83515 --- [onPool-worker-2] com.example.fljavagateway.EventListener  : 
<-- Chaincode event received: ROUND_FINISHED_EVENT - {
  "modelId": "93336",
  "name": "model1",
  "clientsPerRound": 2,
  "secretsPerClient": 2,
  "status": "started",
  "trainingRounds": 10,
  "currentRound": 0
}
2022-09-06 00:55:52.347  INFO 83515 --- [nio-8080-exec-1] com.example.fljavagateway.BlockchainBl   : addModelSecret modelId: 93336 datasetSize: 30000
2022-09-06 00:55:52.535  INFO 83515 --- [onPool-worker-2] com.example.fljavagateway.EventListener  : 
<-- Chaincode event received: MODEL_SECRET_ADDED_EVENT - {
  "modelId": "93336",
  "round": 1,
  "datasetSize": 30000
}
2022-09-06 00:55:53.403  INFO 83515 --- [onPool-worker-2] com.example.fljavagateway.EventListener  : 
<-- Chaincode event received: MODEL_SECRET_ADDED_EVENT - {
  "modelId": "93336",
  "round": 1,
  "datasetSize": 30000
}
2022-09-06 00:55:53.539  INFO 83515 --- [onPool-worker-2] com.example.fljavagateway.EventListener  : 
<-- Chaincode event received: MODEL_SECRET_ADDED_EVENT - {
  "modelId": "93336",
  "round": 1,
  "datasetSize": 30000
}
2022-09-06 00:55:54.516  INFO 83515 --- [onPool-worker-2] com.example.fljavagateway.EventListener  : 
<-- Chaincode event received: MODEL_SECRET_ADDED_EVENT - {
  "modelId": "93336",
  "round": 1,
  "datasetSize": 30000
}
2022-09-06 00:56:03.952  INFO 83515 --- [onPool-worker-2] com.example.fljavagateway.EventListener  : 
<-- Chaincode event received: AGGREGATED_SECRET_ADDED_EVENT - {
  "modelId": "93336",
  "round": 1
}
2022-09-06 00:56:04.087  INFO 83515 --- [onPool-worker-2] com.example.fljavagateway.EventListener  : 
<-- Chaincode event received: AGGREGATED_SECRET_ADDED_EVENT - {
  "modelId": "93336",
  "round": 1
}
2022-09-06 00:56:20.880  INFO 83515 --- [onPool-worker-2] com.example.fljavagateway.EventListener  : 
<-- Chaincode event received: ROUND_FINISHED_EVENT - {
  "modelId": "93336",
  "name": "model1",
  "clientsPerRound": 2,
  "secretsPerClient": 2,
  "status": "started",
  "trainingRounds": 10,
  "currentRound": 1
}
2022-09-06 00:56:58.443  INFO 83515 --- [nio-8080-exec-9] com.example.fljavagateway.BlockchainBl   : addModelSecret modelId: 93336 datasetSize: 30000
2022-09-06 00:56:59.273  INFO 83515 --- [onPool-worker-2] com.example.fljavagateway.EventListener  : 
<-- Chaincode event received: MODEL_SECRET_ADDED_EVENT - {
  "modelId": "93336",
  "round": 2,
  "datasetSize": 30000
}
2022-09-06 00:56:59.479  INFO 83515 --- [onPool-worker-2] com.example.fljavagateway.EventListener  : 
<-- Chaincode event received: MODEL_SECRET_ADDED_EVENT - {
  "modelId": "93336",
  "round": 2,
  "datasetSize": 30000
}
2022-09-06 00:56:59.942  INFO 83515 --- [onPool-worker-2] com.example.fljavagateway.EventListener  : 
<-- Chaincode event received: MODEL_SECRET_ADDED_EVENT - {
  "modelId": "93336",
  "round": 2,
  "datasetSize": 30000
}
2022-09-06 00:57:00.182  INFO 83515 --- [onPool-worker-2] com.example.fljavagateway.EventListener  : 
<-- Chaincode event received: MODEL_SECRET_ADDED_EVENT - {
  "modelId": "93336",
  "round": 2,
  "datasetSize": 30000
}
2022-09-06 00:57:10.504  INFO 83515 --- [onPool-worker-2] com.example.fljavagateway.EventListener  : 
<-- Chaincode event received: AGGREGATED_SECRET_ADDED_EVENT - {
  "modelId": "93336",
  "round": 2
}
2022-09-06 00:57:10.649  INFO 83515 --- [onPool-worker-2] com.example.fljavagateway.EventListener  : 
<-- Chaincode event received: AGGREGATED_SECRET_ADDED_EVENT - {
  "modelId": "93336",
  "round": 2
}
2022-09-06 00:57:27.399  INFO 83515 --- [onPool-worker-2] com.example.fljavagateway.EventListener  : 
<-- Chaincode event received: ROUND_FINISHED_EVENT - {
  "modelId": "93336",
  "name": "model1",
  "clientsPerRound": 2,
  "secretsPerClient": 2,
  "status": "started",
  "trainingRounds": 10,
  "currentRound": 2
}
2022-09-06 00:58:05.542  INFO 83515 --- [nio-8080-exec-4] com.example.fljavagateway.BlockchainBl   : addModelSecret modelId: 93336 datasetSize: 30000
2022-09-06 00:58:06.544  INFO 83515 --- [onPool-worker-2] com.example.fljavagateway.EventListener  : 
<-- Chaincode event received: MODEL_SECRET_ADDED_EVENT - {
  "modelId": "93336",
  "round": 3,
  "datasetSize": 30000
}
2022-09-06 00:58:07.166  INFO 83515 --- [onPool-worker-2] com.example.fljavagateway.EventListener  : 
<-- Chaincode event received: MODEL_SECRET_ADDED_EVENT - {
  "modelId": "93336",
  "round": 3,
  "datasetSize": 30000
}
2022-09-06 00:58:07.379  INFO 83515 --- [onPool-worker-2] com.example.fljavagateway.EventListener  : 
<-- Chaincode event received: MODEL_SECRET_ADDED_EVENT - {
  "modelId": "93336",
  "round": 3,
  "datasetSize": 30000
}
2022-09-06 00:58:08.019  INFO 83515 --- [onPool-worker-2] com.example.fljavagateway.EventListener  : 
<-- Chaincode event received: MODEL_SECRET_ADDED_EVENT - {
  "modelId": "93336",
  "round": 3,
  "datasetSize": 30000
}
2022-09-06 00:58:17.726  INFO 83515 --- [onPool-worker-2] com.example.fljavagateway.EventListener  : 
<-- Chaincode event received: AGGREGATED_SECRET_ADDED_EVENT - {
  "modelId": "93336",
  "round": 3
}
2022-09-06 00:58:18.258  INFO 83515 --- [onPool-worker-2] com.example.fljavagateway.EventListener  : 
<-- Chaincode event received: AGGREGATED_SECRET_ADDED_EVENT - {
  "modelId": "93336",
  "round": 3
}
2022-09-06 00:58:33.994  INFO 83515 --- [onPool-worker-2] com.example.fljavagateway.EventListener  : 
<-- Chaincode event received: ROUND_FINISHED_EVENT - {
  "modelId": "93336",
  "name": "model1",
  "clientsPerRound": 2,
  "secretsPerClient": 2,
  "status": "started",
  "trainingRounds": 10,
  "currentRound": 3
}
2022-09-06 00:59:09.106  INFO 83515 --- [io-8080-exec-10] com.example.fljavagateway.BlockchainBl   : addModelSecret modelId: 93336 datasetSize: 30000
2022-09-06 00:59:09.881  INFO 83515 --- [onPool-worker-2] com.example.fljavagateway.EventListener  : 
<-- Chaincode event received: MODEL_SECRET_ADDED_EVENT - {
  "modelId": "93336",
  "round": 4,
  "datasetSize": 30000
}
2022-09-06 00:59:11.019  INFO 83515 --- [onPool-worker-2] com.example.fljavagateway.EventListener  : 
<-- Chaincode event received: MODEL_SECRET_ADDED_EVENT - {
  "modelId": "93336",
  "round": 4,
  "datasetSize": 30000
}
2022-09-06 00:59:12.086  INFO 83515 --- [onPool-worker-2] com.example.fljavagateway.EventListener  : 
<-- Chaincode event received: MODEL_SECRET_ADDED_EVENT - {
  "modelId": "93336",
  "round": 4,
  "datasetSize": 30000
}
2022-09-06 00:59:12.490  INFO 83515 --- [onPool-worker-2] com.example.fljavagateway.EventListener  : 
<-- Chaincode event received: MODEL_SECRET_ADDED_EVENT - {
  "modelId": "93336",
  "round": 4,
  "datasetSize": 30000
}
2022-09-06 00:59:21.202  INFO 83515 --- [onPool-worker-2] com.example.fljavagateway.EventListener  : 
<-- Chaincode event received: AGGREGATED_SECRET_ADDED_EVENT - {
  "modelId": "93336",
  "round": 4
}
2022-09-06 00:59:22.049  INFO 83515 --- [onPool-worker-2] com.example.fljavagateway.EventListener  : 
<-- Chaincode event received: AGGREGATED_SECRET_ADDED_EVENT - {
  "modelId": "93336",
  "round": 4
}
2022-09-06 00:59:37.625  INFO 83515 --- [onPool-worker-2] com.example.fljavagateway.EventListener  : 
<-- Chaincode event received: ROUND_FINISHED_EVENT - {
  "modelId": "93336",
  "name": "model1",
  "clientsPerRound": 2,
  "secretsPerClient": 2,
  "status": "started",
  "trainingRounds": 10,
  "currentRound": 4
}
2022-09-06 01:01:06.042  INFO 83515 --- [nio-8080-exec-6] com.example.fljavagateway.BlockchainBl   : addModelSecret modelId: 93336 datasetSize: 30000
2022-09-06 01:01:06.538  INFO 83515 --- [onPool-worker-2] com.example.fljavagateway.EventListener  : 
<-- Chaincode event received: MODEL_SECRET_ADDED_EVENT - {
  "modelId": "93336",
  "round": 5,
  "datasetSize": 30000
}
2022-09-06 01:01:07.288  INFO 83515 --- [onPool-worker-2] com.example.fljavagateway.EventListener  : 
<-- Chaincode event received: MODEL_SECRET_ADDED_EVENT - {
  "modelId": "93336",
  "round": 5,
  "datasetSize": 30000
}
2022-09-06 01:01:07.407  INFO 83515 --- [onPool-worker-2] com.example.fljavagateway.EventListener  : 
<-- Chaincode event received: MODEL_SECRET_ADDED_EVENT - {
  "modelId": "93336",
  "round": 5,
  "datasetSize": 30000
}
2022-09-06 01:01:07.916  INFO 83515 --- [onPool-worker-2] com.example.fljavagateway.EventListener  : 
<-- Chaincode event received: MODEL_SECRET_ADDED_EVENT - {
  "modelId": "93336",
  "round": 5,
  "datasetSize": 30000
}
2022-09-06 01:01:17.876  INFO 83515 --- [onPool-worker-2] com.example.fljavagateway.EventListener  : 
<-- Chaincode event received: AGGREGATED_SECRET_ADDED_EVENT - {
  "modelId": "93336",
  "round": 5
}
2022-09-06 01:01:18.020  INFO 83515 --- [onPool-worker-2] com.example.fljavagateway.EventListener  : 
<-- Chaincode event received: AGGREGATED_SECRET_ADDED_EVENT - {
  "modelId": "93336",
  "round": 5
}
2022-09-06 01:01:34.070  INFO 83515 --- [onPool-worker-2] com.example.fljavagateway.EventListener  : 
<-- Chaincode event received: ROUND_FINISHED_EVENT - {
  "modelId": "93336",
  "name": "model1",
  "clientsPerRound": 2,
  "secretsPerClient": 2,
  "status": "started",
  "trainingRounds": 10,
  "currentRound": 5
}
2022-09-06 01:02:06.184  INFO 83515 --- [nio-8080-exec-6] com.example.fljavagateway.BlockchainBl   : addModelSecret modelId: 93336 datasetSize: 30000
2022-09-06 01:02:06.613  INFO 83515 --- [onPool-worker-2] com.example.fljavagateway.EventListener  : 
<-- Chaincode event received: MODEL_SECRET_ADDED_EVENT - {
  "modelId": "93336",
  "round": 6,
  "datasetSize": 30000
}
2022-09-06 01:02:06.798  INFO 83515 --- [onPool-worker-2] com.example.fljavagateway.EventListener  : 
<-- Chaincode event received: MODEL_SECRET_ADDED_EVENT - {
  "modelId": "93336",
  "round": 6,
  "datasetSize": 30000
}
2022-09-06 01:02:07.409  INFO 83515 --- [onPool-worker-2] com.example.fljavagateway.EventListener  : 
<-- Chaincode event received: MODEL_SECRET_ADDED_EVENT - {
  "modelId": "93336",
  "round": 6,
  "datasetSize": 30000
}
2022-09-06 01:02:07.524  INFO 83515 --- [onPool-worker-2] com.example.fljavagateway.EventListener  : 
<-- Chaincode event received: MODEL_SECRET_ADDED_EVENT - {
  "modelId": "93336",
  "round": 6,
  "datasetSize": 30000
}
2022-09-06 01:02:17.885  INFO 83515 --- [onPool-worker-2] com.example.fljavagateway.EventListener  : 
<-- Chaincode event received: AGGREGATED_SECRET_ADDED_EVENT - {
  "modelId": "93336",
  "round": 6
}
2022-09-06 01:02:18.006  INFO 83515 --- [onPool-worker-2] com.example.fljavagateway.EventListener  : 
<-- Chaincode event received: AGGREGATED_SECRET_ADDED_EVENT - {
  "modelId": "93336",
  "round": 6
}
2022-09-06 01:02:34.129  INFO 83515 --- [onPool-worker-2] com.example.fljavagateway.EventListener  : 
<-- Chaincode event received: ROUND_FINISHED_EVENT - {
  "modelId": "93336",
  "name": "model1",
  "clientsPerRound": 2,
  "secretsPerClient": 2,
  "status": "started",
  "trainingRounds": 10,
  "currentRound": 6
}
2022-09-06 01:03:09.380  INFO 83515 --- [nio-8080-exec-6] com.example.fljavagateway.BlockchainBl   : addModelSecret modelId: 93336 datasetSize: 30000
2022-09-06 01:03:09.901  INFO 83515 --- [onPool-worker-2] com.example.fljavagateway.EventListener  : 
<-- Chaincode event received: MODEL_SECRET_ADDED_EVENT - {
  "modelId": "93336",
  "round": 7,
  "datasetSize": 30000
}
2022-09-06 01:03:10.019  INFO 83515 --- [onPool-worker-2] com.example.fljavagateway.EventListener  : 
<-- Chaincode event received: MODEL_SECRET_ADDED_EVENT - {
  "modelId": "93336",
  "round": 7,
  "datasetSize": 30000
}
2022-09-06 01:03:10.435  INFO 83515 --- [onPool-worker-2] com.example.fljavagateway.EventListener  : 
<-- Chaincode event received: MODEL_SECRET_ADDED_EVENT - {
  "modelId": "93336",
  "round": 7,
  "datasetSize": 30000
}
2022-09-06 01:03:10.537  INFO 83515 --- [onPool-worker-2] com.example.fljavagateway.EventListener  : 
<-- Chaincode event received: MODEL_SECRET_ADDED_EVENT - {
  "modelId": "93336",
  "round": 7,
  "datasetSize": 30000
}
2022-09-06 01:03:21.257  INFO 83515 --- [onPool-worker-2] com.example.fljavagateway.EventListener  : 
<-- Chaincode event received: AGGREGATED_SECRET_ADDED_EVENT - {
  "modelId": "93336",
  "round": 7
}
2022-09-06 01:03:21.385  INFO 83515 --- [onPool-worker-2] com.example.fljavagateway.EventListener  : 
<-- Chaincode event received: AGGREGATED_SECRET_ADDED_EVENT - {
  "modelId": "93336",
  "round": 7
}
2022-09-06 01:03:37.443  INFO 83515 --- [onPool-worker-2] com.example.fljavagateway.EventListener  : 
<-- Chaincode event received: ROUND_FINISHED_EVENT - {
  "modelId": "93336",
  "name": "model1",
  "clientsPerRound": 2,
  "secretsPerClient": 2,
  "status": "started",
  "trainingRounds": 10,
  "currentRound": 7
}
2022-09-06 01:04:14.504  INFO 83515 --- [nio-8080-exec-7] com.example.fljavagateway.BlockchainBl   : addModelSecret modelId: 93336 datasetSize: 30000
2022-09-06 01:04:15.045  INFO 83515 --- [onPool-worker-2] com.example.fljavagateway.EventListener  : 
<-- Chaincode event received: MODEL_SECRET_ADDED_EVENT - {
  "modelId": "93336",
  "round": 8,
  "datasetSize": 30000
}
2022-09-06 01:04:15.215  INFO 83515 --- [onPool-worker-2] com.example.fljavagateway.EventListener  : 
<-- Chaincode event received: MODEL_SECRET_ADDED_EVENT - {
  "modelId": "93336",
  "round": 8,
  "datasetSize": 30000
}
2022-09-06 01:04:15.603  INFO 83515 --- [onPool-worker-2] com.example.fljavagateway.EventListener  : 
<-- Chaincode event received: MODEL_SECRET_ADDED_EVENT - {
  "modelId": "93336",
  "round": 8,
  "datasetSize": 30000
}
2022-09-06 01:04:15.788  INFO 83515 --- [onPool-worker-2] com.example.fljavagateway.EventListener  : 
<-- Chaincode event received: MODEL_SECRET_ADDED_EVENT - {
  "modelId": "93336",
  "round": 8,
  "datasetSize": 30000
}
2022-09-06 01:04:26.262  INFO 83515 --- [onPool-worker-2] com.example.fljavagateway.EventListener  : 
<-- Chaincode event received: AGGREGATED_SECRET_ADDED_EVENT - {
  "modelId": "93336",
  "round": 8
}
2022-09-06 01:04:26.417  INFO 83515 --- [onPool-worker-2] com.example.fljavagateway.EventListener  : 
<-- Chaincode event received: AGGREGATED_SECRET_ADDED_EVENT - {
  "modelId": "93336",
  "round": 8
}
2022-09-06 01:04:42.315  INFO 83515 --- [onPool-worker-2] com.example.fljavagateway.EventListener  : 
<-- Chaincode event received: ROUND_FINISHED_EVENT - {
  "modelId": "93336",
  "name": "model1",
  "clientsPerRound": 2,
  "secretsPerClient": 2,
  "status": "started",
  "trainingRounds": 10,
  "currentRound": 8
}
2022-09-06 01:05:18.351  INFO 83515 --- [nio-8080-exec-8] com.example.fljavagateway.BlockchainBl   : addModelSecret modelId: 93336 datasetSize: 30000
2022-09-06 01:05:18.644  INFO 83515 --- [onPool-worker-2] com.example.fljavagateway.EventListener  : 
<-- Chaincode event received: MODEL_SECRET_ADDED_EVENT - {
  "modelId": "93336",
  "round": 9,
  "datasetSize": 30000
}
2022-09-06 01:05:18.980  INFO 83515 --- [onPool-worker-2] com.example.fljavagateway.EventListener  : 
<-- Chaincode event received: MODEL_SECRET_ADDED_EVENT - {
  "modelId": "93336",
  "round": 9,
  "datasetSize": 30000
}
2022-09-06 01:05:19.191  INFO 83515 --- [onPool-worker-2] com.example.fljavagateway.EventListener  : 
<-- Chaincode event received: MODEL_SECRET_ADDED_EVENT - {
  "modelId": "93336",
  "round": 9,
  "datasetSize": 30000
}
2022-09-06 01:05:19.728  INFO 83515 --- [onPool-worker-2] com.example.fljavagateway.EventListener  : 
<-- Chaincode event received: MODEL_SECRET_ADDED_EVENT - {
  "modelId": "93336",
  "round": 9,
  "datasetSize": 30000
}
2022-09-06 01:05:29.725  INFO 83515 --- [onPool-worker-2] com.example.fljavagateway.EventListener  : 
<-- Chaincode event received: AGGREGATED_SECRET_ADDED_EVENT - {
  "modelId": "93336",
  "round": 9
}
2022-09-06 01:05:29.860  INFO 83515 --- [onPool-worker-2] com.example.fljavagateway.EventListener  : 
<-- Chaincode event received: AGGREGATED_SECRET_ADDED_EVENT - {
  "modelId": "93336",
  "round": 9
}
2022-09-06 01:05:45.852  INFO 83515 --- [onPool-worker-2] com.example.fljavagateway.EventListener  : 
<-- Chaincode event received: ROUND_FINISHED_EVENT - {
  "modelId": "93336",
  "name": "model1",
  "clientsPerRound": 2,
  "secretsPerClient": 2,
  "status": "started",
  "trainingRounds": 10,
  "currentRound": 9
}
2022-09-06 01:06:20.667  INFO 83515 --- [nio-8080-exec-9] com.example.fljavagateway.BlockchainBl   : addModelSecret modelId: 93336 datasetSize: 30000
2022-09-06 01:06:21.168  INFO 83515 --- [onPool-worker-2] com.example.fljavagateway.EventListener  : 
<-- Chaincode event received: MODEL_SECRET_ADDED_EVENT - {
  "modelId": "93336",
  "round": 10,
  "datasetSize": 30000
}
2022-09-06 01:06:21.368  INFO 83515 --- [onPool-worker-2] com.example.fljavagateway.EventListener  : 
<-- Chaincode event received: MODEL_SECRET_ADDED_EVENT - {
  "modelId": "93336",
  "round": 10,
  "datasetSize": 30000
}
2022-09-06 01:06:21.831  INFO 83515 --- [onPool-worker-2] com.example.fljavagateway.EventListener  : 
<-- Chaincode event received: MODEL_SECRET_ADDED_EVENT - {
  "modelId": "93336",
  "round": 10,
  "datasetSize": 30000
}
2022-09-06 01:06:22.028  INFO 83515 --- [onPool-worker-2] com.example.fljavagateway.EventListener  : 
<-- Chaincode event received: MODEL_SECRET_ADDED_EVENT - {
  "modelId": "93336",
  "round": 10,
  "datasetSize": 30000
}
2022-09-06 01:06:32.279  INFO 83515 --- [onPool-worker-2] com.example.fljavagateway.EventListener  : 
<-- Chaincode event received: AGGREGATED_SECRET_ADDED_EVENT - {
  "modelId": "93336",
  "round": 10
}
2022-09-06 01:06:32.430  INFO 83515 --- [onPool-worker-2] com.example.fljavagateway.EventListener  : 
<-- Chaincode event received: AGGREGATED_SECRET_ADDED_EVENT - {
  "modelId": "93336",
  "round": 10
}
2022-09-06 01:06:48.825  INFO 83515 --- [onPool-worker-2] com.example.fljavagateway.EventListener  : 
<-- Chaincode event received: TRAINING_FINISHED_EVENT - {
  "modelId": "93336",
  "name": "model1",
  "clientsPerRound": 2,
  "secretsPerClient": 2,
  "status": "started",
  "trainingRounds": 10,
  "currentRound": 10
}
